0
vacacy   n.空缺，空位   0   0
vacant   adj.空的，闲置的   0   0
vacation   n.假期   0   0
vaccinate   v.接种疫苗   0   0
vaccination   n.接种   0   0
vacuum   n.真空   0   0
vague   adj.含糊的，不清楚的   0   0
vain   adj.徒然的，自负的   0   0
vainly   adv.徒劳地   0   0
valian   n.坏蛋   0   0
valid   adj.正当的，有效的   0   0
validity   n.有效，确实   0   0
valley   n.山谷   0   0
valuable   adj.宝贵的，有价值的   0   0
value   n.价值 v.评价，估价   0   0
valued   adj.宝贵的   0   0
valve   n.阀门   0   0
van   n.小货车，面包车   0   0
vanish   v.消失，消散   0   0
vanity   n.虚荣心，浮华   0   0
vapor   n.水汽，蒸汽   0   0
variable   adj.可变的 n.变量   0   0
variance   n.分歧，不一致   0   0
variant   adj.不同的，不一致的   0   0
variation   n.变化，变更   0   0
varied   adj.不同的   0   0
variety   n.多样(性)，品种   0   0
various   adj.各种各样的   0   0
varnish   n.清漆   0   0
vary   v.变化，使多样化   0   0
vase   n.花瓶   0   0
vast   adj.巨大的，宏大的   0   0
vault   n.拱顶   0   0
vegetable   n.蔬菜，植物   0   0
vehicle   n.运载工具   0   0
veil   n.面纱，账，托辞   0   0
vein   n.静脉，矿脉，脉   0   0
velocity   n.速度，速率   0   0
velvet   n.丝绒 adj.柔软的   0   0
vender   n.商贩   0   0
vengeance   n.报复，复仇   0   0
ventilate   v.换气，自由讨论   0   0
ventilation   n.通风   0   0
venture   n.,v.冒险   0   0
venus   n.金星   0   0
verb   n.动词   0   0
verbal   adj.文字的，口头的   0   0
verge   n.边缘，界限   0   0
verification   n.检验   0   0
verify   v.检验，证实   0   0
versatile   adj.多才多艺的   0   0
verse   n.诗，韵文   0   0
version   n.译文，译本，看法   0   0
versus   prep.对   0   0
vertical   adj.垂直的   0   0
very   adv.很，非常   0   0
vessel   n.船只，容器，血管   0   0
vest   n.背心，汗衫   0   0
veteran   n.老手，老兵   0   0
veto   v.,n.否决(权)   0   0
vex   v.使烦恼   0   0
via   prep.经由，取道   0   0
vibrate   v.振动，战栗   0   0
vibration   n.振动，颤动   0   0
vice   n.坏事，恶习   0   0
vicinity   n.邻近，附近，接近   0   0
vicious   adj.邪恶的，不道德的   0   0
victim   n.受害者   0   0
victorious   adj.胜利的，成功的   0   0
victory   n.胜利   0   0
video   adj.电视的，视频的   0   0
view   n.视域，景色，见解   0   0
viewer   n.观察者，电视观众   0   0
viewpoint   n.观点，看法   0   0
vigor   n.活动，精力，元气   0   0
vigorous   adj.精力旺盛的   0   0
villa   n.别墅   0   0
village   n.村庄   0   0
villain   n.坏蛋   0   0
vine   n.藤，葡萄树   0   0
vinegar   n.醋   0   0
violate   v.违犯，违背   0   0
violation   n.违犯，侵犯   0   0
violence   n.猛烈，暴力，暴行   0   0
violent   adj.猛烈的，暴力的   0   0
violet   n.紫罗兰，紫色   0   0
violin   n.小提琴   0   0
virgin   adj.处女的 n.处女   0   0
virtual   adj.实质上的   0   0
virtually   adj.几乎，差不多   0   0
virtue   n.善，美德，优点   0   0
virus   n.病毒   0   0
visa   n.签证   0   0
viscous   adj.粘的   0   0
visible   adj.看得见的   0   0
vision   n.视觉，视力，想象力   0   0
visit   v.,n.访问，参观   0   0
visitor   n.客人，来宾，来访者   0   0
visual   adj.视觉的   0   0
vital   adj.必不可少的   0   0
vitamin   n.维生素   0   0
vivid   adj.鲜艳的   0   0
vividly   adv.生动地   0   0
vividness   n.生动(性)   0   0
vocabulary   n.词汇，词汇表、量   0   0
vocation   n.职业   0   0
vogue   n.时尚，时髦   0   0
voice   n.声音，嗓音 v.吐露   0   0
voiceless   adj.无声的   0   0
void   adj.空的，无效的   0   0
volcano   n.火山   0   0
volley   n.,v.齐射   0   0
volleyball   n.排球   0   0
volt   n.伏特   0   0
voltage   n.电压   0   0
volume   n.卷，册，量，体积   0   0
voluntary   adj.自愿的，志愿的   0   0
volunteer   n.志愿者 v.志愿   0   0
vote   n.投票(权)，得票数   0   0
voter   n.投票人，选举人   0   0
voting   adj.有投票权的   0   0
vouch   v.担保   0   0
voucher   n.凭证，收据   0   0
vow   v.,n.许愿，发誓   0   0
vowel   n.元音   0   0
voyage   n.,v.航行   0   0
vulgar   adj.低级趣味的   0   0
vulnerability   n.易损性   0   0
vulnerable   adj.晚受损害的   0   0
