1
cab   n.出租汽车   0   1
cabbage   n.卷心菜；圆白菜   0   0
cabin   n.小屋，船舱   0   0
cabinet   n.橱柜，内阁   0   0
cable   n.电缆，海底电报   0   0
cafe   n.咖啡馆   0   0
cafeteria   n.自助餐厅   0   0
cage   n.笼子，鸟笼   0   0
cake   n.糕，饼   0   0
calculate   v.计算，估计   0   0
calculation   n.计算(结果)   0   0
calculus   n.微积分   0   0
calendar   n.日历   0   0
calf   n.小牛，腿肚子   0   0
calibration   n.刻度，核定   0   0
call   v.叫，称为，打电话   0   0
calm   adj.宁静的，镇静的   0   0
calmly   adv.平静地，沉着地   0   0
calorie   n.热卡，卡路里   0   0
camel   n.骆驼   0   0
camera   n.照相机   0   0
camp   n.帐篷，野营 n.宿营   0   0
campaign   n.战役，运动   0   0
camping   n.野营   0   0
campus   n.校园   0   0
can   v.aux.能，会，可以   0   0
canada   n.加拿大   0   0
canadian   adj.,n.加拿大的(人)   0   0
canal   n.运河，渠道   0   0
canary   n.金丝雀   0   0
cancel   v.删除，取消   0   0
cancellation   n.删除，取消   0   0
cancer   n.癌   0   0
candid   adj.坦白的，直率的   0   0
candidate   n.候选人   0   0
candle   n.蜡烛   0   0
candy   n.糖果   0   0
cane   n.手杖，(藤、竹的)茎   0   0
canned   adj.罐装的   0   0
cannon   n.大炮   0   0
canoe   n.独木舟，游艇   0   0
canon   n.规范，准则   0   0
canteen   n.食堂   0   0
canvas   n.帆布，画布   0   0
canvass   v.游说   0   0
cap   n.帽子，盖子 v.覆盖   0   0
capability   n.才能，能力   0   0
capable   adj.有能力的   0   0
capacity   n.容量，容积，资格   0   0
cape   n.披肩，岬，海角   0   0
capita   n.人   0   0
capital   n.首都，资本   0   0
capital-intensive   adj.资本密集型的   0   0
capitalism   n.资本主义   0   0
capitalist   adj.资本主义的   0   0
capitalization   n.资本化   0   0
capitalize   v.大写，资本化   0   0
captain   n.队长，船长，上尉   0   0
caption   n.标题   0   0
captive   adj.被俘虏的 n.俘虏   0   0
capture   v.,n.俘获，捉拿   0   0
car   n.小汽车   0   0
caravan   n.车队，大蓬车   0   0
carbon   n.碳，复写纸   0   0
card   n.卡片，纸牌，名片   0   0
cardboard   n.硬纸板   0   0
cardinal   adj.主要的   0   0
care   n.注意，小心 v.关心   0   0
career   n.职业，生涯   0   0
careful   adj.小心的，仔细的   0   0
careless   adj.粗心的，不关心的   0   0
carelessness   n.粗心   0   0
cargo   n.货物   0   0
carol   n.颂歌   0   0
carpenter   n.木匠   0   0
carpet   n.地毯   0   0
carriage   n.马车，(火车)车厢   0   0
carrier   n.运载工具，媒介   0   0
carrot   n.胡萝卜   0   0
carry   v.搬运，携带   0   0
cart   n.手推车   0   0
carton   n.纸箱   0   0
cartoon   n.漫画，动画片   0   0
cartridge   n.弹仓   0   0
carve   v.雕刻，切   0   0
carving   n.雕塑   0   0
case   n.事实，案例，箱子   0   0
cash   n.现金 v.兑现   0   0
cashier   n.出纳   0   0
cassette   n.小盒，磁盘盒   0   0
cast   v.掷，投射，铸造   0   0
castle   n.城堡   0   0
casual   adj.偶然的，随便的   0   0
casualty   n.伤亡   0   0
cat   n.猫   0   0
catalog   n.(商品)目录   0   0
catastrophe   n.灾难   0   0
catalyst   n.催化剂   0   0
catch   v.捕获，染病 n.捉   0   0
category   n.种类，范畴   0   0
cater   v.提供   0   0
cathedral   n.大教堂   0   0
catholic   adj.天主教的   0   0
cattle   n.牛(总称)   0   0
cause   n.原因，理由，事业   0   0
caution   n.谨慎，告诫   0   0
cautious   adj.谨慎的，当心的   0   0
cavalry   n.骑兵，马术   0   0
cave   n.洞穴，山洞   0   0
cavern   n.酒馆   0   0
cavity   n.坑，孔穴   0   0
cease   v.停止，平息   0   0
ceiling   n.天花板   0   0
celebrate   v.庆祝   0   0
celebration   n.庆祝仪式   0   0
celery   n.芹菜   0   0
cell   n.细胞，牢房，电池   0   0
cellar   n.地窖，地下室   0   0
cement   n.水泥   0   0
cemetery   n.墓场   0   0
censor   v.审查   0   0
censorship   n.审查   0   0
cent   n.分币   0   0
centigrade   adj.摄氏的   0   0
centimeter   n.厘米   0   0
central   adj.中心的，中央的   0   0
center   n.中心 v.集中   0   0
century   n.世纪   0   0
cereal   n.谷物   0   0
ceremonial   adj.仪式的   0   0
ceremony   n.仪式，典礼，礼节   0   0
certain   adj.确信的，一定的   0   0
certainly   adv.一定，当然，行   0   0
certainty   n.确实，必然的事   0   0
certificate   n.证书，执照   0   0
certification   n.证明   0   0
certify   v.证明   0   0
chain   n.链条，一系列，锁链   0   0
chair   n.椅子   0   0
chairman   n.主席，董事长   0   0
chairperson   n.主席(无性别之分)   0   0
chairwoman   n.女主席，女董事长   0   0
chalk   n.白垩，粉笔   0   0
challenge   n.,v.挑战，质问   0   0
challenging   adj.具有挑战性的   0   0
chamber   n.房间   0   0
champion   n.优胜者，冠军   0   0
championship   n.锦标(赛)   0   0
chance   n.机会，可能性   0   0
change   n.变化，零钱 v.改变   0   0
changeable   adj.变化的   0   0
channel   n.沟渠，途径，频道   0   0
chaos   n.混乱   0   0
chap   n.伙计   0   0
chapter   n.章，节   0   0
character   n.性格，角色，特牲   0   0
characteristic   n.特征，特性   0   0
characteristical   adj....特征的   0   0
characterize   v.具有...特征   0   0
charcoal   n.木炭   0   0
charge   v.收费，冲向，控告   0   0
charity   n.施舍，仁慈   0   0
charm   n.魅力 v.迷惑   0   0
charming   adj.迷人的   0   0
chart   n.图表 v.制定计划   0   0
charter   n.特许证，宪章   0   0
chase   v.追逐，驱除   0   0
chat   v.聊天   0   0
chatter   v.喋喋不休，啁啾   0   0
cheap   adj.便宜的，可鄙的   0   0
cheat   v.欺骗，作弊 n.骗子   0   0
cheating   n.欺骗行为   0   0
check   v.检验，核对 n.支票   0   0
check-out   n.结帐，离店时限   0   0
check-up   n.核对，检查   0   0
cheek   n.颊，脸   0   0
cheeky   adj.胖乎乎的   0   0
cheer   n.喝彩 v.向...喝彩   0   0
cheerful   adj.快活的   0   0
cheese   n.干酪，奶酪   0   0
chemical   adj.化学的   0   0
chemist   n.化学家，药剂师   0   0
chemistry   n.化学   0   0
cheque   n.支票   0   0
cherish   v.珍爱，怀有   0   0
cherry   n.樱桃   0   0
chess   n.国际象棋   0   0
chest   n.胸膛，柜子   0   0
chestnut   n.栗树，栗子   0   0
chew   v.咀嚼   0   0
chick   n.小鸡   0   0
chicken   n.鸡，鸡肉   0   0
chief   adj.首席的，首要的   0   0
chiefly   adv.多半，首要地   0   0
child   n.孩子，儿童   0   0
childhood   n.童年   0   0
childish   adj.孩子气的   0   0
childlike   adj.孩子似的，天真的   0   0
chill   n.寒意 v.冷却   0   0
chilly   adj.凉的，冷淡的   0   0
chimney   n.烟囱   0   0
chin   n.下巴，下颊   0   0
china   n.中国   0   0
china   n.瓷器，陶瓷   0   0
chinese   adj.,n.中国的   0   0
chip   n.片，屑，缺口   0   0
chocolate   n.巧克力   0   0
choice   n.选择，选中的人或物   0   0
choke   v.闷死，窒息，阻塞   0   0
choose   v.选择，愿意   0   0
chop   v.劈，剁 n.带骨肉   0   0
chorus   n.合唱队，齐声   0   0
christ   n.基督   0   0
christian   adj.基督教的n.基督徒   0   0
christianity   n.基督教(精神)   0   0
christmas   n.圣诞节   0   0
church   n.教堂   0   0
cif   n.(缩)到岸价   0   0
cigar   n.雪茄   0   0
cigarette   n.卷烟   0   0
cinema   n.电影院   0   0
circle   n.圆，果 v.画圈于   0   0
circular   adj.圆圈的   0   0
circuit   n.巡回，电路   0   0
circulate   v.循环，流通，流传   0   0
circulation   n.循环，销路，周转   0   0
circumference   n.周围，圆周   0   0
circumstance   n.情况，环境   0   0
circus   n.马戏团   0   0
cite   v.引证，举例   0   0
citizen   n.公民，市民   0   0
citizenship   n.公民权   0   0
city   n.城市   0   0
civil   adj.民用的，民事的   0   0
civilization   n.文明，民族文化   0   0
civilize   v.使...文明，开化   0   0
claim   v.要求，索赔，声称   0   0
clamp   n.夹子 v.夹紧   0   0
clap   v.排手，鼓掌   0   0
clarify   v.弄清(问题)   0   0
clarification   n.澄清   0   0
clash   v.,n.碰撞，冲突   0   0
clasp   n.扣子 v.紧握(抱)   0   0
class   n.阶级，种类，班级   0   0
classic   n.经典作品   0   0
classical   adj.经典的，古典的   0   0
classification   n.分类   0   0
classify   v.分类，分等   0   0
classmate   n.同班同学   0   0
classroom   n.教室   0   0
clatter   v.咔嗒响 n.卡嗒响   0   0
clause   n.条款，从句   0   0
claw   n.爪   0   0
clay   n.黏土   0   0
clean   adj.清洁的，干的   0   0
clear   adj.清楚的，明确的   0   0
clearance   n.结关   0   0
clearly   adv.清晰地，无疑地   0   0
clench   v.咬紧，握紧，决定   0   0
clerk   n.办事员，职员，店员   0   0
clever   adj.聪明的，灵巧的   0   0
cleverness   n.聪明，机灵   0   0
client   n.当事人，顾客，用户   0   0
clientele   n.顾客(总称)   0   0
cliff   n.悬崖，峭壁   0   0
climate   n.气候   0   0
climax   n.顶点，高潮   0   0
climb   v.爬，攀登，上升   0   0
cling   v.粘住，依附   0   0
clinic   n.诊所   0   0
clip   n.夹子，卡子 v.夹住   0   0
cloak   n.外套，借口   0   0
clock   n.时钟   0   0
clockwise   adj.,adv.顺时针的   0   0
close   v.关闭，结束 n.终结   0   0
closed   adj.关闭的，停业的   0   0
close down   n.倒闭   0   0
closely   adv.紧密地，严密地   0   0
closet   n.壁橱   0   0
cloth   n.织物，布，衣料   0   0
clothe   v.给...着衣   0   0
clothes   n.衣服(总称)   0   0
clothing   n.服装(总称)   0   0
cloud   n.云   0   0
cloudy   adj.多云的   0   0
clown   n.小丑，丑角   0   0
club   n.俱乐部，会，棍棒   0   0
clue   n.线索   0   0
clumsy   adj.笨拙的，愚蠢的   0   0
cluster   n.群，串   0   0
clutch   v.,n.抓紧   0   0
c/o   v.(缩)请转交...   0   0
coach   n.客车，教练   0   0
coal   n.煤   0   0
coarse   adj.粗糙的，粗的   0   0
coast   n.海岸，海滨   0   0
coastal   adj.沿海的   0   0
coat   n.上衣，涂层   0   0
cock   n.公鸡   0   0
cocktail   n.鸡尾酒   0   0
code   n.法规，代码，密码   0   0
codify   v.编码   0   0
coefficient   n.系数   0   0
coffee   n.咖啡   0   0
coffin   n.棺材   0   0
coherence   n.凝聚性   0   0
coherent   adj.有条理的，粘着的   0   0
cohesion   n.凝聚力，团结   0   0
cohesive   adj.有粘性的   0   0
coil   v.卷曲 n.一卷，线圈   0   0
coin   n.硬币，创造新词   0   0
coinage   v.重合，一致   0   0
coincide   n.巧合，同时发生   0   0
coincidence   adj.同时发生的   0   0
coincident   adj.冷，冷冰冰的   0   0
coldness   n.寒冷，冷淡   0   0
collaborate   v.协作，勾结   0   0
collaboration   n.协作，通敌   0   0
collapse   v.倒塌 v.坍塌   0   0
collar   n.领子   0   0
colleague   n.同事，同行   0   0
collect   v.收集，征收，聚集   0   0
collection   n.收集，收藏   0   0
collective   n.集体 adj.集体的   0   0
college   n.学院   0   0
collide   v.猛烈碰撞，冲突   0   0
collision   n.猛烈碰拉，冲突   0   0
colonel   n.上校   0   0
colonial   adj.殖民的，殖民地的   0   0
colonist   n.殖民者，移民   0   0
colonist   n.殖民主义   0   0
colony   n.殖民地   0   0
color   n.颜色，色彩，气色   0   0
color-blind   adj.色盲的   0   0
colorful   adj.色彩丰富的   0   0
colorless   adj.无色的   0   0
column   n.圆柱，栏   0   0
columnist   n.专栏作家   0   0
comb   v.梳 n.梳子   0   0
combat   v.,n.战斗，斗争   0   0
combination   n.混合，组合   0   0
combine   v.组合，化合，结合   0   0
come   v.来到，出现，发生   0   0
comedian   n.喜剧演员   0   0
comedy   n.喜剧   0   0
comfort   n.舒适，慰藉 v.安慰   0   0
comfortable   adj.舒适的，自在的   0   0
comic   adj.喜剧的，滑稽的   0   0
command   v.,n.命令，控制   0   0
commander   n.司令，指挥官   0   0
commemorate   n.纪念   0   0
commemoration   v.纪念   0   0
commence   v.开始   0   0
commend   v.称赞，推荐   0   0
commandment   n.称赞   0   0
comment   n.,v.评论   0   0
commerce   n.商业   0   0
commercial   adj.商业的，商务的   0   0
commission   n.,v.委托，委任   0   0
commit   v.委托，犯(错误)   0   0
commitment   n.责任   0   0
committee   n.委员会   0   0
commodity   n.商品   0   0
common   adj.共同的，普通的   0   0
commonly   adv.通常，平常   0   0
commonplace   adj.平凡的，平淡的   0   0
commonsense   n.常识   0   0
commonwealth   n.共同体，联邦   0   0
commune   n.公社   0   0
communicate   v.传播，通讯   0   0
communication   n.通信，通讯系统   0   0
communicative   adj.通讯的   0   0
communism   n.共产主义   0   0
communist   n.共产主义者   0   0
community   n.团体，共同体，群体   0   0
compact   adj.严密的，紧凑的   0   0
companion   n.同伴，伴侣   0   0
company   n.公司，同伴   0   0
comparable   adj.可比较的   0   0
comparative   adj.比较的，相当的   0   0
comparatively   adv.比较地   0   0
compare   v.比较，比作   0   0
comparison   n.比较   0   0
compass   n.指南针，圆规   0   0
compatible   adj.可兼容的，一致的   0   0
compel   v.强迫，逼迫   0   0
compensate   v.赔偿，补偿，酬报   0   0
compensation   n.赔偿，补偿   0   0
compete   v.竞争，比赛   0   0
competent   adj.称职的，有能力的   0   0
competition   n.竞争，比赛   0   0
competitive   adj.竞争的   0   0
competitiveness   n.竞争能力   0   0
competitor   n.竞争者，对手   0   0
compile   v.编(书)，编辑   0   0
complain   v.抱怨，控诉   0   0
complaint   n.怨言，控告   0   0
complement   n.补充，余数   0   0
complete   v.完成，结束   0   0
completely   adv.完全地，十分   0   0
completion   n.完成，完满   0   0
complex   adj.综合的，复杂的   0   0
complexity   n.复杂性   0   0
compliance   n.顺从，应允   0   0
complicate   v.使复杂   0   0
complicated   adj.错综复杂的   0   0
compliment   n.,v.称赞，问候   0   0
complimentary   adj.称赞的   0   0
comply   v.履行，遵守   0   0
component   n.成分，组分   0   0
componential   adj.成分的   0   0
compose   v.由...组成，作曲   0   0
composed   adj.镇静的   0   0
composer   n.作曲家   0   0
composite   adj.合成的，组合的   0   0
composition   n.作文，组成   0   0
compound   n.化合物 v.混合   0   0
comprehend   v.理解，了解   0   0
comprehension   n.理解   0   0
comprehensive   adj.综合的，广泛的   0   0
compress   v.压缩   0   0
compression   n.压缩，凝缩   0   0
comprise   v.包括，由...组成   0   0
compromise   n.,v.妥协，和解   0   0
compels   v.强迫   0   0
compulsory   adj.强制的，必修的   0   0
computation   n.计算   0   0
compute   v.计算   0   0
computer   n.计算机   0   0
computerization   n.计算机化   0   0
computerize   v.使...计算机化   0   0
comrade   n.同志   0   0
conceal   v.隐瞒，隐藏   0   0
concede   v.让步，输   0   0
conceit   n.自负，自大   0   0
conceited   adj.自负的   0   0
conceive   v.想象，怀孕   0   0
concentrate   v.集中，浓缩   0   0
concentrated   adj.全神贯注的   0   0
concentration   n.专心，浓度   0   0
concept   n.概念   0   0
conception   n.想法，概念   0   0
conceptive   adj.概念的   0   0
concern   v.涉及，关心 n.商行   0   0
concerned   adj.有关的   0   0
concerning   prep.关于   0   0
concert   n.音乐会   0   0
concerted   adj.齐心协力的   0   0
concess   v.让步   0   0
concession   n.让步，减免，租界   0   0
concise   adj.简明的，简要的   0   0
conclude   v.结束，缔结，断定   0   0
conclusion   n.结束，结论   0   0
conclusive   adj.结束的，结论性的   0   0
concrete   n.混凝土 adj.具体的   0   0
concur   v.同地发生   0   0
concurrence   n.合作，并发   0   0
concurrent   adj.同时发生的   0   0
condemn   v.谴责，判刑   0   0
condemnation   n.谴责，判决   0   0
condensation   n.凝聚   0   0
condense   v.凝结，冷凝，精简   0   0
condenser   n.冷凝器，聚光器   0   0
condition   n.状态，情形，条件   0   0
conditional   adj.有条件的   0   0
conduce   v.导致，有益于   0   0
conducive   adj.有助于...的   0   0
conduct   n.行为，管理 v.为人   0   0
conduction   n.传导，传热   0   0
conductor   n.(乐队)指挥，售票员   0   0
cone   n.锥体，锥形   0   0
confer   v.授予，颁布，商议   0   0
conference   n.会议   0   0
confess   v.坦白，供认   0   0
confession   n.供认，自由   0   0
confide   v.委托，吐露秘密   0   0
confidence   n.信任，信心   0   0
confident   adj.确信的，自信的   0   0
confidential   adj.机密的   0   0
confine   v.限制   0   0
confinement   n.限制   0   0
confirm   v.证实，确认，批准   0   0
confirmation   n.确认   0   0
conflict   v.,n.冲突，斗争   0   0
conform   v.遵守，使...一致   0   0
conformity   n.遵照，一致   0   0
confront   v.面对，与...相对   0   0
confrontation   n.面对，对峙   0   0
confuse   v.混淆，弄糊涂，搅乱   0   0
confusion   n.混乱，糊涂   0   0
congestion   n.阻塞，消化不良   0   0
congratulate   v.祝贺   0   0
congratulation   n.祝贺，贺辞   0   0
congress   n.(代表)大会，国会   0   0
congressman   n.国会议员   0   0
conjunction   n.连词，联结   0   0
connect   v.连接，联想   0   0
connection   n.联系，社会关系   0   0
conquer   v.征服，战胜   0   0
conqueror   n.征服者，胜利者   0   0
conquest   n.征服   0   0
conscience   n.良心，良知   0   0
conscientious   adj.有良心的   0   0
conscientiously   adv.认真地   0   0
conscious   adj.意识到的，自觉的   0   0
consciousness   n.知觉，意识   0   0
consecutive   adj.连续的，连贯的   0   0
consent   v.,n.同意，允许   0   0
consequence   n.后果，重要性   0   0
consequently   adv.因而，所以   0   0
conservation   n.保护，保存   0   0
conservative   adj.保守的，稳健的   0   0
consider   v.考虑，以为，体谅   0   0
considerable   adj.相当的，可观的   0   0
considerably   adv.相当   0   0
considerate   adj.考虑周全的   0   0
consideration   n.考虑，照顾   0   0
consign   v.委托，托运货物   0   0
consignment   n.委托，货物   0   0
consist   v.由...组成   0   0
consistency   n.一致(性)   0   0
consistent   adj.始终如一的，符合   0   0
console   v.安慰   0   0
consolidate   v.团结   0   0
consolidated   adj.加固的，统一的   0   0
consolidation   n.团结   0   0
consonant   adj.响亮的   0   0
conspicuous   adj.显眼的，出众的   0   0
conspiracy   n.阴谋   0   0
constable   adv.警官   0   0
constant   adj.不变的，恒定的   0   0
constantly   adv.经常地   0   0
constituent   adj.组成的 n.成分   0   0
constitute   v.组成，构成，设立   0   0
constitution   n.宪法，章程   0   0
constitutive   adj.宪法的，章程的   0   0
constraint   n.强制，拘束   0   0
construct   v.建设，建立   0   0
construction   n.建设，建筑   0   0
construe   v.翻译，解释   0   0
consul   n.领事   0   0
consulate   n.领事馆   0   0
consult   v.咨询，磋商   0   0
consultant   n.咨询顾问(公司)   0   0
consultation   n.咨询   0   0
consume   v.消费，消耗   0   0
consumer   n.消费者，用户   0   0
consumption   n.消费，消耗量   0   0
contact   n.,v.接触，联系   0   0
contain   v.含有，容纳，抑制   0   0
container   n.容器，集装箱   0   0
contemplate   v.沉思   0   0
contemplation   n.苦思冥想   0   0
contemporarian   n.同时代人   0   0
contemporary   adj.当代的，同时代的   0   0
contempt   n.轻视，蔑视   0   0
contemptuous   adj.轻视的   0   0
content   n.含量，内容 v.满足   0   0
contest   n.,v.争夺，比赛   0   0
contestant   n.参赛人   0   0
context   n.上下文，语境，环境   0   0
contextual   adj.上下文的，环境的   0   0
continent   adj.节制的 n.大陆   0   0
continental   adj.大陆的   0   0
contingency   n.事故，意外   0   0
continual   adj.连续的，频繁的   0   0
continuance   n.连续   0   0
continue   v.继续，连续，依旧   0   0
continuous   adj.持续的，不断的   0   0
continuously   adv.连续不断地   0   0
contract   n.契约，合同 v.订   0   0
contracted   adj.合同所规定的   0   0
contractual   adj.合同的，契约的   0   0
contradict   v.反驳，与...矛盾   0   0
contradiction   n.矛盾，反驳   0   0
contrary   adj.相反的 n.反面   0   0
contrast   n.,v.对照，对比   0   0
contribute   v.捐献，贡献，投稿   0   0
contribution   n.贡献，捐献物   0   0
control   v.,n.控制，管理   0   0
controversy   n.论战，论争   0   0
controversial   adj.有争议的   0   0
convenience   n.方便，便利   0   0
convenient   adj.便利的，方便的   0   0
convention   n.大会，协定，惯例   0   0
conventional   adj.传统的，常规的   0   0
conversant   adj.精通的，有交情的   0   0
conversation   n.会话，谈话   0   0
converse   v.谈话，对话，交往   0   0
conversely   adv.相反地   0   0
conversion   n.转变，转化，换算   0   0
convert   v.转换，改变信仰   0   0
convey   v.运输，传达   0   0
conveyance   n.运送，传达   0   0
convict   n.罪犯   0   0
conviction   n.定罪，确信   0   0
convince   v.使...确信，信服   0   0
convinced   adj.信服的   0   0
cook   v.烹调，烧 n.厨师   0   0
cooker   n.厨具，厨灶   0   0
cool   adj.凉的，冷静的   0   0
coolness   n.凉爽，冷淡   0   0
cooperate   v.合作，协作   0   0
cooperation   n.合作，协作   0   0
cooperative   adj.合作的 n.合作社   0   0
coordinate   v.协调，配合   0   0
coordination   n.协调，配合   0   0
cope   v.应付，对付   0   0
copper   n.铜   0   0
copy   v.抄写，复制 n.副本   0   0
cord   n.细绳，电线   0   0
cordial   adj.诚恳的，亲切的   0   0
cordially   adv.亲切地   0   0
core   n.核，核心   0   0
cork   n.软木塞   0   0
corn   n.谷物，玉米   0   0
corner   n.角落，拐角   0   0
corporate   n.有限公司   0   0
corporation   n.公司   0   0
correct   adj.正确的，恰当的   0   0
correction   n.修改，校正   0   0
correctly   adv.正确地   0   0
correlate   v.相关，关联   0   0
correlation   n.相互关系   0   0
correspond   v.符合，通信，相当于   0   0
correspondence   n.相应，通信   0   0
correspondent   adj.对应的 n.记者   0   0
corresponding   adj.相应的，通信的   0   0
corridor   n.走廓   0   0
corrode   v.腐蚀   0   0
corrosion   n.腐蚀   0   0
corrupt   adj.腐败的，腐化的   0   0
corruption   n.腐败，腐化   0   0
cosmetics   n.化妆品   0   0
cosmic   adj.宇宙的   0   0
cosmos   n.宇宙   0   0
cosmopolitan   n.大都市   0   0
cost   n.成本，费用 v.花费   0   0
costly   adj.昂贵的   0   0
cottage   n.村舍   0   0
cotton   n.棉花，棉布，棉纱   0   0
couch   n.躺椅   0   0
cough   v.,n.咳嗽   0   0
council   n.理事会，委员会   0   0
counsel   n.劝告，辩护律师   0   0
counsellor   n.顾问   0   0
count   v.计算，数，认为   0   0
countable   adj.可计算的   0   0
countenance   n.容貌，支持   0   0
counter   n.柜台 adj.相反的   0   0
countermand   v.撤回，取消   0   0
countermeasure   n.对策   0   0
counter-offer   n.还价，还盘   0   0
counterpart   n.同类的人或物   0   0
countersign   v.副署，会签   0   0
countersignature   n.副署，会签   0   0
countless   adj.无数的   0   0
country   n.国家，乡间，故乡   0   0
countryside   n.乡下   0   0
county   n.县，郡   0   0
couple   n.一对，几个，夫妇   0   0
courage   n.勇气，胆量   0   0
courageous   adj.勇敢的   0   0
course   n.过程，路线，课程   0   0
court   n.法庭，宫廷，球场   0   0
courteous   adj.有礼貌的   0   0
courtesy   n.礼貌，礼仪，好意   0   0
courtyard   n.院子   0   0
cousin   n.堂(或表)兄弟姐妹   0   0
cover   v.盖，掩盖 n.盖子   0   0
coverage   n.覆盖率   0   0
covering   adj.包括的   0   0
cow   n.母牛，奶牛   0   0
coward   n.懦夫   0   0
cowardly   adv.胆小地   0   0
crab   n.蟹   0   0
crack   v.使...破裂 n.裂缝   0   0
cracker   n.苏打饼干，克力架   0   0
cradle   n.摇篮，发源地   0   0
craft   n.工艺，手艺，飞机   0   0
craftsman   n.手艺人   0   0
craftsmanship   n.手艺   0   0
crane   n.鹤，起重机   0   0
crash   v.碰撞 n.坠毁   0   0
crate   n.一箱，篓，筐   0   0
crave   v.渴望，恳求   0   0
crawl   v.爬行，徐徐行进   0   0
craziness   n.疯狂   0   0
crazy   adj.疯狂的，迷恋的   0   0
cream   n.乳脂，奶油   0   0
creamy   adj.奶油的，奶黄色的   0   0
create   v.创造，创作，造成   0   0
creation   n.创造，创造物   0   0
creative   adj.有创造力(性)的   0   0
creature   n.家伙，生物   0   0
credit   n.信誉，信用 v.相信   0   0
creditworthy   adj.有信誉的   0   0
creditworthiness   n.商誉   0   0
creek   n.小川，小湾   0   0
creep   v.爬行，蔓延   0   0
crew   n.(飞机等的)全体人员   0   0
cricket   n.板球，蟋蟀   0   0
crime   n.罪，罪行   0   0
criminal   n.罪犯 adj.犯罪的   0   0
crimson   adj.,n.深红色(的)   0   0
cripple   n.跛子 v.使残废   0   0
crisis   n.危险，危险期   0   0
crisp   adj.松脆的，鲜嫩的   0   0
critic   n.评论家，爱挑剔的人   0   0
critical   adj.批评的，危急的   0   0
criticism   n.批评   0   0
criticize   v.批评，评论   0   0
crook   n.钩子   0   0
crooked   adj.弯曲的，歪的   0   0
crop   n.作物，庄稼   0   0
cross   n.十字，交叉 v.横过   0   0
crossing   n.交叉，十字路口   0   0
crossroads   n.交叉路口，十字路   0   0
crouch   v.蹲下，缩着   0   0
crow   n.乌鸦 v.鸦啼   0   0
crowd   n.人群 v.挤满   0   0
crown   n.王冠 v.加冕   0   0
crude   adj.未加工的，粗糙的   0   0
cruel   adj.残酷的，残忍的   0   0
cruelty   n.残忍，残酷行为   0   0
cruise   v.巡游，巡航   0   0
crumb   n.面包屑   0   0
crumble   adj.粉碎，崩溃   0   0
crush   v.压榨，粉碎   0   0
crust   n.面包皮，硬的表面   0   0
crutch   n.拐杖   0   0
cry   v.,n.叫喊，哭泣   0   0
crystal   n.水晶，晶体   0   0
cube   n.立方体，三次方   0   0
cubic   adj.立方的   0   0
cubism   n.立体主义   0   0
cuckoo   n.布谷鸟，杜鹃   0   0
cucumber   n.黄瓜   0   0
cultivate   v.耕作，栽培，培养   0   0
cultivation   n.耕作，培养   0   0
cultural   adj.文化的   0   0
culture   n.文化，养殖   0   0
cunning   adj.狡猾的，狡诈的   0   0
cup   n.杯子，一杯   0   0
cupboard   n.碗橱   0   0
curb   v.制止，束缚   0   0
cure   v.,n.治疗，矫正   0   0
curiosity   n.好奇心，古玩   0   0
curious   adj.好奇的，爱打听的   0   0
curl   v.卷曲，缭绕 n.卷发   0   0
curly   adj.卷曲的，波浪式的   0   0
currency   n.通货，货币   0   0
current   adj.现令的 n.流   0   0
currently   adv.当前，广泛地   0   0
curse   n.,v.诅咒，咒骂   0   0
curtail   n.削减，剥夺   0   0
curtain   n.窗帘，幕布   0   0
curve   n.曲线，弯曲   0   0
cushion   n.垫子，靠垫   0   0
custody   n.保管，监护   0   0
custom   n.风俗，习惯   0   0
customary   adj.习惯的，通常的   0   0
customer   n.顾客，主顾   0   0
customs   n.海关   0   0
cut   v.割，切，削减，切断   0   0
cutlery   n.刀具，餐刀   0   0
cutter   n.刀具，裁剪者   0   0
cutting   n.切片，剪辑   0   0
cycle   n.周期，循环，自行车   0   0
cyclist   n.自行车运动员   0   0
cylinder   n.圆筒，柱，汽缸   0   0
