0
table   n.桌子，表格   0   0
tablet   n.药片   0   0
tabulate   v.制表，将...列表   0   0
tack   n.图钉   0   0
tackle   n.用具，辘轳 v.抓住   0   0
tact   n.机敏，圆滑   0   0
tactful   adj.机智的，老练的   0   0
tactics   n.战术，策略   0   0
tag   n.标签，货签   0   0
tail   n.尾巴，尾部   0   0
tailor   n.裁缝 v.缝制   0   0
take   v.拿，带，吃，乘   0   0
take-off   n.起飞   0   0
tale   n.故事   0   0
talent   n.人才，天资   0   0
talk   v.谈话 n.讲话，会谈   0   0
talkative   adj.罗嗦的   0   0
tall   adj.高的   0   0
tally   v.吻合，符合   0   0
tame   v.驯养，制报   0   0
tan   n.黄褐色 v.鞣草   0   0
tangle   v.缠绕，纠缠   0   0
tank   n.油箱，水箱，坦克   0   0
tanker   n.油轮   0   0
tap   v.叩击 n.轻敲   0   0
tape   n.条，带，磁带   0   0
tape-recorder   n.录音机   0   0
tape-recording   n.录音   0   0
tar   n.沥青，柏油   0   0
target   n.目标，对象，靶   0   0
tare   n.皮重   0   0
tariff   n.关税   0   0
task   n.工作，任务   0   0
taste   n.味道，趣味 v.品尝   0   0
tasteful   adj.有滋味的，好吃的   0   0
tax   n.税 v.征税   0   0
taxation   n.税(总称)，税务   0   0
taxi   n.出租汽车   0   0
tea   n.茶，茶叶   0   0
teach   v.教，教书，教导   0   0
teacher   n.教员，老师   0   0
teaching   n.教学，教导   0   0
teacup   n.茶杯   0   0
team   n.小队 v.协同工作   0   0
teapot   n.茶壶   0   0
tear   n.眼泪 v.撕，拔   0   0
tease   v.取笑，逗乐   0   0
technical   adj.技术的，技能的   0   0
technician   n.技术员，技师   0   0
technique   n.技术，技巧   0   0
technological   adj.技术的，工艺的   0   0
technology   n.技术，工艺   0   0
tedious   adj.腻烦的，乏味的   0   0
teenager   n.(十几岁的)少年   0   0
teens   n.十多岁   0   0
telefax   n.传真 v.发传真   0   0
telegram   n.电报   0   0
telegraph   n.电报   0   0
telephone   n.电话 v.打电话   0   0
telescope   n.望远镜   0   0
television   n.电视，电视机   0   0
telex   n.电传 v.发电传   0   0
tell   v.告诉，讲，说出   0   0
teller   n.出纳   0   0
temper   n.情绪，脾气   0   0
temperature   n.温度，体温   0   0
temple   n.庙，寺院，太阳穴   0   0
temporary   adj.暂时的，临时的   0   0
tempt   v.引诱，诱惑   0   0
tempatation   n.诱惑，引诱   0   0
ten   num.十   0   0
tenant   n.房客，承租人   0   0
tend   v.趋向，照料，投标   0   0
tendency   n.趋势，倾向   0   0
tender   n.投标人 adj.温柔的   0   0
tenis   n.网球   0   0
tenor   n.(支票)限期   0   0
tense   adj.紧张的 v.拉紧   0   0
tension   n.紧张状态，张力   0   0
tent   n.帐篷   0   0
tentative   adj.试探性的   0   0
tenth   num.第十，十分之一   0   0
term   n.期限，学期，术语   0   0
terminable   adj.可终止的   0   0
terminal   n.终点 adj.末端的   0   0
terminate   v.终止，结束   0   0
termination   n.终止，结束   0   0
terminology   n.术语(总称)   0   0
terrace   n.平台，台阶   0   0
terrible   adj.可怕的，极度的   0   0
terribly   adv.可怕地，极   0   0
terrific   adj.了不起的，极好的   0   0
terrify   v.惊吓，使恐怖   0   0
territory   n.领土，领域，地区   0   0
terror   n.恐怖，令人恐怖的事   0   0
terrorism   n.恐怖主义   0   0
terrorist   n.恐怖分子   0   0
test   v.,n.测验，试验   0   0
testify   v.证明，证实   0   0
testimony   n.证据   0   0
text   n.正文，课文，原文   0   0
textbook   n.课本，教科书   0   0
textile   n.纺织品   0   0
textual   adj.课文的，正文的   0   0
than   conj.比，除...外   0   0
thank   v.谢谢，感谢   0   0
thankful   adj.感谢的，欣慰的   0   0
thanks   n.感谢 int.谢谢   0   0
thanksgiving day   n.感恩节   0   0
that   adj.那,那个 adv.那么   0   0
the   (定冠词)那，这   0   0
theatre   n.剧场，戏剧，舞台   0   0
theatrical   adj.戏剧的   0   0
theft   n.偷盗   0   0
their   adj.他们的，它们的   0   0
them   pron.他(她)们，它们   0   0
theme   n.主题，题目   0   0
themselves   pron.他们、它们自己   0   0
then   adv.当时，然后，那么   0   0
theoretical   adj.理论的   0   0
theory   n.理论，学说   0   0
there   adv.那里，到那里   0   0
thereafter   adv.此后，其后   0   0
thereby   adv.因此，由此   0   0
therefor   adv.为此   0   0
therefore   adv.因而，所以   0   0
therefrom   adv.由此   0   0
therein   adv.在那里，其中   0   0
thereof   adv.及其，由此，它的   0   0
thereon   adv.关于那   0   0
therewith   adv.对此   0   0
thermometer   n.温度计   0   0
these   pron.这些   0   0
thesis   n.论文   0   0
they   pron.他(她)们，它们   0   0
thick   adj.厚的，浓的   0   0
thicken   v.加厚，变浓   0   0
thickness   n.厚，厚度，浓   0   0
thief   n.窃贼，小偷   0   0
thigh   n.大腿   0   0
thin   adj.薄的，瘦的   0   0
thing   n.东西，事情   0   0
think   v.想，相信，认为   0   0
thinking   n.思想   0   0
thinker   n.思想家   0   0
third   num.第三，三分之一   0   0
thirst   n.渴，渴望   0   0
thirsty   adj.渴的，渴望的   0   0
thirteen   num.十三   0   0
thirty   num.三十   0   0
this   adj.,pron.这，这个   0   0
thorn   n.刺，荆棘   0   0
thorough   adj.充分的，彻底的   0   0
thoroughly   adv.充分地，彻底地   0   0
those   pron.,adj.那些   0   0
though   conj.虽然，可是   0   0
thought   n.想法，思想，关怀   0   0
thoughtful   adj.深思的，体贴的   0   0
thoughtless   adj.轻率的，粗心的   0   0
thousand   num.千   0   0
thrash   v.抽打   0   0
thread   n.线，思路   0   0
threat   n.恐吓，威胁   0   0
threaten   v.恐吓，威胁   0   0
three   num.三   0   0
threshold   n.开端，门槛   0   0
thrift   n.节俭   0   0
thrifty   adj.节俭的   0   0
thrill   v.发抖 n.激动   0   0
thriller   n.惊险小说，电影   0   0
thrive   v.兴旺，繁荣   0   0
throat   n.咽喉   0   0
throne   n.王位   0   0
throng   n.一群人 v.挤满   0   0
through   prep.通过，借助   0   0
throughout   prep.贯穿 adv.全部   0   0
throw   v.,n.投，扔，抛   0   0
thrust   v.强推，插入，刺   0   0
thumb   n.拇指   0   0
thumbtack   n.按钉，图钉   0   0
thunder   n.雷 v.隆隆响   0   0
thunderstorm   n.雷雨   0   0
thursday   n.星期四   0   0
thus   adv.如此，这样，因而   0   0
tick   n.滴答声 v.打勾号   0   0
ticket   n.票，标签，价目单   0   0
tickle   v.挠，搔，逗乐   0   0
tide   n.潮汐，潮流 v.度过   0   0
tidy   adj.整齐的，整洁的   0   0
tie   v.捆，打结 n.领带   0   0
tie-up   n.(资金)占用，冻结   0   0
tiger   n.虎   0   0
tight   adj.紧的，密封的   0   0
tighten   v.拉紧   0   0
tightly   adv.紧紧地，紧密地   0   0
tigress   n.母虎   0   0
tile   n.瓦，瓷砖   0   0
till   prep.直到   0   0
tilt   v.,n.倾斜   0   0
timber   n.木材   0   0
time   n.时间，时候，次数   0   0
timely   adj.及时的   0   0
timetable   n.时刻表，时间表   0   0
timid   adj.胆怯的，害羞的   0   0
tin   n.锡，锡器   0   0
tiny   adj.微小的   0   0
tip   n.梢，尖，小费   0   0
tiptoe   v.用脚尖走   0   0
tire   v.疲劳，厌倦   0   0
tired   adj.疲劳的，厌倦的   0   0
tiresome   adj.使人厌倦的   0   0
tissue   n.组织，卫生纸   0   0
title   n.标题，题目，称号   0   0
to   prep.向，到   0   0
toad   n.蟾蜍，癞蛤蟆   0   0
toast   n.烤面包，祝酒 v.烘   0   0
tobacco   n.烟草   0   0
today   adv.今天,现在 n.今日   0   0
toe   n.脚趾，鞋头   0   0
together   adv.共同，一起，同时   0   0
toil   v.苦干   0   0
toilet   n.卫生间，便桶   0   0
token   n.象征，纪念章   0   0
tolerable   adj.可容忍的   0   0
tolerance   n.宽容，容忍   0   0
tolerant   adj.宽容的，宽大的   0   0
tolerate   v.容忍，宽容   0   0
toll   n.税   0   0
tomato   n.蕃茄，西红柿   0   0
tomb   n.坟   0   0
tombstone   n.墓碑   0   0
tomorrow   n.明天 adv.在明天   0   0
ton   n.吨   0   0
tone   n.语气，腔调，市况   0   0
tongue   n.舌，语言   0   0
tonight   n.今晚 adv.在今晚   0   0
tonnage   n.吨位，吨数   0   0
tonne   n.公吨   0   0
too   adv.也，非常   0   0
tool   n.工具，手段   0   0
tooth   n.牙齿   0   0
toothache   n.牙疼   0   0
toothbrush   n.牙刷   0   0
toothpaste   n.牙膏   0   0
top   n.顶，盖子 v.高于   0   0
topic   n.课题，主题   0   0
torch   n.火炬，手电筒   0   0
torment   v.,n.折磨，虐待   0   0
torpedo   n.鱼雷   0   0
torrent   n.激流，山洪   0   0
tortoise   n.龟   0   0
torture   v.,n.拷打，折磨   0   0
toss   v.向上扔，颠簸，辗转   0   0
total   adj.总 n.总和，合计   0   0
totally   adv.统统，完全地   0   0
touch   v.碰，接触，触动   0   0
tough   adj.坚韧的，难嚼烂的   0   0
tour   n.,v.旅行，周游   0   0
tourism   n.旅游业   0   0
tourist   n.旅游者，游客   0   0
tow   v.,n.拖，牵引   0   0
toward   prep.向，对于，将近   0   0
towel   n.毛巾   0   0
tower   n.塔 v.高耸   0   0
town   n.市镇，城市，闹市   0   0
toy   n.玩具   0   0
trace   n.痕迹，微量 v.追踪   0   0
track   n.径赛，轨道，路径   0   0
tractor   n.拖拉机   0   0
trade   n.贸易，交换 v.经商   0   0
trader   n.商人   0   0
trademark   n.商标   0   0
tradesman   n.商人   0   0
tradition   n.传统，惯例   0   0
traditional   adj.传统的   0   0
traffic   n.交通，交易，运输   0   0
tragedy   n.悲剧，惨事，灾难   0   0
tragic   adj.悲剧的，悲惨的   0   0
trail   v.拖曳，尾随 n.踪迹   0   0
train   n.列车，一列 v.训练   0   0
trainee   n.受训练者   0   0
trainer   n.教练   0   0
training   n.训练   0   0
traitor   n.叛徒   0   0
tram   n.有轨电车   0   0
tramp   n.跋涉，流浪者   0   0
trample   v.践踏，蹂躏   0   0
tranquil   adj.平静的，安宁的   0   0
transact   v.交易   0   0
transaction   n.交易   0   0
transfer   v.转移，转让   0   0
transferable   adj.可转让的   0   0
transform   v.转变，转化   0   0
transformation   n.转化，转变   0   0
transformer   n.变压器   0   0
transcient   adj.短暂的，瞬时的   0   0
transistor   n.晶体管(收音机)   0   0
transit   v.运输，转运   0   0
transition   n.过渡，转变   0   0
translate   v.翻译   0   0
translation   n.翻译，译文   0   0
translator   n.译音   0   0
transmission   n.传送，播送   0   0
transmit   v.传播，传导，发射   0   0
transparent   adj.透明的   0   0
transplant   v.移植   0   0
transport   v.运送 v.运输   0   0
transportation   n.运输，交通   0   0
transship   v.转运，转船   0   0
transshipment   n.转运   0   0
transverse   adj.横向的，横断的   0   0
trap   n.陷井，圈套 v.诱捕   0   0
traverse   n.,v.横断，横过   0   0
travel   v.旅行，传导   0   0
traveler   n.旅行者   0   0
tray   n.托盘   0   0
tread   v.踩，践踏   0   0
treason   n.谋反，叛国   0   0
treasure   n.财宝，珍宝 v.珍藏   0   0
treasurer   n.司库   0   0
treat   v.对待，医治，论述   0   0
treatment   n.待遇，疗法   0   0
treaty   n.条约   0   0
tree   n.树   0   0
tremble   v.哆嗦，发抖   0   0
tremendous   adj.巨大的，惊人的   0   0
trench   n.沟，壕   0   0
trend   n.走向，趋势   0   0
trial   n.审讯，尝试，试验   0   0
triangle   n.三角(形)   0   0
triangular   adj.三角形的，三方的   0   0
tribe   n.部落   0   0
tribute   n.颂词，献礼   0   0
trick   n.诡计，骗局，伎俩   0   0
trickle   v.滴下，流下   0   0
tricky   adj.巧妙的，狡猾的   0   0
trifle   n.小事，琐事   0   0
trigger   n.扳机 v.触发   0   0
trim   v.修剪，修整   0   0
trip   n.旅行，远足   0   0
triple   adj.三倍的，三重的   0   0
triplicate   n.一式二份   0   0
triumph   n.胜利 v.战胜   0   0
triumphant   adj.得胜的，得意的   0   0
trivial   adj.琐碎的   0   0
trolley   n.手推车，电车   0   0
troop   n.队，军队   0   0
tropic   n.回归线，热带   0   0
tropical   adj.热带的   0   0
trot   v.,n.小跑，快步走   0   0
trouble   n.,v.麻烦   0   0
troublesome   adj.讨厌的，麻烦的   0   0
trousers   n.裤子   0   0
truck   n.卡车，载重汽车   0   0
true   adj.真实的，真正的   0   0
truly   adv.真正地，确实   0   0
trumpet   n.喇叭   0   0
trunk   n.树干，躯干，皮箱   0   0
trust   n.v.委托，信任，信托   0   0
truth   n.真相，真理   0   0
truthful   adj.诚实的，真正的   0   0
try   v.尝试，审讯 n.尝试   0   0
tub   n.浴  缸，木盆   0   0
tube   n.管子，试管   0   0
tuberculosis   n.结核，肺结核   0   0
tuck   v.卷起，塞进   0   0
tuesday   n.星期二   0   0
tug   v.,n.用力拖，拖船   0   0
tuition   n.学费   0   0
tulip   n.郁金香   0   0
tumble   v.跌倒，摔跤，打滚   0   0
tumult   n.骚动，暴动，吵闹   0   0
tuna   n.金枪鱼   0   0
tune   n.调子 v.调谐   0   0
tunnel   n.隧道，地道，坑道   0   0
turbine   n.汽轮机，涡轮机   0   0
turbulent   adj.骚动的   0   0
turk   n.土耳其人   0   0
turkey   n.火鸡adj.,n.土耳其   0   0
turn   v.转向，旋转 n.轮流   0   0
turning   n.拐角 adj.旋转的   0   0
turnip   n.萝卜   0   0
turnover   n.周转，营业额   0   0
turtle   n.海龟   0   0
tutor   n.辅导教师   0   0
twelfth   num.第十二   0   0
twelve   num.十二   0   0
twentieth   num.第二十   0   0
twenty   num.二十   0   0
twice   adv.两次，两倍   0   0
twig   n.细枝   0   0
twilight   n.黎明，黄昏，微亮   0   0
twin   n.,adj.孪生(的)   0   0
twinkle   v.,n.闪烁，眨眼   0   0
twist   v.拧，扭，搓，歪曲   0   0
two   num.二   0   0
type   n.类型，典型 v.打字   0   0
typewriter   n.打字机   0   0
typhoon   n.台风   0   0
typical   adj.典型的   0   0
typist   n.打字员   0   0
tyranny   n.暴政，暴行   0   0
tyrant   n.暴君，专制   0   0
tyre   n.轮胎   0   0
