0
i   .我   0   0
ice   n.冰，冰块   0   0
ice-cream   n.冰淇淋   0   0
ice-bound   adj.冰封的   0   0
iceland   n.冰岛   0   0
icy   adj.冰冷的，结了冰的   0   0
idea   n.思想，主意，打算   0   0
ideal   adj.理想的 n.理想   0   0
idealism   n.理想主义   0   0
idealize   v.使理想化   0   0
identical   adj.同一的，相同的   0   0
identification   n.识别，身分   0   0
identify   v.认出，认为...一致   0   0
identity   n.认同，同一性   0   0
idiom   n.习语，成语   0   0
idiomatic   adj.习语的，惯用的   0   0
idiot   n.傻子，白痴   0   0
idle   adj.空闲的，懒的   0   0
idleness   n.闲散，无所事事   0   0
idol   n.偶像，被崇拜的人   0   0
i.e.   (缩)即，也就是   0   0
if   conj.如果，虽然,是否   0   0
ignite   v.点燃   0   0
ignorance   n.无知，不知道   0   0
ignorant   adj.不知道的，无知的   0   0
ignore   v.忽视，不理睬   0   0
ill   adj.患病的，坏的   0   0
illegal   adj.不合法的，非法的   0   0
illegible   adj.字迹不清的   0   0
illiteracy   n.文盲   0   0
illiterate   adj.文盲的 n.文盲   0   0
illness   n.疾病，生病   0   0
illuminate   v.照亮，启发   0   0
illusion   n.幻想，幻觉   0   0
illusive   adj.幻觉的   0   0
illustrate   v.图解，用图说明   0   0
illustration   n.阐明，实例   0   0
image   n.图像，影像，形象   0   0
imaginary   adj.想象的，虚构的   0   0
imagination   n.想象力，想象   0   0
imagine   v.想象，猜想   0   0
imitate   v.模仿，仿造，模拟   0   0
imitation   n.模仿，仿制品   0   0
immaterial   adj.无形的，不重要的   0   0
immature   adj.不成熟的   0   0
immediate   adj.立即的，最近的   0   0
immediately   adv.立即，马上   0   0
immense   adj.巨大的，极大的   0   0
immerse   v.浸泡，埋头于   0   0
immigrant   n.移民   0   0
immigrate   v.移入   0   0
immigration   n.移居入境   0   0
imminent   adj.迫切的，危急的   0   0
immoral   adj.不道德的   0   0
immortal   adj.不朽的   0   0
impact   n.冲击，影响   0   0
impart   v.给予，告诉   0   0
impartial   adj.公证的   0   0
impatience   n.不耐烦   0   0
impatient   adj.急切的，不耐烦的   0   0
imperative   adj.绝对必要的   0   0
imperfect   adj.不完善的   0   0
imperialism   n.帝国主义   0   0
imperialist   n.帝国主义者   0   0
implement   v.实行 n.工具   0   0
implementation   n.实行，执行   0   0
implication   n.暗示，含义   0   0
implied   adj.暗含的，暗示的   0   0
implore   v.恳求，哀求   0   0
imply   v.暗示，意味   0   0
import   v.进口,引进 n.进口货   0   0
importance   n.重要性，意义   0   0
important   adj.重要的，重大的   0   0
importation   n.进口   0   0
importer   n.进口商   0   0
impose   v.征(税)，强加   0   0
imposition   n.强迫接受   0   0
impossibility   n.不可能性   0   0
impossible   adj.不可能的，不妥的   0   0
impost   n.进口税，关税   0   0
impractical   v.不可行的   0   0
impress   v.印，铭刻，产生印象   0   0
impression   n.印象，影响，印迹   0   0
impressive   adj.给人深刻印象的   0   0
imprison   v.关押，监禁   0   0
imprisonment   n.监禁，徒刑   0   0
improper   adj.不适当的   0   0
improve   v.改善，提高   0   0
improvement   n.改善，好转   0   0
impulse   n.冲击，冲动，脉搏   0   0
impurity   n.不纯，杂质   0   0
in   prep.在...内，穿戴   0   0
inability   n.无能   0   0
inaccessible   adj.很难得到的   0   0
inaccurate   adj.不准确的，不确切   0   0
inadequate   adj.不充足的，不足以   0   0
inasmuch   adv.因为，由于   0   0
inaugural   adj.开幕的   0   0
inaugurate   v.举行开幕、就职典礼   0   0
inauguration   n.开幕、就职典礼   0   0
incapable   adj.不能的，不会的   0   0
incense   v.使发怒 n.香   0   0
incentive   n.刺激的，鼓励的   0   0
inch   n.英寸   0   0
incident   n.事件，事变，插曲   0   0
incidentally   adv.偶然地，另外   0   0
inclination   n.倾斜，倾向   0   0
incline   v.低头，喜欢，倾斜   0   0
inclined   adj.倾向于...的   0   0
include   v.包括   0   0
inclusion   n.包括在内   0   0
inclusive   adj.包括在内的   0   0
income   n.收入，所得   0   0
incompatibility   n.不兼容   0   0
incompatible   adj.不相容的   0   0
incomplete   adj.不完全的，没完成   0   0
inconsistency   n.不一致   0   0
inconsistent   adj.不一致的   0   0
inconvenience   n.不便，不利   0   0
inconvenient   adj.不方便的   0   0
incorporate   v.合并，体现   0   0
incorporated   adj.有限的   0   0
incorrect   adj.不正确的   0   0
incoterms   n.(缩)国际贸易术语   0   0
increase   v.,n.增加，增长   0   0
increasing   adj.不断增长的   0   0
increasingly   adv.日益，越来越   0   0
incredible   adj.不可信的，惊人的   0   0
incredulous   adj.表示怀疑的   0   0
increment   n.增值   0   0
incur   v.招致，承受   0   0
indebted   adj.感激的，感恩的   0   0
indebtedness   n.感激   0   0
indeed   adv.的确，实际上   0   0
indefinite   adj.不明确的，不确定   0   0
indefinitely   adv.不明确地   0   0
indemnify   v.赔偿，保护   0   0
indent   v.(书写)缩行   0   0
independence   n.独立，自主   0   0
independent   adj.独立的   0   0
independently   adv.独立地   0   0
index   n.索引，标志，指数   0   0
india   n.印度   0   0
indian   adj.,n.印度人(的)   0   0
indicate   v.指明，表示   0   0
indication   n.表示，迹象   0   0
indicative   adj.表示...的   0   0
indifference   n.冷淡，不关心   0   0
indifferent   adj.冷淡的，不在乎的   0   0
indigestion   n.消化不良   0   0
indignant   adj.气愤的，愤慨的   0   0
indignation   n.愤慨，气愤   0   0
indirect   adj.间接的，侧面的   0   0
indirectly   adj.间接地   0   0
indispensable   adj.必不可少的   0   0
individual   adj.个人的，各自的   0   0
indoor   adj.室内的   0   0
indoors   adv.在户内，在屋里   0   0
induce   v.诱使，引起，归纳   0   0
inducement   n.诱导，动机   0   0
induction   n.感应，归纳   0   0
indulge   v.放纵，放任，纵容   0   0
industrial   adj.工业的   0   0
industrialize   v.使工业化   0   0
industrialization   n.工业化   0   0
industrialized   adj.工业化的   0   0
industrious   adj.勤劳的，勤奋的   0   0
industry   n.工业，产业，勤奋   0   0
ineffective   adj.效率低的   0   0
ineffectiveness   n.低效率   0   0
inefficiency   n.无效力   0   0
inefficient   adj.无效的   0   0
inertia   n.惯性，惰性，不活动   0   0
inevitable   adj.必然的，不可避免   0   0
inevitably   adv.必然地   0   0
inexpensive   adj.便宜的   0   0
infant   n.婴儿，幼儿   0   0
infantry   n.步兵   0   0
infect   v.感染，传染   0   0
infection   n.感染   0   0
infectious   adj.传染的   0   0
infer   v.推断，推论   0   0
inference   n.推断，推论的结果   0   0
inferior   adj.低级的 n.下级   0   0
inferiority   n.劣势   0   0
infinite   adj.无限大的，无穷的   0   0
infinitely   adv.无限地，无穷地   0   0
infinitive   adj.不定式的   0   0
infinity   n. 无限，无数，极多   0   0
inflammable   adj.不易燃的   0   0
inflation   n.充气，通货膨胀   0   0
inflict   v.打击   0   0
influence   n.影响，势力(范围)   0   0
influential   adj.有影响的   0   0
influenza   n.流行性感冒   0   0
inform   v.通知，告诉，告密   0   0
informal   adj.非正式的   0   0
information   n.通知，情报，资料   0   0
informative   adj.提供资料的   0   0
infrequent   adj.不经常的   0   0
infringe   v.侵权   0   0
infringement   n.侵权   0   0
ingenious   adj.灵巧的，精巧的   0   0
ingenious   adj.独创的，机智的   0   0
ingenuity   n.灵巧，机灵，巧妙   0   0
inhabit   v.居住，栖身   0   0
inhabitant   n.居民   0   0
inherent   adj.生来俱有的   0   0
inherit   v.继承，遗传   0   0
initial   adj.最初的   0   0
initially   adv.最初   0   0
initiate   v.发动，开始，使入门   0   0
initiative   n.积极性，首创精神   0   0
inject   v.注射   0   0
injection   n.注射   0   0
injure   v.伤害，损害   0   0
injury   n.伤害，损害   0   0
injustice   n.不公正   0   0
ink   n.墨水，油墨   0   0
inland   n.内地的，内陆的   0   0
inlet   n.水湾，入口   0   0
inn   n.客栈   0   0
inner   adj.里面的，内心的   0   0
innocence   n.清白，天真   0   0
innocent   adj.无罪的   0   0
innovate   v.革新，变革，创始   0   0
innovation   n.革新，创新   0   0
innumerable   adj.无数的   0   0
inorganic   adj.无机的   0   0
input   n.输入，投入   0   0
inquire   v.询问   0   0
inquiry   n.询问，查询，调查   0   0
insane   adj.疯狂的   0   0
insect   n.昆虫   0   0
insert   v.插入，嵌入   0   0
insertion   n.插入   0   0
inside   n.里面 adj.里面的   0   0
insider   n.知情者   0   0
insight   n.洞察力   0   0
insignificant   adj.无足轻重的   0   0
insist   v.坚持，坚决要求   0   0
insistent   adj.紧迫的，坚持的   0   0
insofar   adv.在...范围内   0   0
insolvent   adj.无偿付能力的   0   0
inspect   v.检查，视察，审查   0   0
inspection   n.检查，视察   0   0
inspector   n.检查员，视察者   0   0
inspiration   n.灵感   0   0
inspire   v.鼓舞，激励，受启发   0   0
instable   adj.不稳定的   0   0
install   v.安装，安置   0   0
installation   n.安装，装置   0   0
installment   n.分期付款   0   0
instance   n.例子   0   0
instant   adj.立即的，速溶的   0   0
instantly   adv.立即，立刻   0   0
instead   adv.代替，而是   0   0
instinct   n.本能，直觉，天性   0   0
instinctive   adj.本能的，天性的   0   0
institute   n.(专科)学院 v.建立   0   0
institution   n.机构，制度   0   0
instruct   v.指导，指示，告知   0   0
instruction   n.指导，指示   0   0
instructive   adj.指示的，教育的   0   0
instructor   n.教员，教练   0   0
instrument   n.仪器，乐器，手段   0   0
instrumental   adj.仪器的，工具的   0   0
insufficient   adj.不充足的   0   0
insulate   v.绝缘，隔离，使孤立   0   0
insulation   n.隔离，绝缘   0   0
insult   v.,adj.侮辱   0   0
insurance   n.保险(业)，保障   0   0
insure   v.保险，确保   0   0
intangible   adj.无形的   0   0
integral   adj.组成的，整体的   0   0
integrate   v.整合，结合   0   0
integration   n.结合，整体   0   0
integrity   n.完整性，诚实   0   0
intellect   n.理智，才智   0   0
intellectual   n.知识分子   0   0
intelligence   n.智慧，情报   0   0
intelligent   adj.聪明的，明智的   0   0
intend   v.打算   0   0
intense   adj.强烈的，极度的   0   0
intensity   n.强烈，强度   0   0
intensive   adj.强化的，密集的   0   0
intent   n.意图 adj.专心的   0   0
intention   n.意图，目的   0   0
intentional   adj.有意的，故意的   0   0
interact   v.相互作用，相互影响   0   0
interaction   n.相互作用   0   0
intercourse   n.交流，往来   0   0
interest   n.兴趣，利息，利益   0   0
interested   adj.感兴趣的   0   0
interesting   adj.有趣的   0   0
interface   n.交界，接口   0   0
interfere   v.妨碍，干涉   0   0
interference   n.干涉，干扰   0   0
interior   n.内部，内地，内政   0   0
intermediate   adj.中间的   0   0
internal   adj.内部的，国内的   0   0
international   adj.国际的   0   0
internationalization   n.国际化   0   0
internationalize   v.使国际化   0   0
interpret   v.解释，当...译员   0   0
interpretation   n.解释，口译   0   0
interpreter   n.译员   0   0
interrupt   v.打断，中断   0   0
interruption   n.中断，打扰   0   0
interval   n.间隔，中间休息   0   0
intervene   v.介入，调解   0   0
interview   n.,v.会见，面谈   0   0
intimate   adj.亲密的，熟悉的   0   0
intimation   n.亲密，熟悉   0   0
into   prep.到...里面，..成   0   0
intonation   n.语调，声调   0   0
introduce   v.介绍，引进，采用   0   0
introduction   n.介绍，引言   0   0
introductory   adj.介绍的，入门的   0   0
intrude   v.侵入，强加于   0   0
inundate   adj.使充满   0   0
invade   v.入侵，侵犯   0   0
invader   n.入侵者   0   0
invalid   adj.伤残的，无效的   0   0
invalidate   v.使无效   0   0
invaluable   adj.非常宝贵的   0   0
invariably   adv.不变地，总是   0   0
invasion   n.侵略，侵袭   0   0
invent   v.发明，创造，编造   0   0
invention   n.发明，创造   0   0
inventor   n.发明者   0   0
inverse   adj.相反的，倒转的   0   0
inversely   adv.相反地   0   0
invest   v.投资，花费   0   0
investigate   v.调查，研究   0   0
investigation   n.调查   0   0
investment   n.投资(额)   0   0
invisible   adj.看不见的   0   0
invitation   n.邀请(信)   0   0
invite   v.邀请，招致，征求   0   0
invoice   n.发票，装货清单   0   0
involve   v.使卷入，忙于   0   0
involved   adj.涉及的，复杂的   0   0
involvement   n.卷入，涉足   0   0
inward   adj.里面的，内心的   0   0
inwards   adv.向内的   0   0
ireland   n.爱尔兰   0   0
iIrish   n.,adj.爱尔兰人(的)   0   0
iron   n.铁，熨斗 v.熨平   0   0
ironical   adj.反讽的，讽刺的   0   0
irony   n.反讽，讽刺   0   0
irregular   adj.不规则的   0   0
irregularity   n.不规则   0   0
irresistible   adj.不可抗拒的   0   0
irrespective   adj.不论，不考虑   0   0
irrevocable   adj.不可撤消的   0   0
irrigate   v.灌溉   0   0
irrigation   n.灌溉   0   0
irritate   v.使生气，刺激   0   0
irritation   n.刺激，恼怒   0   0
islam   n.伊斯兰教，回教   0   0
island   n.岛屿   0   0
isolate   v.隔离，孤立   0   0
isolation   n.隔离，孤立状态   0   0
issue   v.发行,发布 n.发行物   0   0
it   pron.它   0   0
italian   n.,adj.意大利人(的)   0   0
italy   n.意大利   0   0
itch   v.,n.痒，热望   0   0
item   n.条款，项目   0   0
itemize   v.分列   0   0
its   pron.它的   0   0
itself   pron.它自己   0   0
ivory   n.象牙，象牙色   0   0
