0
wade   v.消，跋涉   0   0
wag   v.摇，摆   0   0
wage   n.工资 v.进行   0   0
wagon   n.货车   0   0
waist   n.腰(部)   0   0
wait   v.等候，伺候   0   0
waiter   n.服务员，侍者   0   0
waitress   n.女服务员   0   0
waive   v.放弃(要求、权利)   0   0
wake   v.醒来   0   0
waken   v.唤醒，使觉醒   0   0
walk   v.步行，走 n.散步   0   0
walker   n.步行者，散步者   0   0
wall   n.墙壁   0   0
wallet   n.钱夹   0   0
walnut   n.核桃   0   0
wander   v.徘徊，离题，迷失   0   0
want   v.想要，通辑 n.缺乏   0   0
war   n.战争，斗争   0   0
ward   n.病房，牢房   0   0
wardrobe   n.衣柜   0   0
ware   n.货物   0   0
warehouse   n.仓库，货栈   0   0
warehousing   n.仓储   0   0
warfare   n.战争(状态)   0   0
warm   adj.温暖的，热情的   0   0
warmly   adv.热烈地，热情地   0   0
warmth   n.温暖，暖和，热烈   0   0
warn   v.警告，预先通知   0   0
warning   n.警告   0   0
warrant   n.许可证，正当理由   0   0
warranted   adj.担保的   0   0
warranty   n.担保，保证   0   0
warrior   n.勇士，战士   0   0
warship   n.军舰   0   0
wash   v.洗，冲走   0   0
washing-machine   n.洗衣机   0   0
wasp   n.黄蜂，马蜂   0   0
waste   v.浪费 n.垃圾，废料   0   0
wasteful   adj.浪费的，挥霍的   0   0
watch   v.观看，看过 n.手表   0   0
watchful   adj.注意的，警惕的   0   0
water   n.水 v.浇水，垂涎   0   0
waterfall   n.瀑布   0   0
waterfront   n.水边，滩   0   0
waterproof   adj.防水的   0   0
watertight   adj.不透水的   0   0
watery   adj.水汪汪的，淡的   0   0
watt   n.瓦特   0   0
wave   n.波浪，波 v.挥手   0   0
wavelength   n.波长   0   0
waver   n.晃动，动摇   0   0
waving   adj.波浪状的   0   0
wax   n.蜡 v.打蜡   0   0
way   n.方法，路，方向   0   0
we   pron.我们   0   0
weak   adj.弱的，差的   0   0
weakness   n.弱点，软弱   0   0
wealth   n.财富，丰富   0   0
wealthy   adj.富裕的，富庶的   0   0
weapon   n.武器   0   0
wear   v.穿，戴，磨损，耐久   0   0
weary   adj.疲倦的   0   0
weather   n.天气 v.经受住   0   0
weave   v.编织   0   0
weaver   n.织布工，编织者   0   0
web   n.网，蛛网，圈套   0   0
wedding   n.婚礼   0   0
wedge   n.楔子，起因 v.楔住   0   0
wednesday   n.星期三   0   0
weed   n.杂草 v.除草，清除   0   0
week   n.星期，周，工作周   0   0
weekday   n.工作日   0   0
weekend   n.周末   0   0
weekly   adj.每周的 n.周刊   0   0
weep   v.哭泣，哀悼   0   0
weigh   v.重...，称，权衡   0   0
weight   n.重量，重担，重物   0   0
welcome   adj.受欢迎的 v.欢迎   0   0
weld   v.焊接   0   0
welfare   n.福利   0   0
well   n.井 adv.好，充分   0   0
well-known   adj.有名的，著名的   0   0
west   n.西方 adj.向西的   0   0
western   adj.西的，西方的   0   0
westerner   n.西方人，欧美人   0   0
westward   adj.,adv.向西(的)   0   0
wet   adj.湿的，多雨的   0   0
whale   n.鲸   0   0
whaling   n.捕鲸(业)   0   0
wharf   n.码头，停泊处   0   0
what   pron.什么 adj.什么的   0   0
whatever   pron.无论什么   0   0
wheat   n.小麦   0   0
wheel   n.轮，车轮   0   0
when   adv.何时   0   0
whenever   conj.无论何时   0   0
where   adv.哪里   0   0
whereabouts   n.下落   0   0
whereas   conj.而，却   0   0
whereby   adv.借此   0   0
wherein   adv.在何处   0   0
wherever   adv.无论哪里   0   0
whether   conj.是否，还是...   0   0
which   pron.,adj.哪个，那个   0   0
whichever   pron.无论哪个   0   0
while   n.一会儿 conj.当..时   0   0
whilst   conj.当...时，尽管   0   0
whip   v.抽打，搅 n.鞭子   0   0
whirl   v.,n.旋转，飞转   0   0
whisker   n.络腮胡子   0   0
whisky   n.威士忌洒   0   0
whisper   v.,n.耳语，发飒飒声   0   0
whistle   v.吹哨，鸣笛，啸叫   0   0
white   adj.白的 n.白色,蛋清   0   0
whitewash   v.粉刷，掩饰   0   0
who   pron.谁   0   0
whoever   pron.无论谁   0   0
whole   adj.全部的 n.全部   0   0
wholesale   n.,v.批发   0   0
wholesaler   n.批发商   0   0
wholesaling   n.批发   0   0
wholesome   adj.卫生的   0   0
wholly   adv.完全，一概   0   0
whom   pron.谁(宾格)   0   0
whose   pron.谁的   0   0
why   adv.为什么   0   0
wicked   adj.坏的，不道德的   0   0
wide   adj.宽的，广阔的   0   0
widely   adv.广泛地，非常   0   0
widen   v.加宽，扩大   0   0
widespread   adj.流传广泛的   0   0
widow   n.寡妇   0   0
widower   n.鳏夫   0   0
width   n.宽度   0   0
wield   v.挥动，行使   0   0
wife   n.妻子，夫人   0   0
wild   adj.野生的，狂暴的   0   0
wilderness   n.荒原   0   0
will   v.aux.将，愿 n.意志   0   0
willing   adj.乐意的，自愿的   0   0
willingly   adv.乐意地，自愿地   0   0
willingness   n.乐意，自愿   0   0
willow   n.柳树   0   0
win   v.赢得，成功   0   0
wind   n.风，风声 v.绕   0   0
winding   adj.弯曲的，蜿蜒的   0   0
windmill   n.风车   0   0
window   n.窗户   0   0
windowsill   n.窗台   0   0
windy   adj.刮风的   0   0
wine   n.酒，葡萄酒   0   0
winery   n.酿酒厂   0   0
wing   n.翅膀，翼，派别   0   0
wink   v.眨眼，使眼色   0   0
winner   n.得胜者，获奖者   0   0
winter   n.冬季   0   0
wipe   v.擦，抹掉   0   0
wire   n.金属线，电线   0   0
wireless   adj.,n.无线电   0   0
wisdom   n.智慧，明智   0   0
wise   adj.智慧的，博学的   0   0
wish   v.希望，祝愿，想要   0   0
wit   n.机智，才智   0   0
with   prep.同...一起，用   0   0
withdraw   v.撤消，退出，提款   0   0
withdrawal   n.撤退，取款   0   0
wither   v.枯萎，凋谢，衰弱   0   0
withhold   v.坚持   0   0
within   prep.,adv.在...内   0   0
without   prep.没有，在...外部   0   0
withstand   v.抵挡，顶住   0   0
witness   n.目击者,证人 v.目睹   0   0
witty   adj.机智的，风趣的   0   0
woe   n.悲痛，苦恼   0   0
wolf   n.狼   0   0
woman   n.妇女，女人   0   0
wonder   v.想知道,诧异 n.奇迹   0   0
wonderful   adj.奇妙的，精彩的   0   0
wood   n.木，木材   0   0
wooden   adj.木制的   0   0
woodpecker   n.啄木鸟   0   0
woods   n.树林   0   0
wool   n.羊毛，毛线   0   0
woollen   adj.羊毛的，毛织的   0   0
word   n.字，词，诺言，音讯   0   0
wording   n.措辞   0   0
wordy   adj.冗长的，罗嗦的   0   0
work   n.劳动，工作，作品   0   0
workable   adj.可行的，起作用的   0   0
worker   n.工人   0   0
workman   n.工作者   0   0
workmanship   n.工艺，手艺   0   0
works   n.工厂   0   0
workshop   n.车间，工场，学习班   0   0
world   n.世界，...界，世间   0   0
worldwide   adj.,adv.全世界的   0   0
worm   n.蠕虫，幼虫   0   0
worry   v.,v.烦恼，担心   0   0
worse   adj.更坏的，更差的   0   0
worship   v.,n.崇拜，礼拜   0   0
worst   adj.最坏的，最差的   0   0
worth   n.价值 adj.值...的   0   0
worthless   adj.不值钱的   0   0
worthwhile   adj.值得做的   0   0
worthy   adj.值得的，配...的   0   0
wound   v.受伤 n.伤口，创伤   0   0
wounded   adj.受伤的 n.伤员   0   0
wrap   v.包，裹   0   0
wrapper   n.(饺子)皮，包装用品   0   0
wrath   n.暴怒   0   0
wreath   n.花圈，花环   0   0
wreck   v.毁坏 n.失事   0   0
wrench   v.拧，扭伤 n.扳手   0   0
wrestle   v.,n.摔交，搏斗   0   0
wretched   adj.可怜的，可耻的   0   0
wring   v.拧，扭   0   0
wrinkle   n.皱纹 v.折皱   0   0
wrist   n.腕   0   0
write   v.写，写信，写作   0   0
writer   n.作者，作家   0   0
writing   n.写作   0   0
written   adj.写作的，书面的   0   0
wrong   adj.错误的，有毛病的   0   0
wrongly   adv.错误地，不正当地   0   0
