0
baby   n.婴儿，年龄最小的人   0   0
baby-sit   v.(替人)看护小孩   0   0
baby-sitter   n.看护小孩的人   0   0
bachelor   n.单身汉，学士   0   0
back   n.背 adj.背后的   0   0
backbone   n.脊梁骨   0   0
backdate   v.回溯   0   0
background   n.背景，经历   0   0
backing   n.倒退，支持物   0   0
backlog   n.未交付的订货   0   0
backward   adv.向后，逆   0   0
backwardness   n.落后(状态)   0   0
bacon   n.咸肉，熏肉   0   0
bacterium   n.细菌   0   0
bad   adj.坏的，低劣的   0   0
badge   n.徽章   0   0
badly   adv.坏，非常，严重地   0   0
badminton   n.羽毛球   0   0
baffle   v.困扰，难倒   0   0
bag   n.袋子，提包   0   0
baggage   n.行李   0   0
baggy   adj.袋状的   0   0
bait   n.饵，诱饵   0   0
bake   v.烤，烘   0   0
baker   n.面包师   0   0
bakery   n.面包店   0   0
balance   n.平衡，天平，余额   0   0
balcony   n.阳台   0   0
bald   adj.秃的   0   0
ball   n.球，球状物，舞会   0   0
ballet   n.芭蕾舞   0   0
balloon   n.气球   0   0
ballooning   n.热气球飞行运动   0   0
ball-point pen   n.圆珠笔   0   0
ballroom   n.舞厅   0   0
bamboo   n.竹   0   0
bamboo-shoot   n.竹笋   0   0
banana   n.香蕉   0   0
band   n.乐队，带子 v.联合   0   0
bandage   n.绷带   0   0
bandit   n.盗匪，歹徒   0   0
bang   n.,v.砰的一响   0   0
bank   n.岸，银行   0   0
banker   n.银行家   0   0
banking   n.银行业务、金融业   0   0
bankrupt   n.,v.,adj.破产   0   0
banner   n.旗帜，横幅   0   0
banquet   n.宴会   0   0
bar   n.棒，杆，酒吧   0   0
barber   n.理发师   0   0
bare   adj.裸的，直率的   0   0
barely   adv.赤裸裸地   0   0
bargain   n.交易，便宜货   0   0
barge   n.驳船   0   0
bark   n.狗吠，树皮 v.吠   0   0
barn   n.谷仓，牲口棚   0   0
barometer   n.晴雨表，标记   0   0
baron   n.男爵   0   0
baroness   n.男爵夫人，女男爵   0   0
barrel   n.桶，枪(炮)管   0   0
barren   adj.不育的，贫瘠的   0   0
barrier   n.障碍，壁垒   0   0
barter   n.易货贸易   0   0
base   n.基础，基地 v.基于   0   0
baseball   n.棒球   0   0
basement   n.地下室，地窖   0   0
basic   adj.基本的，基础的   0   0
basically   adv.基本上，主要地   0   0
basin   n.盆，盆地   0   0
basis   n.基础，根据   0   0
basket   n.篮子，筐   0   0
basketball   n.篮球   0   0
bat   n.球拍，蝙蝠 v.击打   0   0
bath   n.洗澡，浴室   0   0
bathe   v.洗澡，冲洗   0   0
bathroom   n.浴室，洗手间   0   0
batter   v.打击   0   0
battery   n.电池   0   0
battle   n.战斗，战役   0   0
bay   n.海湾，湾   0   0
bazaar   n.集市   0   0
b.c.   (缩)公元前   0   0
be   v.是，存在   0   0
beach   n.海滩，湖滨   0   0
bead   n.有孔小珠   0   0
beak   n.鸟嘴   0   0
beam   n.梁，射线 v.发光   0   0
bean   n.豆子   0   0
bear   v.负担，忍受，生育   0   0
bearing   n.举止，意义，轴承   0   0
bearish   adj.熊市的   0   0
beast   n.野兽，牲畜   0   0
beat   v.打，击败 n.击打   0   0
beautiful   adj.美丽的，绝妙的   0   0
beauty   n.美，美女   0   0
because   conj.因为，由于   0   0
become   v.变成   0   0
bed   n.床，河床，苗圃   0   0
bedroom   n.卧室   0   0
bee   n.蜜蜂   0   0
beef   n.牛肉   0   0
beer   n.啤酒   0   0
beetle   n.甲虫   0   0
before   prep.在...前面   0   0
beforehand   adv.事先，预先   0   0
beg   v.乞讨，恳求   0   0
beggar   n.乞丐   0   0
begin   v.开始，着手进行   0   0
beginner   n.初学者   0   0
beginning   n.开端，起点   0   0
behalf   n.代表   0   0
behave   v.行为，举动   0   0
behavior   n.行为，举止   0   0
behind   prep.在...后面   0   0
behindhand   adj.落后，事后   0   0
being   n.生物，存在   0   0
belief   n.信仰，信心   0   0
believe   v.相信，认为   0   0
bell   n.钟，铃   0   0
belly   n.肚子   0   0
belong   v.属于   0   0
beloved   adj.敬爱的 n.爱人   0   0
below   adj.,prep.在...下面   0   0
belt   n.带，腰带   0   0
bench   n.长凳，工作台   0   0
bend   v.弯曲，俯身 n.拐弯   0   0
beneath   prep.在...之下   0   0
beneficial   adj.有益的，有利的   0   0
beneficiary   n.受益者   0   0
benefit   n.益处，利益   0   0
benevolence   n.慈悲，捐助   0   0
benevolent   adj.乐善好施的   0   0
bent   adj.弯曲的   0   0
berry   n.浆果   0   0
beside   prep.在...之旁   0   0
besides   adj.而且 prep...之外   0   0
best   adj.最好的   0   0
best-seller   n.畅销书(货)   0   0
best-selling   adj.畅销的   0   0
bestow   v.赠给，授予   0   0
bet   n.,v.打赌   0   0
betray   v.背叛，泄露   0   0
betrayal   n.背叛，暴露   0   0
better   adj.更好的 adv.较好   0   0
better-off   adj.经济情况较好的   0   0
between   prep.在两者之间   0   0
beverage   n.饮料   0   0
beware   v.当心   0   0
bewilder   v.迷惑，茫然   0   0
beyond   prep.在...那边，超出   0   0
bias   n.偏好   0   0
bible   n.圣经   0   0
bicycle   n.自行车   0   0
bid   n.,v.报价，投标   0   0
bidding   n.投标   0   0
big   adj.大的，重大的   0   0
bike   n.自行车   0   0
bill   n.帐单，议案，钞票   0   0
billion   n.十亿   0   0
bind   v.捆绑，约束   0   0
binding   n.装订   0   0
biographer   n.传记记者   0   0
biography   n.传记   0   0
biologist   n.生物学家   0   0
biology   n.生物学   0   0
bird   n.鸟   0   0
birth   n.出生，创始   0   0
birthday   n.生日，诞辰   0   0
birthplace   n.出生地   0   0
biscuit   n.饼干   0   0
bishop   n.主教   0   0
bit   n.小片，一点   0   0
bite   n.,v.咬，叮 n.一口   0   0
bitter   adj.苦的，痛苦的   0   0
bitterly   adv.惨痛地，辛酸地   0   0
bitterness   n.苦味，苦难   0   0
b/l   n.(缩)提单   0   0
black   adj.黑的 n.黑色   0   0
blackboard   n.黑板   0   0
blacksmith   n.铁匠   0   0
blade   n.刀刃，叶片   0   0
blame   v.责备 n.过失   0   0
blank   adj.空白的 n.空格   0   0
blanket   n.毛毯   0   0
blast   n.阵风 v.爆炸   0   0
blaze   n.火光，光亮   0   0
bleach   v.漂白，变白   0   0
bleed   v.出血，流血   0   0
blend   v.混合，掺混   0   0
bless   v.保佑，祝福   0   0
blessing   n.祝福   0   0
blind   adj.瞎的 v.使失明   0   0
blink   adj.眨眼，闪烁   0   0
block   n.大块，街区，障碍物   0   0
blockage   n.封锁   0   0
blond   adj.金发的   0   0
blood   n.血，血统   0   0
bloody   adj.流血的，残忍的   0   0
bloom   n.花 v.开花   0   0
blossom   n.(果树的)花   0   0
blot   n.污迹   0   0
blouse   n.女衫   0   0
blow   v.吹，吹掉，刮风   0   0
blue   adj.蓝色的，忧郁的   0   0
blunder   n.大错   0   0
blunt   adj.钝的，生硬的   0   0
blush   v.脸红，害臊   0   0
blushy   adj.害羞的   0   0
board   n.木板，伙食，董事会   0   0
boarding   n.伙食   0   0
boast   v.夸口，以...而自豪   0   0
boat   n.小船，艇   0   0
body   n.身体，尸体，团体   0   0
bodyguard   n.保镖   0   0
boil   v.沸腾，煮沸   0   0
boiler   n.锅炉   0   0
boiling   adj.沸腾的   0   0
bold   adj.大胆的   0   0
boldness   n.胆略   0   0
bolt   n.螺检，插销 v.闩门   0   0
bomb   n.炸弹 v.轰炸   0   0
bomber   n.轰炸机   0   0
bona fide   adj.真诚的，无欺的   0   0
bond   n.束缚，联结，债券   0   0
bonded   adj.保税的   0   0
bone   n.骨，骨骼   0   0
bony   adj.骨头的   0   0
bonus   n.红利   0   0
book   n.书 v.预订(票)   0   0
booking   adj.定货   0   0
booklet   n.小册子   0   0
bookcase   n.书橱   0   0
bookshelf   n.书架   0   0
bookstore   n.书店   0   0
boom   v.隆隆响，兴旺，繁荣   0   0
booming   adj.兴旺的，繁荣的   0   0
boost   v.抬高，促进   0   0
boot   n.靴子   0   0
booth   n.货摊，电话亭   0   0
border   n.国界，边境   0   0
bore   v.烦扰，使厌烦，钻孔   0   0
boring   adj.讨厌的   0   0
born   adj.出生的，天生的   0   0
borrow   v.借，借用   0   0
borrowings   n.借款   0   0
bosom   n.胸，胸怀   0   0
boss   n.上司，老板   0   0
bossy   adj.好发号施令的   0   0
both   pron.,adj.双方，两   0   0
bother   v.打扰，麻烦 n.麻烦   0   0
bottle   n.瓶子   0   0
bottle-neck   n.影响...的环节   0   0
bottom   n.底部，末尾   0   0
bottom-line   n.末行数字，结果   0   0
bough   n.大树枝   0   0
bounce   v.跳起 n.跳跃   0   0
bound   v.缚，以...为界   0   0
boundary   n.界线，边界   0   0
bourgeois   n.资产阶级分子   0   0
bow   v.鞠躬，服从 n.弓   0   0
bowl   n.碗，钵   0   0
bowling   n.保龄球   0   0
box   n.箱，盒 v.拳击   0   0
boxer   n.拳击运动员   0   0
boxing   n.拳击   0   0
boxing-day   n.节礼日   0   0
boy   n.男孩，小伙子   0   0
boycott   v.,n.抵制   0   0
brace   n.支撑 v.激励   0   0
bracket   n.括号   0   0
brag   v.吹嘘，夸口   0   0
brain   n.脑子，头脑，智能   0   0
brake   n. 制动器 v.刹车   0   0
branch   n.树枝，分支，分部   0   0
brand   n.牌子，商标   0   0
brandy   n.白兰地   0   0
brass   n.黄铜   0   0
brave   adj.勇敢的 v.冒着   0   0
bravely   adv.勇敢地   0   0
bravery   n.勇敢   0   0
brazil   n.巴西   0   0
brazilian   adj.,n.巴西的(人)   0   0
breach   n.违反(契约)   0   0
bread   n.面包，生计   0   0
bread-earner   n.挣钱养家的人   0   0
breadth   n.宽度，大量   0   0
break   n.打破，破坏 n.裂口   0   0
breakage   n.裂口   0   0
breakdown   n.故障，衰竭   0   0
breakthrough   n.突破   0   0
breakfast   n.早饭   0   0
breast   n.乳房，胸脯   0   0
breath   n.呼吸，气息   0   0
breathe   v.呼吸   0   0
breed   v.繁殖，饲养 n.品种   0   0
breeze   n.微风   0   0
bribe   v.贿赂   0   0
bribery   v.贿赂   0   0
brick   n.砖   0   0
bride   n.新娘   0   0
bridegroom   n.新郎   0   0
bridge   n.桥梁，桥牌   0   0
bridle   n.约束 v.抑制   0   0
brief   adj.简短的   0   0
briefing   n.简要情况   0   0
briefly   adv.简单地，简短地   0   0
bright   adj.明亮的，鲜明的   0   0
brighten   v.使发光   0   0
brightness   n.光辉，明亮   0   0
brilliance   n.辉煌，光彩   0   0
brilliant   v.辉煌的，杰出的   0   0
brim   n.边，边缘   0   0
bring   v.拿来，带来   0   0
brink   n.边缘   0   0
brisk   adj.敏捷的，活跃的   0   0
bristle   n.鬃毛   0   0
britain   n.不列颠，英国   0   0
british   adj.英国的，英属的   0   0
brittle   adj.易碎的，脆的   0   0
broad   adj.宽的，辽阔的   0   0
broadcast   v.,n.广播   0   0
broadcasting   n.广播节目   0   0
broaden   v.加宽，扩大   0   0
brochure   n.产品介绍手册   0   0
broken   adj.破碎的，毁坏了的   0   0
broker   n.经纪人   0   0
bronze   n.青铜   0   0
brood   n.一窝   0   0
brook   n.小河，溪流   0   0
broom   n.扫帚   0   0
brother   n.兄弟，同胞   0   0
brotherhood   n.兄弟情谊   0   0
brother-in-law   n.姻兄(弟)   0   0
brow   n.眉毛，额   0   0
brown   n.,adj.褐色(的)   0   0
bruise   n.青肿 v.打伤   0   0
brush   n.刷子，画笔 v.刷   0   0
brutal   adj.野蛮的   0   0
brute   n.禽兽，畜生   0   0
bubble   n.气泡   0   0
bucket   n.水桶   0   0
bud   n.芽，蓓蕾   0   0
buddhism   n.佛教   0   0
buddhist   n.佛教徒   0   0
budget   n.预算   0   0
buffalo   n.水牛，野牛   0   0
buffet   n.冷餐   0   0
bug   n.臭虫，虫子   0   0
bugle   n.喇叭   0   0
build   v.建造，建设   0   0
builder   n.建筑工人，建设者   0   0
building   n.建筑物，大楼   0   0
bulb   n.球形物，灯泡   0   0
bulk   n.体积，大半   0   0
bulky   adj.庞大的，笨重的   0   0
bull   n.公牛   0   0
bullet   n.子弹   0   0
bulletin   n.公报   0   0
bullion   n.金块，金条   0   0
bullish   adj.行情看涨的   0   0
bump   v.碰，颠簸 n.碰撞   0   0
bumpy   adj.颠簸不平的   0   0
bunch   n.一束   0   0
bundle   n.,v.捆，包   0   0
burden   n.担子，负担   0   0
burdensome   adj.沉重的   0   0
bureau   n.局，司，办公室   0   0
bureaucracy   n.官僚主义   0   0
bureaucratic   adj.官僚主义的   0   0
burglar   n.夜盗，窃贼   0   0
burglary   n.盗窃   0   0
burial   n.埋葬   0   0
burn   v.烧，燃烧，烧伤   0   0
burner   n.喷灯   0   0
burnt   adj.烧焦的，烧坏的   0   0
burst   v.,n.爆炸，破裂   0   0
bury   v.掩埋，安葬   0   0
bus   n.公共汽车   0   0
bush   n.灌木   0   0
bushel   n.蒲式耳(重量单位)   0   0
business   n.行业，买卖，商号   0   0
businesslike   adj.事务式的   0   0
busy   adj.忙碌的，热闹的   0   0
but   prep.但是，除了   0   0
butcher   n.屠夫 v.屠宰   0   0
butchery   n.肉食店   0   0
butt   n.根端 v.顶撞   0   0
butter   n.黄油   0   0
butterfly   n.蝴蝶   0   0
button   n.钮扣，按钮   0   0
buy   v.买，购买   0   0
buyer   n.购买者   0   0
buzz   v.嗡嗡叫 n.嗡嗡声   0   0
by   prep.在...旁边，按照   0   0
bygone   n.已往的，过时的   0   0
bypass   n.旁道，分路   0   0
by-product   n.副产品   0   0
