4
gain   v.获得，赢得 n.收益   0   0
gale   n.大风，定期交付   0   0
gallery   n.美术馆   0   1
gallon   n.加仑   0   1
gallop   v.奔驰，飞跑   0   0
gamble   v.,n.赌博，投机   0   0
gambler   n.赌徒   0   0
game   n.游戏，比赛，猎物   0   0
gang   n.一群，一帮   0   0
gangster   n.匪徒，歹徒   0   0
gaol   n.监狱   0   0
gap   n.空隙，隔阂，山口   0   0
garage   n.车库，汽车修理站   0   0
garbage   n.垃圾   0   0
garden   n.花园，菜园   0   0
gardener   n.园丁   0   0
gardening   n.园艺   0   0
garlic   n.大蒜   0   0
garment   n.衣服，服装   0   0
garrison   n.要塞，警备队   0   0
gas   n.气体，煤气，汽油   0   0
gasoline   n.汽油   0   0
gasp   v.,n.喘息，喘气   0   0
gate   n.大门，门票收入   0   0
gather   v.聚集，收集，采集   0   0
gathering   n.集会，聚集   0   0
gauge   n.规格，计量表   0   0
gay   adj.快活的，快乐的   0   0
gaze   v.,n.凝视，注视   0   0
gear   n.齿轮，用品   0   0
gem   n.宝石   0   0
general   adj.一般的，总的   0   0
generalization   n.概括   0   0
generalize   v.总结，归纳   0   0
generally   adv.通常，大概   0   0
generate   v.产生，发生，生殖   0   0
generation   n.世代，一代人   0   0
generator   n.发电机   0   0
generosity   n.慷慨，大方   0   0
generous   adj.慷慨的，丰盛的   0   0
genius   n.天份，才华，天才   0   0
gentle   adj.温柔的，温和的   0   0
gentleman   n.绅士，先生，君子   0   0
gently   adv.轻轻地，温柔地   0   0
genuine   adj.真正的，道地的   0   0
geography   n.地理学，地形   0   0
geology   n.地质学   0   0
geometry   n.几何学   0   0
germ   n.萌芽，起源，细菌   0   0
german   adj.德国的 n.德语   0   0
germany   n.德国   0   0
gesture   n.姿势，手势，姿态   0   0
get   v.获得，记住，到达   0   0
get-together   n.集会，聚会   0   0
ghost   n.鬼魂，幽灵   0   0
giant   n.巨人 adj.巨大的   0   0
gift   n.礼品，天赋   0   0
gigantic   adj.巨大的   0   0
giggle   v.咯咯地笑   0   0
ginger   n.姜   0   0
girl   n.少女，姑娘   0   0
giver   v.给予，付出 n.让步   0   0
glad   adj.快乐的，高兴的   0   0
glance   v.看一眼 n.一瞥   0   0
glare   n.,v.闪耀，瞪眼   0   0
glass   n.玻璃，镜子   0   0
glassware   n.玻璃制品   0   0
gleam   n.微光，闪光   0   0
glide   v.,n.滑行，溜   0   0
glimpse   v.,n.瞥见   0   0
glisten   v.闪光   0   0
glitter   v.闪闪发光   0   0
global   adj.全世界的，总的   0   0
globalization   n.全球化   0   0
globalize   v.使...全球化   0   0
globe   n.地球，球体，地球仪   0   0
gloom   n.黑暗，忧郁   0   0
gloomy   adj.阴沉的，忧郁的   0   0
glorious   adj.光荣的，辉煌的   0   0
glorify   v.颂扬，赞美   0   0
glory   n.光荣，壮丽，荣誉   0   0
glossary   n.词汇表   0   0
glove   n.手套   0   0
glow   v.发光，发红   0   0
glue   n.胶水 n.粘贴   0   0
glut   n.供过于求v.狼吞虎咽   0   0
gnaw   v.啃，咬   0   0
gnp   n.(缩)国民总收入   0   0
go   v.去，进行，打算   0   0
goal   n.目标，目的，球门   0   0
goat   n.山羊   0   0
god   n.神，上帝   0   0
goddess   n.女神   0   0
gold   n.黄金，金币，金色   0   0
golden   adj.黄色的，金黄色的   0   0
golf   n.高尔夫球   0   0
good   adj.好的，善良的   0   0
good-bye   int.再见   0   0
good-looking   adj.好看的   0   0
goodness   n.优良，天哪   0   0
goodself   n.你方   0   0
goods   n.货物，商品   0   0
goodwill   n.商誉   0   0
goose   n.鹅   0   0
gorge   n.咽喉，峡谷，山口   0   0
gorgeous   adj.绚丽的，了不起的   0   0
gorilla   n.大猩猩   0   0
gossip   n.闲谈，聊天   0   0
govern   v.统制，支配，决定   0   0
government   n.编制，政体，政府   0   0
governess   n.女家庭教师   0   0
governor   n.州长，总督   0   0
gown   n.长袍，法衣   0   0
grab   v.抓住，攫取   0   0
grace   n.优美，文雅，恩惠   0   0
graceful   adj.优美的，文雅的   0   0
gracious   adj.亲切的，客气的   0   0
grade   n.等级，年级   0   0
gradual   adj.逐渐的，逐步的   0   0
gradually   adv.逐渐地，逐步地   0   0
graduate   v.毕业生 v.毕业   0   0
graduation   n.毕业   0   0
grain   n.谷物，颗粒，一点点   0   0
gram   n.克   0   0
grammar   n.语法   0   0
grammatical   adj.语法的   0   0
gramophone   n.留声机   0   0
grand   adj.雄伟的，重大的   0   0
grandchild   n.(外)孙儿、女   0   0
granddaughter   n.孙女，外孙女   0   0
grandfather   n.祖父，外祖父   0   0
grandmother   n.祖母，外祖母   0   0
grandparent   n.(外)祖父(母)   0   0
grandson   n.孙子，外孙   0   0
granite   n.花岗石   0   0
grant   v.答应，授予，承认   0   0
grape   n.葡萄   0   0
graph   n.图象，图解   0   0
grasp   v.,n.抓住，领悟   0   0
grass   n.草，禾本植物   0   0
grasshopper   n.蚱蜢   0   0
grateful   adj.感激的，致谢的   0   0
gratify   v.使满足，使高兴   0   0
gratifying   adj.可喜的   0   0
gratis   adj.免费的   0   0
gratitude   n.感激，感谢   0   0
grave   adj.严肃的，庄重的   0   0
gravel   n.砂砾，石子   0   0
gravity   n.引力，严肃   0   0
graze   v.吃草，擦碰   0   0
grease   v.润滑油脂   0   0
great   adj.大的，伟大的   0   0
greatly   adj.大大地，非常地   0   0
greatness   n.伟大，大   0   0
greece   n.希腊   0   0
greed   n.贪婪，贪心   0   0
greedy   adj.贪婪的   0   0
greek   n.,adj.希腊人(的)   0   0
green   adj.绿的，没有经验的   0   0
greengrocer   n.蔬菜商   0   0
greenhouse   n.温室   0   0
greet   v.打招呼   0   0
greeting   n.问候，致意   0   0
grey   adj.灰色的，阴郁的   0   0
grief   n.悲哀，悲伤   0   0
grieve   v.使悲伤，伤心   0   0
grim   adj.冷酷的，不祥的   0   0
grin   v.露齿而笑   0   0
grind   v.碾碎，磨快，折磨   0   0
grip   v.,n.紧握，吸引   0   0
groan   v,,n.呻吟   0   0
grocer   n.杂货铺   0   0
grocery   n.杂货店   0   0
groove   n.槽，沟，常规   0   0
grope   v.摸索，探索   0   0
gross   adj.总的，粗糙的   0   0
ground   n.地面，场，根据   0   0
groundless   adj.无根据的   0   0
group   n.群，组，团体   0   0
grove   n.林子，树丛   0   0
grow   v.增长，成长，种植   0   0
growl   v.,n.咆哮，嗥叫   0   0
grown   adj.已长成的   0   0
grown-up   n.成人 adj.成人的   0   0
growth   n.增长，发展，生长   0   0
grudge   v.嫉妒，吝啬   0   0
grumble   v.抱怨，咕哝，发牢骚   0   0
grunt   n.,v.(作)呼噜声   0   0
guarantee   n.,v.保证，担保   0   0
guard   v.警卫，提防 v.哨兵   0   0
guardian   n.保护人   0   0
guess   v.,n.猜想，推测   0   0
guest   n.客人，宾客，旅客   0   0
guesthouse   n.宾馆   0   0
guidance   n.向导，指导   0   0
guide   v.向导，指引 n.导游   0   0
guilt   n.犯罪，过失   0   0
guilty   adj.有罪的，内疚的   0   0
guitar   n.吉它，六弦琴   0   0
gulf   n.海湾，鸿沟   0   0
gulp   v.吞下   0   0
gum   n.树胶，口香糖，牙龈   0   0
gun   n.枪，炮   0   0
gunpowder   n.火药   0   0
gust   n.一阵(大风)   0   0
gutter   n.街沟   0   0
guy   n.家伙   0   0
gymnasium   n.体育馆，健身房   0   0
gymnastics   n.体操   0   0
gymnast   n.体操运动员   0   0
