0
d/a   n.(缩)承兑交单   0   0
dacron   n.涤纶   0   0
dad   n.爸爸   0   0
dagger   n.匕首   0   0
daily   adj.每日的 adv.天天   0   0
dainty   adj.优雅，考究   0   0
dairy   n.奶牛场，乳品商店   0   0
dam   n.坝   0   0
damage   v.,n.损害，破坏   0   0
damn   v.,n.诅咒   0   0
damp   adj.潮湿的 n.潮气   0   0
dance   v.跳舞 n.舞蹈   0   0
dancer   n.舞蹈者，舞蹈演员   0   0
danger   n.危险，威胁   0   0
dangerous   adj.有危险的   0   0
danish   adj.,n.丹麦人(的)   0   0
denmark   n.丹麦   0   0
dare   v.敢，挑战，竟敢   0   0
daring   adj.大胆的，勇敢的   0   0
dark   adj.黑暗的 n.暗处   0   0
darken   v.变黑，转暗   0   0
darkness   n.黑暗   0   0
darling   n.爱人 adj.心爱的   0   0
dart   n.飞标游戏   0   0
dash   v.猛冲,泼溅 n.破折号   0   0
data   n.(复数)资料，数据   0   0
date   n.日期 v.注日期   0   0
dating   n.约会   0   0
daughter   n.女儿   0   0
daughter-in-law   n.儿媳   0   0
dawn   n.黎明，开端   0   0
day   n.一天，白天   0   0
daybreak   n.破晓   0   0
daylight   n.日光，白昼   0   0
daytime   n.日间   0   0
daze   v.耀眼，使迷乱   0   0
dazzle   v.使...眼花缭乱   0   0
dazzling   adj.令人目眩的   0   0
dead   adj.死的 n.死者   0   0
deadline   n.期限   0   0
deadly   adj.致命的，死一般的   0   0
deaf   adj.聋的   0   0
deafen   v.使...聋，震聋   0   0
deal   v.处理，交易 n.买卖   0   0
dealer   n.商人，贩子   0   0
dealing   n.交往，生意   0   0
dean   n.系主任   0   0
dear   adj.亲爱的，敬爱的   0   0
death   n.死，死亡   0   0
deathly   adj.致死的   0   0
debate   v.,n.辩论，讨论   0   0
debit   n.借方   0   0
debt   n.债，债务   0   0
decade   n.十年   0   0
decay   v.,n.腐烂，衰败   0   0
deceased   adj.已死的   0   0
deceit   n.欺骗，欺诈行为   0   0
deceive   v.欺骗   0   0
deception   n.欺诈   0   0
deceitful   adj.欺骗性的   0   0
december   n.十二月   0   0
decency   n.体面   0   0
decent   adj.体面的，象样的   0   0
decide   v.决定，判决   0   0
decided   adj.明确的，果断的   0   0
decidedly   adv.明确地，果断的   0   0
decimal   adj.十进制的，小数的   0   0
decision   n.决定，决议   0   0
decisive   adj.决定性，明确的   0   0
deck   n.甲板   0   0
declaration   n.宣布，宣告   0   0
declare   v.宣布，声明   0   0
decline   v.婉谢，推辞 n.衰落   0   0
declining   adj.下降的，衰落的   0   0
decompose   v.分解，腐烂   0   0
decorate   v.装饰   0   0
decoration   n.装饰物   0   0
decorative   adj.装饰的，装璜的   0   0
decrease   v.,n.减少   0   0
decree   n.法令 v.判决   0   0
dedicate   v.奉献，致力   0   0
deduce   v.演绎，推断   0   0
deduct   v.减   0   0
deduction   n.推断，减少   0   0
deed   n.行为，契据   0   0
deem   v.以为，认为   0   0
deep   adj.深的，深远的   0   0
deepen   v.加深，深化   0   0
deeply   adv.深深的，深切地   0   0
deer   n.鹿   0   0
default   n.,v.不履行，不负责   0   0
defeat   v.击败 n.失败   0   0
defect   n.缺点，缺陷   0   0
defective   adj.有缺点的   0   0
defence   n.保卫，防御   0   0
defend   v.保卫，为...辩护   0   0
defer   v.拖延   0   0
defiance   n.蔑视，挑战   0   0
defiant   adj.无礼的，挑战的   0   0
deficiency   n.缺乏   0   0
deficient   adj.缺乏的，不足的   0   0
deficit   n.赤字   0   0
define   v.下定义，界定，规定   0   0
definite   adj.明确的，限定的   0   0
definitely   adv.明确地，肯定地   0   0
definition   n.定义，解释   0   0
definitive   adv.定义的   0   0
deflate   v.收缩，紧缩   0   0
deflect   v.偏斜   0   0
deflection   n.偏转，偏斜   0   0
deform   v.使变形，使残废   0   0
deformation   n.变形   0   0
defray   v.支付   0   0
defy   v.反抗，蔑视，使不能   0   0
degradation   n.降低，恶化   0   0
degrade   v.败低，下降，堕落   0   0
degree   n.程度，度，学位   0   0
delay   v.,n.耽搁，延误   0   0
del credere   n.保付   0   0
delegate   n.代表 n.委派   0   0
delegation   n.代表团   0   0
delete   v.删除   0   0
deletion   n.删除   0   0
deliberate   adj.故意的，审慎的   0   0
deliberately   adv.故意地，从容地   0   0
deliberation   n.慎重，故意   0   0
delicacy   n.精致   0   0
delicate   adj.优雅的，精致的   0   0
delicious   adj.美味的   0   0
delight   n.快乐，乐事 n.喜爱   0   0
delightful   adj.令人高兴的   0   0
delinquency   n.轻微犯罪   0   0
delinquent   adj.拖欠的   0   0
deliver   v.交付，递送，讲述   0   0
deliverance   n.救助   0   0
delivery   n.交付，递送，讲述   0   0
delusion   n.错觉   0   0
delusive   adj.令人产生错觉的   0   0
demand   v.,n.要求，需求   0   0
demanding   adj.对人要求严格的   0   0
democracy   n.民主，民主政体   0   0
democrat   n.民主党人   0   0
democratic   adj.民主的   0   0
demolish   v.拆除   0   0
demolition   n.拆除   0   0
demonstrate   v.论证，演示，表明   0   0
demonstration   n.示范，表演，示威   0   0
demurrage   n.滞期费   0   0
den   n.窝   0   0
denial   n.拒绝，否定   0   0
denominate   v.为...命名   0   0
denomination   n.命名   0   0
denote   v.表示   0   0
denounce   v.谴责，斥责   0   0
dense   adj.稠密的，浓厚的   0   0
density   n.密度，稠密   0   0
dent   n.牙，槽，凹陷   0   0
dentist   n.牙科医生   0   0
deny   v.否认，拒绝   0   0
depart   v.离去，出发，违反   0   0
department   n.部，部门，系   0   0
departure   n.离开，违背   0   0
depend   v.依靠，依赖   0   0
dependability   n.可依赖性   0   0
dependable   adj.可依赖的   0   0
dependant   n.受赡养者   0   0
dependence   n.依靠，依赖   0   0
dependent   adj.依靠的，随..而定   0   0
depict   v.描述，描画   0   0
depiction   n.描述   0   0
deplete   v.减少，耗尽   0   0
deposit   v.存放，储蓄 n.存款   0   0
deposition   n.免职，罢官   0   0
depreciate   v.降价，贬值，折旧   0   0
depreciation   n.折旧，贬值   0   0
depress   v.抑制，使人抑郁   0   0
depressed   adj.情绪低落的   0   0
depression   n.沮丧，萧条   0   0
deprive   v.剥夺，丧失   0   0
depth   n.深度   0   0
deputy   n.代表 adj.副职的   0   0
derivation   n.起源，衍生物   0   0
derive   v.从...而来，得来   0   0
derrick   n.钻塔，井架   0   0
descend   v.降临，下来，遗传   0   0
descendant   n.子孙，后裔   0   0
descent   n.下降，血统   0   0
describe   v.描写，作图   0   0
description   n.描述，形容   0   0
desert   v.遗弃，擅离 n.沙漠   0   0
deserve   v.应受，值得   0   0
design   v.设计，旨在 n.设计   0   0
designate   v.指明，指定   0   0
designation   n.指定，委派   0   0
designer   n.设计者   0   0
desirable   adj.合乎要求的   0   0
desire   n.欲望，要求 v.要求   0   0
desk   n.课桌，写字台   0   0
desolate   adj.荒芜的，凄凉的   0   0
desolation   n.荒凉，凄凉   0   0
despair   n.,v.绝望   0   0
desperate   adj.不顾一切的   0   0
desperation   n.绝望   0   0
despise   v.鄙视，看不起   0   0
despite   prep.不管，任凭   0   0
dessert   n.(最后一道)甜食   0   0
destination   n.终点，目的地   0   0
destine   v.注定，预定   0   0
destiny   n.命运，定数   0   0
destroy   v.破坏，摧毁，消灭   0   0
destruction   n.破坏，毁灭   0   0
destructive   adj.破坏性的   0   0
detach   v.分离，拆开   0   0
detail   n.细节   0   0
detailed   adj.详细的，详尽的   0   0
detain   v.留住，阻止   0   0
detect   v.发现，侦察   0   0
detection   n.发现，侦查   0   0
detective   n.侦探   0   0
deteriorate   v.恶化，败坏   0   0
deterioration   n.退化   0   0
determination   n.决心，决定   0   0
determine   v.决心，决定，测定   0   0
detour   v.绕道，绕开   0   0
detract   v.降低   0   0
detriment   n.损害   0   0
detrimental   adj.有害的   0   0
devaluation   n.贬值   0   0
devalue   v.贬值   0   0
develop   v.发展，开发，成长   0   0
developing   adj.发展中的   0   0
development   n.进展，发展   0   0
deviate   v.背离   0   0
deviation   n.背离，偏向   0   0
device   n.装置，方法   0   0
devil   n.魔鬼，恶人   0   0
devise   v.设计，计划   0   0
devote   v.奉献，贡献   0   0
devoted   adj.献身于...的   0   0
devotion   n.献身，专心   0   0
devour   v.吞吃，吞没   0   0
dew   n.露水   0   0
diagnose   v.诊断   0   0
diagnosis   n.诊断   0   0
diagram   n.图表，图解   0   0
dial   n.钟盘 v.拨电话   0   0
dialect   n.方言   0   0
dialog   n.对话，对白   0   0
diameter   n.直径   0   0
diamond   n.钻石，金刚石   0   0
diary   n.日记   0   0
dictate   v.口授，命令   0   0
dictation   n.口授，听写   0   0
dictator   n.独裁者   0   0
dictatorship   n.独裁，专政   0   0
diction   n.措辞   0   0
dictionary   n.词典，字典   0   0
die   v.死，消亡   0   0
diesel   n.内燃机，柴油机   0   0
diet   n.饮食，节食   0   0
differ   v.不同，相异   0   0
difference   n.差异，差别   0   0
different   adj.不同的，各种   0   0
differential   adj.有差别的   0   0
differently   adv.不同地   0   0
difficult   adj.困难的   0   0
difficulty   n.困难，难题   0   0
dig   v.挖，采掘   0   0
digest   v.消化 n.摘要   0   0
digestion   n.消化   0   0
digit   n.数字   0   0
digital   adj.数字的   0   0
dignity   n.尊贵，尊严   0   0
dike   n.堤   0   0
dilute   v.稀释   0   0
diligent   adj.勤奋的，用功的   0   0
dim   adj.暗淡的，模糊的   0   0
dime   n.(美元)一角   0   0
dimension   n.维，方面，尺寸   0   0
dimensional   adj.尺寸的   0   0
diminish   v.减少，缩小   0   0
dine   v.用餐   0   0
dining-room   n.餐厅   0   0
dingy   adj.肮脏的   0   0
dinner   n.正餐，晚餐，宴会   0   0
dip   v.,n.蘸，浸   0   0
diploma   n.毕业文凭，学位证书   0   0
diplomacy   n.外交   0   0
diplomat   n.外交人员   0   0
diplomatic   n.外交的   0   0
direct   v.支配，指挥，对准   0   0
direction   n.方向，指示，说明   0   0
directive   n.命令，指令   0   0
directly   adv.直接地，立即   0   0
director   n.指导者，导演，领导   0   0
directory   n.目录，地址录   0   0
dirt   n.尘埃，灰尘，泥土   0   0
dirty   adj.肮脏的   0   0
disable   v.使残废   0   0
disabled   adj.残废的 n.残疾人   0   0
disadvantage   n.不利之处   0   0
disadvantageous   adj.不利的   0   0
disagree   v.意见不合，不符   0   0
disagreement   n.不和，不一致   0   0
disallow   v.不允许   0   0
disappear   v.失踪，消失   0   0
disappearance   n.消失   0   0
disappoint   v.使...失望   0   0
disappointed   adj.失望的，扫兴的   0   0
disappointment   n.失望   0   0
disapproval   n.不批准   0   0
disaster   n.自然灾害，祸患   0   0
disastrous   adj.灾难性的   0   0
disburse   v.支付   0   0
disbursement   n.支付   0   0
disc   n.圆盘，唱片   0   0
discard   v.,n.丢弃，扔掉   0   0
discern   v.操作别，辨明   0   0
discharge   v.解除，放出，卸货   0   0
disciplinary   adj.纪律的，学科的   0   0
discipline   n.训练，纪律 n.锻炼   0   0
disclaim   v.放弃，不承认   0   0
disclose   v.揭开，透露   0   0
discomfort   n.不安，不舒服   0   0
discomfortable   adj.不舒服的   0   0
discontinue   v.中断   0   0
discount   n.,v.折扣   0   0
discourage   v.使...泄气，阻止   0   0
discourse   n.演说，谈话，话语   0   0
discover   v.发现   0   0
discovery   n.发现，发现物   0   0
discreet   adj.周到的，慎重的   0   0
discreetly   adv.慎重地   0   0
discrepancy   n.单货不符   0   0
discretion   n.慎重   0   0
discriminate   v.区别，岐视   0   0
discrimination   n.辨别，岐视   0   0
discuss   v.讨论   0   0
discussion   v.讨论，商议   0   0
disdain   v.轻视   0   0
disease   n.疾病   0   0
disgrace   n.耻辱 v.使受辱   0   0
disgraceful   adj.耻辱的，受辱的   0   0
disguise   v.,n.伪装，掩饰   0   0
disgust   n.厌恶 v.使讨厌   0   0
disgustful   adj.令人生厌的   0   0
dish   n.盘子，碟子   0   0
dishonorable   adj.不名誉的   0   0
dishonor   n.耻辱 v.凌辱   0   0
disillusion   v.使觉醒，幻灭   0   0
disinclined   adj.不愿意的   0   0
disinfectant   n.消毒剂   0   0
disintegration   n.分散，解体   0   0
dislike   v.,n.厌恶   0   0
disloyal   adj.不忠的   0   0
disloyalty   adj.不忠   0   0
dismal   adj.阴郁的，沉闷的   0   0
dismay   v.使沮丧 n.沮丧   0   0
dismiss   v.解散，开除   0   0
dismissal   n.解散，开除   0   0
disobey   v.不服从   0   0
disorder   n.紊乱，骚乱，失调   0   0
disparity   n.不同，悬殊   0   0
dispatch   v.迅速派遣 n.快件   0   0
dispel   v.驱散   0   0
dispense   v.分配，施予   0   0
disperse   v.驱散，散布   0   0
displace   v.置换，取代   0   0
displacement   n.置换，替换物   0   0
display   v.,n.陈列，表现   0   0
displease   v.使生气，惹怒   0   0
displeasure   n.不快   0   0
disposal   n.处置，对付   0   0
dispose   v.处置，对付，解决   0   0
disposed   adj.有...倾向的   0   0
disposition   n.布置，处置   0   0
dispute   v.争论，质疑 n.争论   0   0
disregard   v.,n.无视，不顾   0   0
dissatisfaction   n.不满   0   0
dissatisfy   v.使不满   0   0
dissimilar   adj.不同的   0   0
dissipate   v.驱散，消耗，浪费   0   0
dissolve   v.溶解，使终结   0   0
distance   n.距离，远处   0   0
distant   adj.远方的，疏远的   0   0
distillation   n.蒸馏   0   0
distinct   adj.不同的，明显的   0   0
distinction   n.差别，非凡   0   0
distinctly   adv.明晰地，清楚地   0   0
distinguish   v.辨别，认出   0   0
distinguished   adj.尊贵的，尊敬的   0   0
distort   v.扭曲，歪曲   0   0
distortion   n.曲解，失真，变形   0   0
distract   v.分神，迷惑   0   0
distraction   n.分心   0   0
distress   n.苦恼，不幸   0   0
distribute   v.分配，分布，分销   0   0
distribution   n.分配，分布   0   0
distributor   n.分销商   0   0
distributorship   n.分销权   0   0
district   v.区，区域，地区   0   0
disturb   v.打扰，打乱，使烦恼   0   0
disturbance   n.干扰，动乱   0   0
disunite   v.使分裂   0   0
disuse   v.,n.废止   0   0
ditch   n.沟，渠，下水道   0   0
ditto   n.同上   0   0
dive   v.潜水，跳水，俯冲   0   0
diver   n.潜水员，跳水运动员   0   0
diverge   v.分歧，离题   0   0
divergence   n.分歧   0   0
diverse   adj.不同的，分歧的   0   0
diversion   n.转移，消遣   0   0
diversity   n.多样化   0   0
divert   v.使转向，消遣   0   0
divide   v.分开，分享，分裂   0   0
divine   adj.神的，神圣的   0   0
division   n.划分，部分   0   0
divorce   v.离婚，使脱离   0   0
dizzy   adj.晕眩的   0   0
do   v.做，干，足够，制作   0   0
dock   n.码头   0   0
doctor   n.医生，博士   0   0
doctrine   n.教义，学说   0   0
document   n.文件，公文   0   0
documentary   adj.文化的   0   0
documentation   n.提供文件   0   0
dodge   v.躲避   0   0
dog   n.狗   0   0
doggedly   adv.顽固地   0   0
doll   n.玩偶，娃娃   0   0
dollar   n.元，美元   0   0
domain   n.领土，领域   0   0
dome   n.圆顶，穹窿   0   0
domestic   adj.家里的，国内的   0   0
dominant   adj.统治的   0   0
dominate   v.统治，支配，占优势   0   0
donate   v.捐献   0   0
donation   n.捐献   0   0
donkey   n.驴，笨蛋   0   0
doom   n.命运，判决 v.命定   0   0
door   n.门，(一户)人家   0   0
doorway   n.门口，门道   0   0
dormitory   n.集体宿舍   0   0
dose   n.剂量，一服药   0   0
dot   n.点，圆点   0   0
double   adj.两倍的，双重的   0   0
doubt   v.,n.怀疑，疑惑   0   0
doubtful   adj.怀疑的，可疑的   0   0
doubtless   adv.无疑地，大约   0   0
dough   n.面团   0   0
dove   n.鸽子   0   0
down   adv.向下，下降   0   0
downstairs   adv.在楼下   0   0
downtown   n.闹市 adv.去市里   0   0
downward   adj.向下的，下坡的   0   0
downwards   adv.向下，以下   0   0
doze   v.打瞌睡   0   0
dozen   n.一打   0   0
draft   n.草案，草稿，穿堂风   0   0
drag   v.拖，拽   0   0
dragon   n.龙   0   0
drain   v.排水，耗竭，泄   0   0
drainage   v.排水系统，污水   0   0
drama   n.戏剧，剧本   0   0
dramatic   adj.戏剧性的，显著的   0   0
dramatist   n.戏剧家   0   0
dramatize   v.使戏剧化   0   0
drastic   adj.激烈的，严厉的   0   0
draw   v.画，拉，吸引   0   0
drawback   n.不利，欠缺   0   0
drawer   n.抽屉   0   0
drawing   n.素描，绘画，图样   0   0
dread   v.,n.恐惧，担心   0   0
dreadful   adj.可怕的，糟糕的   0   0
dream   n.梦，梦想 v.做梦   0   0
dreary   adj.疲劳的   0   0
drench   v.浸泡，充满   0   0
dress   n.服装 v.穿衣   0   0
dressing   n.打扮，调味品   0   0
drift   v.漂流，游荡   0   0
drill   n.钻头，操练 v.训练   0   0
drink   v.喝，饮 n.饮料，酒   0   0
drip   v.滴下，流下   0   0
drive   v.驾驶，乘车 n.车道   0   0
driver   n.司机   0   0
droop   v.下垂   0   0
drop   v.落下 n.滴，下降   0   0
dropout   n.中途退出者   0   0
drought   n.旱灾   0   0
drown   v.淹死   0   0
drug   n.药物，麻醉剂   0   0
drugstore   n.零食店   0   0
drum   n.鼓 v.敲鼓   0   0
drunk   adj.喝醉的   0   0
drunkard   n.醉鬼   0   0
dry   adj.干的，枯燥的   0   0
dubious   adj.怀疑的   0   0
duck   n.鸭子   0   0
due   adj.到期的，预定的   0   0
duke   n.公爵   0   0
dull   adj.沉闷的，钝的   0   0
duly   adv.按期地   0   0
dumb   adj.哑的   0   0
dummy   n.傀儡   0   0
dump   v.倾倒 n.垃圾堆   0   0
dumping   n.倾销   0   0
dung   n.粪   0   0
dungeon   n.地牢   0   0
duplicate   adj.二重的，复制的   0   0
durable   adj.持久的，耐用的   0   0
duration   n.期间，待续时间   0   0
during   prep.在...期间   0   0
dusk   n.黄昏   0   0
dust   n.尘土，粉末 v.掸土   0   0
dustbin   n.簸箕   0   0
dusty   adj.沾满灰尘的   0   0
duty   n.责任，义务，关税   0   0
duty-free   adj.免税的   0   0
dwarf   n.矮子，侏儒   0   0
dwell   v.居住   0   0
dweller   n.居住者，住客   0   0
dwelling   n.住宅   0   0
dye   n.染料 v.染色   0   0
dynamic   adj.动力的，动态的   0   0
dynasty   n.朝代，王朝   0   0
