0
each   adj.,adv.名，每个   0   0
eager   adj.热切的，渴望的   0   0
eagle   n.鹰   0   0
ear   n.耳朵，穗   0   0
earl   n.伯爵   0   0
early   adj.早的，初期的   0   0
earmark   n.标记，特征   0   0
earn   v.挣钱，赢得   0   0
earnest   adj.认真的，诚恳的   0   0
earnings   n.收入，赚得的钱   0   0
earphone   n.耳机   0   0
earth   n.地球，地上，泥土   0   0
earthly   adj.世俗的   0   0
earthquake   n.地震   0   0
ease   n.安逸，轻易   0   0
easily   adv.容易地，安逸地   0   0
east   adj.东方的 n.东方   0   0
easter   n.复活节   0   0
eastern   adj.东的，朝东的   0   0
eastward   adv.向东   0   0
easy   adj.容易的，轻松的   0   0
easy-going   adj.逍遥自在的   0   0
eat   v.吃   0   0
eccentric   adj.性格怪僻的   0   0
eccentricity   n.怪僻   0   0
echo   n.回声，反响，共呜   0   0
eclipse   n.(日、月)食，蚀   0   0
ecology   n.生态学   0   0
economic   adj.经济的，经济学的   0   0
economical   adj.节省的，经济的   0   0
economically   adv.经济上   0   0
economics   n.经济学   0   0
economize   v.节省   0   0
economy   n.经济，节约   0   0
ecstasy   n.狂喜   0   0
edge   n.边，边缘，刀刃   0   0
edit   v.校订，编辑   0   0
edition   n.片(本)   0   0
editor   n.编辑，编者   0   0
editorial   n.社论   0   0
educate   v.教育   0   0
education   n.教育，训练   0   0
educational   adj.教育的   0   0
eel   n.鳝鱼   0   0
effect   n.后果，效力 v.导致   0   0
effective   adj.有效的   0   0
effectively   adv.有效地   0   0
effectiveness   n.有效   0   0
efficiency   n.效率，功效   0   0
efficient   adj.效率高的   0   0
effort   n.努力，尽力，成果   0   0
e. g.   (缩)例如   0   0
egg   n.卵，蛋，鸡蛋   0   0
eggplant   n.茄子   0   0
egypt   n.埃及   0   0
egyptian   adj.,n.埃及人(的)   0   0
eight   num.八   0   0
eighteen   num.十八   0   0
eighth   num.第八，八分之一   0   0
eighty   num.八十   0   0
either   adj.二者之一 adv.也   0   0
eject   v.喷射   0   0
ejection   n.喷射   0   0
elaborate   v.,adj.详尽阐述   0   0
elaboration   n.详尽阐述   0   0
elapse   v.(时间)消逝   0   0
elastic   adj.弹性的，灵活的   0   0
elasticity   n.弹性   0   0
elbow   n.肘，弯管   0   0
elder   adj.年长的，资格老的   0   0
elect   v.选举 adj.当选的   0   0
election   n.选举   0   0
electric   adj.电的，电力的   0   0
electrical   adj.电的   0   0
electrician   n.电工   0   0
electricity   n.电   0   0
electrify   v.充电，电气化   0   0
electron   n.电子   0   0
electronic   adj.电子的   0   0
electronics   n.电子学   0   0
elegance   n.优雅   0   0
elegant   adj.优雅的，典雅的   0   0
element   n.成分，元素   0   0
elemental   adj.自然力的，基本的   0   0
elementary   adj.基础的，初步的   0   0
elephant   n.象   0   0
elevate   v.提升，抬高   0   0
elevation   n.海拔，提高，崇高   0   0
elevator   n.电梯   0   0
eleven   num.十一   0   0
eleventh   num.第十一   0   0
eliminate   v.消灭，删除   0   0
elimination   n.消灭，删除   0   0
elliptical   adj.椭圆的，省略的   0   0
ellipsis   n.省略   0   0
eloquence   n.雄辩，口才   0   0
eloquent   adj.雄辩的，有口才的   0   0
else   adj.别的 adv.否则   0   0
elsewhere   adv.在别处   0   0
elusive   adj.躲闪的   0   0
email   n.子]件   0   0
emancipate   v.解放   0   0
emancipation   n.解放   0   0
embargo   n.禁运   0   0
embark   v.登陆   0   0
embarrass   v.使窘，使为难   0   0
embarrassing   adj.令人尴尬的   0   0
embarrassment   n.窘迫，尴尬   0   0
embassy   n.使馆   0   0
embody   v.体现，包含   0   0
embrace   v.拥抱，接受，包括   0   0
embroider   v.绣   0   0
embroidery   v.刺绣(品)   0   0
emerge   v.出现，暴露   0   0
emergency   n.紧急情况，急诊   0   0
emigrant   n.移居国外的人   0   0
emigrate   v.移居国外，移民   0   0
emigration   n.向国外移民   0   0
eminent   adj.杰出的，突出的   0   0
emission   n.发射，散发   0   0
emit   v.发射，散发   0   0
emotion   n.感情，情绪   0   0
emotional   adj.感情的，激动的   0   0
emperor   n.皇帝   0   0
emphasis   n.强调，重点，重读   0   0
emphasize   v.强调，着重   0   0
emphatic   adj.强调的，着重的   0   0
empire   n.帝国，财团   0   0
empirical   adj.经验的   0   0
employ   v.雇用，使用，从事   0   0
employee   n.雇员   0   0
employer   n.雇主   0   0
employment   n.职业，就业   0   0
emptiness   n.空虚，空白   0   0
empty   adj.空的，空虚的   0   0
enable   v.使能够，使可能   0   0
enchant   v.迷住，陶醉   0   0
encircle   v.环绕，包围   0   0
enclose   v.围住，圈起，封入   0   0
enclosure   n.围绕，附件   0   0
encounter   v.面临，遭遇   0   0
encourage   v.鼓舞，鼓励，助长   0   0
encouragement   n.鼓舞，鼓励   0   0
encyclopaedia   n.百科全书   0   0
end   n.结尾 v.终止，结束   0   0
endanger   v.危及，危害   0   0
endeavor   v.,n.努力，尽力   0   0
ending   n.结局   0   0
endless   adj.无穷无尽的   0   0
endorse   v.背签   0   0
endorsement   n.背书   0   0
endow   v.资助，赋予，授予   0   0
endurance   n.忍耐力，耐用   0   0
endure   v.忍受，容忍，持久   0   0
endures   n.最终用户   0   0
enemy   n.敌人，对手   0   0
energetic   adj.精力旺盛的   0   0
energy   n.精力，活力，能量   0   0
enforce   v.实施，强制   0   0
engage   v.从事，雇用，吸引   0   0
engaged   adj.占用的，从事..的   0   0
engagement   n.约束，约会，婚约   0   0
engine   n.发动机，火车头   0   0
engineer   n.工程师   0   0
engineering   n.工程   0   0
england   n.英格兰，英国   0   0
english   n.,adj.英国的，英语   0   0
englishman   n.英国人   0   0
engrave   v.刻上，牢记   0   0
engraving   adj.雕刻   0   0
engulf   v.吞没   0   0
enhance   v.提高，增加   0   0
enhancement   n.提高   0   0
enjoy   v.欣赏，享有，享受   0   0
enjoyable   adj.愉快的   0   0
enjoyment   n.享受，乐趣   0   0
enlarge   v.扩大，扩展，放大   0   0
enlargement   n.扩大   0   0
enlighten   v.启发，教导   0   0
enlightening   adj.给人启发的   0   0
enormous   adj.巨大的，庞大的   0   0
enough   adj.,adv.足够(的)   0   0
enquire   v.询问   0   0
enquiry   v.询问   0   0
enrich   v.使富裕   0   0
enroll   v.登记，招收   0   0
enrolment   n.招收   0   0
en route   adv.在途中   0   0
ensure   v.保证，担保，保护   0   0
entail   v.遗留给，引起   0   0
enter   v.进入，加入   0   0
enterprise   n.事业，企业   0   0
entertain   v.招待，使欢乐   0   0
entertainment   n.招待，娱乐   0   0
enthusiasm   v.热情，热心   0   0
enthusiastic   adj.热情的，热心的   0   0
entire   adj.完全的，全部的   0   0
entirely   adv.完全地，彻底地   0   0
entirety   n.全部   0   0
entitle   v.给...权利，资格   0   0
entrance   n.进入，入口   0   0
entreat   v.恳求，请求   0   0
entrust   v.委托   0   0
entry   n.进入，入口，词条   0   0
enumerate   v.列举   0   0
envelop   v.包，围绕   0   0
envelope   n.信封   0   0
envious   adj.嫉妒的   0   0
environment   n.环境   0   0
environmental   adj.环境的   0   0
envy   v.,n.嫉妒，羡慕   0   0
epidemic   adj.传染的 n.传染病   0   0
episode   n.事件，情节，插曲   0   0
epoch   n.时代，纪元   0   0
epoch-making   adj.划时代的   0   0
equal   adj.相等的，胜任的   0   0
equality   n.平等，相等   0   0
equally   adv.相等地，相同地   0   0
equation   n.等式，方程式   0   0
equator   n.赤道   0   0
equilibrium   n.平衡，均衡   0   0
equip   v.装备，配备   0   0
equipment   n.设备，器材，装置   0   0
equivalence   n.相等，等值   0   0
equivalent   adj.相等的，等值的   0   0
era   n.时代，年代   0   0
eradicate   v.根除   0   0
eradication   n.根除   0   0
erase   v.擦掉，抹去   0   0
erasure   n.抹去   0   0
erect   v.树立，建立，竖立   0   0
erection   n.竖立，建立   0   0
erosion   n.腐蚀，侵蚀   0   0
err   v.犯错误   0   0
errand   n.差事，差使   0   0
error   n.错误，过失   0   0
erupt   v.喷发，爆发   0   0
eruption   n.喷发，爆发   0   0
escalator   n.电动扶梯   0   0
escape   v.逃跑，避免，被遗忘   0   0
escort   v.护送 n.护卫队   0   0
especial   adj.特别的，专门的   0   0
especially   adv.特别地，专门地   0   0
essay   n.散文，论文，小品文   0   0
essayist   n.散文作家   0   0
essence   n.本质，情髓，香精   0   0
essential   adj.必需的，本质的   0   0
essentially   adj.本质上，实质上   0   0
establish   v.建立，设立，确立   0   0
established   adj.已建立的   0   0
establishment   n.建立，组织   0   0
estate   n.房地产，财产   0   0
esteem   v.,n.尊重   0   0
estimate   v.,n.估算，预算   0   0
estimation   n.估算，估计   0   0
etc.   (缩)等等   0   0
eternal   adj.永恒的，无休止的   0   0
europe   n.欧洲   0   0
european   n.,adj.欧洲人(的)   0   0
evaluate   v.估价，评价   0   0
evaluation   n.估价，评价   0   0
evaporate   v.蒸发，脱水，消失   0   0
evaporation   n.蒸发，升华   0   0
eve   n.前夕，前夜   0   0
even   adj.平坦的，均匀的   0   0
evening   n.傍晚，晚上   0   0
evenly   adv.平坦地，均匀地   0   0
event   n.事件，场合，比赛   0   0
eventful   adj.多事的   0   0
eventually   adv.最终，终于   0   0
ever   adv.曾经，总是，究竟   0   0
everlasting   adj.永久的，持久的   0   0
every   adj.每个，所有的   0   0
everybody   pron.人人，每人   0   0
everyday   adj.每日的，日常的   0   0
everyone   pron.人人，每人   0   0
everything   pron.事事，一切   0   0
everywhere   adv.处处，到处   0   0
evidence   n.证据，迹象   0   0
evident   adj.明显的，明白的   0   0
evidently   adv.明显地，显然   0   0
evil   adj.坏的，邪恶的   0   0
evolution   v.发展，渐进，进化   0   0
evolve   v.发展，进化   0   0
ex   prep.在...交货   0   0
exact   adj.精确的，精密的   0   0
exactly   adv.确切地，正是   0   0
exaggerate   v.夸张，夸大   0   0
exaggerated   adj.言过其辞的   0   0
exaggeration   n.夸张   0   0
exalt   v.抬高，发扬   0   0
exalted   adj.高贵的，得意的   0   0
exam   n.考试   0   0
examination   n.检查，考试   0   0
examine   v.检查，细看，考试   0   0
example   n.例子，榜样   0   0
exasperate   v.激怒，恶化   0   0
exasperation   n.愤慨，加剧   0   0
exceed   v.超过，过度   0   0
exceedingly   adv.非常，极端地   0   0
excel   v.胜过，优于   0   0
excellence   n.优秀，卓越   0   0
excellent   adj.优秀的，卓越的   0   0
except   prep.除...外 v.除外   0   0
exception   n.除外，例外   0   0
exceptional   adj.异常的，例外的   0   0
excess   n.过量，过剩   0   0
excessive   adj.过分的，极度的   0   0
exchange   v.交换，兑换 n.交易   0   0
excite   v.刺激，使兴奋   0   0
excited   adj.兴奋的   0   0
excitement   n.兴奋，激动   0   0
exciting   adj.令人激动的   0   0
exclaim   v.呼喊，感叹   0   0
exclamation   n.呼喊，感叹   0   0
exclude   v.排除，拒绝考虑   0   0
exclusion   n.排除   0   0
exclusive   adj.独有的   0   0
exclusively   adv.独占地   0   0
exclusivity   n.独家经营权   0   0
excursion   n.短途游览   0   0
excuse   v.原谅 n.借口   0   0
execute   v.执行，实施，处决   0   0
execution   n.执行，处决   0   0
executive   adj.执行的 n.执行者   0   0
exemplify   v.举例说明   0   0
exempt   v.免除   0   0
exercise   n.锻炼，练习，运用   0   0
exercise-book   n.练习簿   0   0
exert   v.尽(力)，发挥   0   0
exertion   n.尽力，竭力   0   0
exhaust   v.竭尽，用完   0   0
exhausted   adj.精疲力竭的   0   0
exhaustion   n.用尽，详述   0   0
exhaustive   adj.详尽的   0   0
exhibit   v.展出,显示 n.展览品   0   0
exhibition   n.展览会，表现   0   0
exile   v.放逐 n.流亡者   0   0
exist   v.存在，生存   0   0
existence   n.存在，生存   0   0
existing   adj.现存的，已有的   0   0
exit   n.出口，安全门，离开   0   0
exonerate   v.昭雪，解除   0   0
exoneration   n.免罪，免除   0   0
expand   v.扩张，膨胀，扩充   0   0
expansion   n.扩张，扩大   0   0
expect   v.盼望，期待，预料   0   0
expectation   v.期待，前程   0   0
expedience   n.便利，权宜之计   0   0
expedient   adj.方便的，临时的   0   0
expedite   v.加快，急送   0   0
expedition   n.探险，考察队   0   0
expel   v.驱逐，开除   0   0
expend   v.花费，消耗   0   0
expenditure   n.支出，费用   0   0
expense   n.支出，开支   0   0
expensive   adj.昂贵的，高价的   0   0
experience   n.,v.经历，经验   0   0
experienced   adj.有经验的   0   0
experiment   n.,v.实验，试验   0   0
experimental   adj.实验的   0   0
experimentation   n.实验   0   0
expert   n.专家，能手   0   0
expertise   n.专家队伍(总称)   0   0
expiration   n.期满   0   0
expire   v.到期，断气   0   0
expiry   n.逾期   0   0
explain   v.解释，说明   0   0
explanation   n.说明，解释   0   0
explanatory   adj.说明的   0   0
explicit   adj.清楚的，明晰的   0   0
explicitly   adv.清晰地   0   0
explode   v.爆炸，激增   0   0
exploit   v.开发，利用，剥削   0   0
exploitation   n.开发，利用   0   0
exploration   n.勘探，考察   0   0
explore   v.勘探，考察   0   0
explorer   n.勘探者，探险家   0   0
explosion   n.爆炸，爆发，激增   0   0
explosive   adj.爆炸性的 n.炸药   0   0
export   v.,n.输出，出口   0   0
exportation   n.出口   0   0
exporter   n.出口商   0   0
expose   v.暴露，揭露，陈列   0   0
exposition   n.展览会，说明   0   0
exposure   n.揭露，曝光   0   0
express   v.表达，快递 n.快车   0   0
expression   n.表达，措辞，表情   0   0
expressive   adj.有表现力的   0   0
expressly   adj.明确表示的   0   0
expressway   n.高速公路   0   0
exquisite   adj.精致的   0   0
extend   v.延伸，扩大，给予   0   0
extension   n.延伸，电话分机   0   0
extensive   adj.广泛的，密集的   0   0
extensively   adv.广泛地   0   0
extent   n.范围，限度，一大片   0   0
exterior   adj.,n.外部(的)   0   0
external   adj.外部的，对外的   0   0
extinct   adj.绝灭的，熄灭的   0   0
extinction   n.绝灭，熄灭   0   0
extinguish   v.扑灭，熄灯   0   0
extra   adj.额外的，外加的   0   0
extract   v.取出，榨出，摘录   0   0
extraction   n.出身，摘要   0   0
extraordinary   n.特别的，格外的   0   0
extravagance   n.奢侈，浪费   0   0
extravagant   adj.奢侈的，浪费的   0   0
extreme   adj.极度的，极端的   0   0
extremely   adv.极其，非常   0   0
eye   n.眼睛，孔眼，视力   0   0
eyeball   n.眼球   0   0
eyebrow   n.眉毛   0   0
eyeglass   n.眼镜   0   0
eyelid   n.眼睑   0   0
eyesight   n.视力   0   0
