0
nail   n.钉子，指甲 v.钉   0   0
naive   adj.天真的   0   0
naked   adj.裸体的，赤裸裸的   0   0
name   n.姓名，名称 v.命名   0   0
nameless   adj.无名的   0   0
namely   adv.即，也就是   0   0
namesake   n.名义   0   0
nap   n.打盹，小睡   0   0
napkin   n.餐巾(纸)   0   0
narrate   v.叙述   0   0
narration   n.叙述   0   0
narrator   n.叙述者   0   0
narrow   adj.狭窄的，勉强的   0   0
nasty   adj.肮脏的，下流的   0   0
nation   n.国家，国民，民族   0   0
national   adj.民族的，国家的   0   0
nationality   n.国籍   0   0
native   adj.本国的，出生地的   0   0
natural   adj.自然的，通常的   0   0
naturally   adv.自然地   0   0
nature   n.自然，本性，性质   0   0
naughty   adj.淘气的，顽皮的   0   0
nausea   v.恶心，讨厌   0   0
naval   adj.海军的   0   0
navel   n.脐，中心   0   0
navigable   adj.可航行的   0   0
navigation   n.航行，航海，航空   0   0
navy   n.海军   0   0
near   adv.近 adj.近的   0   0
nearby   adj.,adv.附近(的)   0   0
nearly   adv.几乎，差不多   0   0
neat   adj.整洁的，简洁的   0   0
necessarily   adv.必然，当然   0   0
necessary   adj.必要的，必然的   0   0
necessitate   v.使需要，强迫   0   0
necessity   n.必要性，必须品   0   0
neck   n.颈，脖子   0   0
necklace   n.项链   0   0
need   n.需要，贫困 v.需要   0   0
needful   adj.必要的   0   0
needle   n.针，指针，针叶   0   0
needless   adj.不必要的，无用的   0   0
needy   adj.贫穷的   0   0
negate   v.否定   0   0
negation   n.否定   0   0
negative   adj.否定的 n.负片   0   0
neglect   v.,n.疏忽，忽视   0   0
negligence   n.疏忽，过失   0   0
negligent   adj.粗心大意的   0   0
negligible   adj.微不足道的   0   0
negotiable   adj.可谈判的   0   0
negotiate   v.谈判，交涉   0   0
negotiation   n.谈判   0   0
negro   n.黑人(贬义)   0   0
neighbor   n.邻居，邻国   0   0
neighborhood   n.邻里，街坊   0   0
neighboring   adj.邻近的，相邻的   0   0
neither   conj.既不...又不...   0   0
nephew   n.侄子，外甥   0   0
nerve   n.神经，胆量   0   0
nervous   adj.神经(质)的，   0   0
nest   n.巢，窝   0   0
nestle   v.安顿，建巢   0   0
net   n.网 adj.净的，纯的   0   0
network   n.网络，网状组织   0   0
neutral   adj.中立的，中和的   0   0
neutrality   n.中立   0   0
neutron   n.中子   0   0
never   adv.从不，永不，未曾   0   0
nevertheless   adv.还是，然而   0   0
new   adj.新的，重新的   0   0
news   n.新闻，消息   0   0
newspaper   n.报纸，新闻纸   0   0
next   adv.下一次，然后   0   0
nice   adj.令人愉快的   0   0
nickel   n.镍，镍币   0   0
nickname   n.绰号，诨号   0   0
niece   n.侄女，外甥女   0   0
night   n.夜，黑夜   0   0
nightgown   n.睡衣   0   0
nightingale   n.夜莺   0   0
nightmare   n.恶梦   0   0
nine   num.九   0   0
nineteen   num.十九   0   0
ninety   num.九十   0   0
ninth   num.第九，九分之一   0   0
nitrogen   n.氮   0   0
no   adv.不,毫不 adj.没有   0   0
no.   n.(缩)...号，号码   0   0
nobility   n.高贵，庄严   0   0
noble   adj.高尚的，贵族的   0   0
nobody   prep.谁也不   0   0
nod   v.,n.点头   0   0
noise   n.噪音，吵嚷声   0   0
noisy   adj.吵闹的   0   0
nominal   adj.名义上的，票面的   0   0
nominate   v.提名，推荐，任命   0   0
nomination   n.提名，任命   0   0
none   prep.没人，毫无   0   0
nonsense   n.废话，谬论   0   0
noon   n.中午，正午   0   0
nor   conj.也不，也没   0   0
norm   n.标准，规范，定额   0   0
normal   adj.正常的，标准的   0   0
normalization   n.正常化   0   0
normalize   v.使正常，使标准化   0   0
normally   adv.正常地，通常   0   0
north   n.北，北方 adj.北的   0   0
northeast   adj.,n.东北(的)   0   0
northern   adj.北方的，北部的   0   0
northward   adj.,adv.向北(的)   0   0
northwest   adj.,n.西北(的)   0   0
nose   n.鼻子   0   0
nostril   n.鼻孔   0   0
not   adv.不   0   0
notable   adj.值得注意的   0   0
notably   adj.尤其，值得注意地   0   0
note   n.笔记，注释，便条   0   0
notebook   n.笔记本   0   0
noted   adj.著名的   0   0
note-taking   n.笔记，笔录   0   0
nothing   n.没有东西 adv.毫不   0   0
notice   v.留意 n.注意，通知   0   0
noticeable   adj.显而易见的   0   0
notification   n.通知(书)，布告   0   0
notify   v.通知，通告，报告   0   0
notion   n.概念，意见，看法   0   0
notorious   adj.臭名昭著的   0   0
notwithstanding   prep.,conj.尽管   0   0
nought   n.零   0   0
noun   n.名词   0   0
nourish   v.养育，提供养分   0   0
nourishment   n.食物，补品   0   0
novel   adj.新颖的 n.小说   0   0
novelist   n.小说家   0   0
novelette   n.中篇小说   0   0
novelty   n.新奇，新颖   0   0
november   n.十一月   0   0
now   adv.n.现在 conj.既然   0   0
nowadays   adv.现今，目前   0   0
nowhere   adv.哪儿也不   0   0
nuclear   adj.核的，原子核的   0   0
nucleus   n.(原子)核，核心   0   0
nuisance   n.令人讨厌的人或事   0   0
null   n.无   0   0
nullify   v.使无效，取消   0   0
number   n.数字，若干，号码   0   0
numerical   adj.数字的   0   0
numerous   adj.众多的，大量的   0   0
nun   n.修女，尼姑   0   0
nurse   n.护士，保姆 v.护理   0   0
nursery   n.托儿所，苗圃   0   0
nut   n.坚果，螺母   0   0
nylon   n.尼龙   0   0
