0
qualification   n.资格，条件   0   0
qualified   adj.有资格的   0   0
qualify   v.使合格，使胜任   0   0
qualitative   adj.质量的，定性的   0   0
quality   n.特性，属性，质量   0   0
quantitative   adj.数量的，定量的   0   0
quantity   n.量，大量   0   0
quarrel   v.,n.争吵   0   0
quart   n.夸脱(容量单位)   0   0
quarter   n.四分之一，一刻钟   0   0
quarterly   adj.季度的 n.季刊   0   0
quartz   n.石英   0   0
quay   n.码头   0   0
queen   n.王后，女王   0   0
queer   adj.奇妙的，古怪的   0   0
quench   v.抑制，熄灭，淬火   0   0
query   v.,n.询问   0   0
quest   n.寻找，搜索   0   0
question   n.问题，疑问 v.询问   0   0
questionnaire   n.调查表   0   0
queue   n.辫子，队 v.排队   0   0
quick   adj.快的，灵敏的   0   0
quicken   v.加快，加速，刺激   0   0
quickly   adv.快，迅速地   0   0
quiet   adj.安静的，轻声的   0   0
quietly   adv.安静地，静静地   0   0
quietness   n.平静，安定，安静   0   0
quilt   n.被子   0   0
quit   v.停止，放弃，退出   0   0
quite   adv.完全，十分，相当   0   0
quiver   v.颤抖   0   0
quiz   n.测验，问答比赛   0   0
quota   n.定额，配额   0   0
quotation   n.引语，语录，报价单   0   0
quote   v.引用，引证，报价   0   0
