0
oak   n.橡树，栎树   0   0
oar   n.橹，桨   0   0
oath   n.誓言，誓约   0   0
obedience   n.服从，顺从   0   0
obedient   adj.服从的，顺从的   0   0
obey   v.服从，遵守   0   0
object   n.物体，目的 v.反对   0   0
objection   n.反对，异议，不愿   0   0
objective   n.目标 adj.客观的   0   0
obligation   n.义务，责任   0   0
oblige   v.责成，使感激   0   0
obliterate   adj.删去，抹掉   0   0
oblong   adj.椭圆形的   0   0
obscure   adj.无名的 v.遮蔽   0   0
observance   n.仪式，习惯   0   0
observation   n.观察，评述   0   0
observe   v.观察，遵守，注视   0   0
observer   n.观察员   0   0
obstacle   n.障碍(物)   0   0
obstinate   adj.固执的，顽强的   0   0
obstruction   n.堵塞，妨碍   0   0
obtain   v.获得   0   0
obtainable   adj.可得到的   0   0
obvious   adj.明显的   0   0
obviously   adv.明显地，显然   0   0
occasion   n.场合，盛事，机会   0   0
occasional   adj.偶然的，有时的   0   0
occasionally   adv.偶而，有时   0   0
occident   n.西方   0   0
occidental   adj.西方的，西洋的   0   0
occupation   n.职业，占有   0   0
occupy   v.占据，占领，担任   0   0
occur   v.发生，出现，想到   0   0
occurrence   n.发生，出现，事件   0   0
ocean   n.海洋，大洋   0   0
oceania   n.大洋洲   0   0
oceanography   n.海洋学   0   0
o'clock   adv.点钟   0   0
october   n.十月   0   0
odd   adj.古怪的，奇数的   0   0
odour   n.气味   0   0
of   prep..的(表示领属等)   0   0
off   adv....去 prep.离开   0   0
off-duty   adj.不当班的   0   0
offence   n.过错，冒犯，攻击   0   0
offend   v.冒犯，得罪   0   0
offensive   adj.冒犯的，攻击的   0   0
offer   v.,n.提供，报盘   0   0
offering   n.报盘，提供的货物   0   0
off-grade   adj.等外的，质差的   0   0
office   n.办公室，事务所   0   0
officer   n.军官，警官，官员   0   0
official   n.官员 adj.官方的   0   0
offset   v.抵消，弥补   0   0
offspring   n.子女，子孙   0   0
often   adv.经常，常常   0   0
oh   int.哦，嗬   0   0
oil   n.油，石油   0   0
o.k.   adj.,n.(缩)对，行   0   0
old   adj.老的，...岁的   0   0
olive   n.橄榄(树)   0   0
omen   n.前兆   0   0
ominous   adj.不祥的   0   0
omission   n.省略   0   0
omit   v.省略，遗漏   0   0
on   prep.在...上，关于   0   0
once   adv.一度，一次   0   0
one   num.,n.一，一个   0   0
oneself   pron.自己，自身   0   0
onion   n.洋葱   0   0
only   adj.唯一的 adv.仅仅   0   0
onset   n.攻击，着手   0   0
onto   prep.到...上   0   0
onward   adv.,adj.向前(的)   0   0
opal   n.蛋白石   0   0
opaque   adj.不透明的   0   0
open   adj.开的 v.打开   0   0
opener   n.开罐器，起子   0   0
opening   n.开始，通路，孔   0   0
opera   n.歌剧   0   0
operate   v.运转，操作，开刀   0   0
operation   n.操作，生效，手术   0   0
operational   adj.业务上的，操作的   0   0
operative   adj.有效的   0   0
operator   n.操作人员，接线员   0   0
opinion   n.意见，评论，看法   0   0
opium   n.鸦片   0   0
opponent   n.对手，敌手   0   0
opportune   adj.及时的，凑巧的   0   0
opportunity   n.机会，机遇，时机   0   0
oppose   v.反对，反抗   0   0
opposite   adj.对立的，对面的   0   0
opposition   n.敌对，反抗   0   0
oppress   v.压抑，压迫，压制   0   0
oppression   n.压迫   0   0
optical   adj.视觉的，光学的   0   0
optimal   adj.最佳的   0   0
optimism   n.乐观(主义)   0   0
optimistic   adj.乐观(主义)的   0   0
optimize   v.最佳化   0   0
optimum   n.最佳条件   0   0
option   n.选择，可选择的东西   0   0
optional   adj.可任选的，随意的   0   0
or   conj.或者，即，否则   0   0
oral   adj.口头的，口的   0   0
orange   n.柑桔，橙色   0   0
orbit   n.轨道   0   0
orchard   n.果园   0   0
orchestra   n.管弦乐队，交响乐   0   0
order   n.命令，订货，次序   0   0
orderly   adj.整齐的 n.勤务员   0   0
ordinarily   adv.通常   0   0
ordinary   adj.普通的，一般的   0   0
ore   n.矿石，矿物   0   0
organ   n.器官，风琴   0   0
organic   adj.器官的，有机的   0   0
organism   n.有机体   0   0
organization   n.组织，团体   0   0
organizational   adj.组织的   0   0
organize   v.组织，筹备，编排   0   0
orient   n.东方 v.定方针   0   0
oriental   adj.,n.东方的(人)   0   0
orientation   n.定向，倾向性   0   0
origin   n.起源，产地   0   0
original   adj.原始的 n.原物   0   0
originality   n.独创性   0   0
originally   adv.原来，当初   0   0
originate   v.起源，首创   0   0
ornament   n.装饰(品)   0   0
ornamental   adj.装饰的   0   0
orphan   n.孤儿   0   0
oscillation   n.摆动，振动   0   0
other   adj.其他的，别的   0   0
otherwise   adv.另外的 conj.否则   0   0
ought   v.应该，大概   0   0
ounce   n.盎司   0   0
our   pron.我们的   0   0
ourselves   pron.我们自己   0   0
out   adv.出外，向外，完   0   0
outbreak   n.爆发，发作   0   0
outcome   n.结果   0   0
outdoor   adj.野外的，露天的   0   0
outdoors   adv.在外的，在野外的   0   0
outer   adj.外部的，外面的   0   0
outermost   adj.最外的   0   0
outland   n.偏僻地区   0   0
outlandish   adj.外国的   0   0
outlaw   n.逃犯，歹徒   0   0
outlay   n.费用，支出   0   0
outlet   n.出口，销路   0   0
outline   n.轮廓，略图，大纲   0   0
outlook   n.看法，景色，展望   0   0
output   n.出产，产量   0   0
outrage   n.暴行   0   0
outrageous   adj.残暴的   0   0
outright   adj.公然地，直率地   0   0
outset   n.开头，起初   0   0
outside   n.外部 adv.在外面   0   0
outsider   n.局外人   0   0
outskirts   n.郊区   0   0
outstanding   adj.杰出的，未付款的   0   0
outturn   n.卸货情况   0   0
outward   adj.,adv.向外(的)   0   0
oval   adj.椭圆(形)的   0   0
oven   n.烤炉，锅灶   0   0
over   prep.在...上方，越过   0   0
overall   adj.总的，全面的   0   0
overcast   adj.多云的   0   0
overcharge   v.,n.多收(的)钱   0   0
overcoat   n.外套，大衣   0   0
overcome   v.征服，克服，压倒   0   0
overestimate   v.估计过高   0   0
overextend   v.使..承担过多的义务   0   0
overflow   v.泛滥，溢出，满怀   0   0
overhead   adv.,adj.头上(的)   0   0
overhear   v.偶然听到，偷听   0   0
overjoy   n.使大喜   0   0
overlap   v.重叠   0   0
overlapping   adj.相互重叠的   0   0
overload   v.,n.超载   0   0
overlook   v.视察，俯瞰，宽容   0   0
overnight   adv.,adj.终夜(的)   0   0
overpayment   n.多付的款项   0   0
overseas   adv.,adj.海外(的)   0   0
oversight   n.监视，疏忽   0   0
overtake   v.赶上，压倒   0   0
overthrow   v.推翻，颠覆   0   0
overtime   n.超时，加班   0   0
overwhelm   v.压倒，淹没   0   0
overwhelming   adj.压倒的   0   0
owe   v.欠，归功于   0   0
owing   adj.该付的   0   0
owl   n.猫头鹰   0   0
own   adj.自己的 v.拥有   0   0
owner   n.物主，所有人   0   0
ownership   n.所有权，所有制   0   0
ox   n.公牛   0   0
oxide   n.氧化物   0   0
oxygen   n.氧，氧化   0   0
oyster   n.牡蛎，蚝   0   0
