0
lab   n.(缩)实验室   0   0
label   n.标签 v.标明   0   0
laboratory   n.实验室   0   0
labor   n.劳动，劳动力   0   0
laborer   n.劳工，劳动者   0   0
labor-intensive   adj.劳动密集型的   0   0
lace   n.花边，鞋带   0   0
lack   v.,n.缺少   0   0
lad   n.少年，小伙子   0   0
ladder   n.梯子，阶梯   0   0
lady   n.女士，贵妇人，夫人   0   0
lag   v.,n.落后，滞后   0   0
lake   n.湖，湖泊   0   0
lamb   n.羔羊，小羊肉   0   0
lame   adj.跛的，站不住脚的   0   0
lamp   n.灯   0   0
land   n.陆地，土地 v.着陆   0   0
landed   adj.卸货的   0   0
landing   n.楼梯平台，着陆   0   0
landlady   n.女房东   0   0
landlord   n.房东，地主   0   0
landscape   n.风景(画)，地形   0   0
lane   n.小巷，跑道，行车道   0   0
langkap   冷甲(R砦,霹Z洲内一地方名)   0   0
language   n.语言   0   0
lantern   n.灯笼   0   0
lap   n.膝盖   0   0
lapse   v.(时间)流失   0   0
large   adj.大的，巨大的   0   0
largely   adv.大部分，基本上   0   0
lark   n.云雀，百灵鸟   0   0
laser   n.激光   0   0
last   adj.最后的 adv.上次   0   0
lasting   adj.持久的，持续的   0   0
late   adj.迟到的，晚的   0   0
lately   adv.近来，最后   0   0
latent   adj.潜伏的，潜在的   0   0
later   adv.更晚，以后，过后   0   0
lateral   adj.横向的，侧向的   0   0
lathe   n.车床   0   0
latin   n.,adj.拉丁语(的)   0   0
latitude   n.纬度，活动余地   0   0
latter   adj.后面的，后者的   0   0
lattice   n.结构，点阵   0   0
laugh   v.笑，嘲笑   0   0
laughter   n.笑，笑声   0   0
launch   v.发射，发动，开始   0   0
laundry   n.洗衣店，送洗的衣物   0   0
lavatory   n.盥洗室，厕所   0   0
law   n.法律，定律   0   0
lawful   adj.合法的，法律的   0   0
lawn   n.草地，草坪   0   0
lawyer   n.律师，法学家   0   0
lay   v.放，安排，打基础   0   0
layday   n.装卸日期   0   0
layer   n.层，层次   0   0
layout   n.设计，规划，图案   0   0
laziness   n.懒惰   0   0
lazy   adj.懒惰的   0   0
l/c   n.(缩)信用证   0   0
lead   v.引导，领先，率领   0   0
leader   n.领导，领袖   0   0
leadership   n.领导   0   0
leading   adj.领先的，一流的   0   0
leaf   n.叶子，页   0   0
leaflet   n.传单，单页宣传品   0   0
league   n.同盟，协会   0   0
leak   v.漏，泄漏   0   0
leakage   n.渗漏   0   0
lean   v.俯身，倚 adj.瘦的   0   0
leap   v.,n.跳跃 adj.闰年的   0   0
learn   v.学习，获悉   0   0
learned   adj.有学问的   0   0
learner   n.学习者，学生   0   0
learning   n.学问，学习   0   0
lease   v.租凭，出租 n.租约   0   0
least   adj.最少的   0   0
leather   n.皮革 adj.皮革制的   0   0
leave   v.出发，离开 n.休假   0   0
lecture   n.,v.演讲，讲课   0   0
lecturer   n.演讲者，讲师   0   0
leeway   adj.活动余地   0   0
left   adj.左的 adv.向左   0   0
left-handed   adj.左手的，左侧的   0   0
leftover   n.剩余物   0   0
leg   n.腿，裤脚   0   0
legal   adj.合法的，法律的   0   0
legend   n.传说，传奇   0   0
legendary   adj.传说的，传奇的   0   0
legislation   n.立法，法规   0   0
legitimate   adj.合法的，合理的   0   0
legitimation   n.合法   0   0
leisure   n.闲暇，闲空   0   0
lemon   n.柠檬   0   0
lemonade   n.柠檬汽水   0   0
lend   v.出借，贷款   0   0
lending   n.贷款，借款   0   0
length   n.长度，期限   0   0
lengthen   v.延长，变长   0   0
leninism   n.列宁主义   0   0
lens   n.透镜，镜片，晶体   0   0
leopard   n.豹   0   0
less   adj.更少的 adv.较小   0   0
lessen   v.减少，变小，变弱   0   0
lesson   n.功课，课程，教训   0   0
lest   prep.唯恐，以免   0   0
let   v.让，使   0   0
letter   n.字母，信，函件   0   0
level   n.水平，级 v.弄平   0   0
lever   n.杠杆   0   0
levy   v.征税 n.关税   0   0
liability   n.责任，义务，债务   0   0
liable   adj.有责任的   0   0
liar   n.说谎者   0   0
liberal   adj.思想开放的   0   0
liberate   v.解放，释放，使自由   0   0
liberation   n.解放   0   0
liberty   n.自由   0   0
librarian   n.图书管理员   0   0
library   n.图书馆，藏书   0   0
license   n.许可(证)，执照   0   0
lick   v.舔   0   0
lid   n.盖，脸   0   0
lie   v.躺，位于 v.,n.说谎   0   0
lieutenant   n.中尉，副职   0   0
life   n.生活，生命，一生   0   0
lifetime   n.一生   0   0
lift   v.举起，吊 n.电梯   0   0
light   n.光，灯 adj.明亮的   0   0
lighten   v.发亮，使...愉快   0   0
lighter   n.打火机   0   0
lighthouse   n.灯塔   0   0
lightly   adv.轻轻地，轻易地   0   0
lightning   n.闪电   0   0
like   v.喜欢 prep.像   0   0
likelihood   n.可能，相似性   0   0
likely   adj.可信的adv.很可能   0   0
likeness   n.相像，类似   0   0
likewise   adv.同样，照样   0   0
liking   n.兴趣，嗜好   0   0
lily   n.百合，睡莲   0   0
limb   n.肢，树枝   0   0
lime   n.石灰   0   0
limestone   n.石灰岩   0   0
limit   n.界限，限度 v.限制   0   0
limitation   n.限制，局限   0   0
limited   adj.有限的，限定的   0   0
limousine   n.豪华轿车   0   0
limp   adj.柔软的 v.跛行   0   0
line   n.行，线条，界线   0   0
linear   adj.线性的，线状的   0   0
linen   n.亚麻(织物)   0   0
liner   n.班轮，班机   0   0
linger   v.徘徊，逗留，拖延   0   0
linguist   n.语言学者   0   0
linguistics   n.语言学   0   0
lining   n.夹里，衬里   0   0
link   v.联系，连结 n.纽带   0   0
lion   n.狮子   0   0
lioness   n.母狮子   0   0
lip   n.嘴唇   0   0
lipstick   n.口红，唇膏   0   0
liquid   n.液体 adj.液体的   0   0
liquor   n.烈性酒   0   0
list   n.表，名单 v.列表   0   0
listen   v.听，听从   0   0
listener   n.听者   0   0
literacy   n.识字   0   0
literal   adj.字面的，不夸张的   0   0
literally   adv.简直，字面上   0   0
literary   adj.文学的   0   0
literate   n.有文化的   0   0
literature   n.文学，文献   0   0
litre   n.公升   0   0
litter   v.乱丢废物 n.废物   0   0
little   adj.小的，一点，少的   0   0
live   v.居住,生存 adj.活的   0   0
livelihood   n.生活   0   0
lively   adj.活跃的，热闹的   0   0
liver   n.肝   0   0
livestock   n.牲畜   0   0
living   adj.活着的 n.生计   0   0
living-room   n.客厅，起居室   0   0
load   n.负载，负担 v.装载   0   0
loaf   n.面包 v.游荡   0   0
loan   n.贷款 v.出借   0   0
lobby   n.前厅 v.游说   0   0
lobster   n.龙虾   0   0
local   adj.地方的，当地的   0   0
locality   n.地点，现场   0   0
locate   v.找出，确定地点   0   0
location   n.地点，位置   0   0
lock   v.锁上 n.锁，绺   0   0
lock-up   n.锁，固定资本   0   0
locomotive   n.火车头，机车   0   0
locust   n.蝗虫   0   0
lodge   v.寄宿   0   0
lodging   n.住处，住房   0   0
lofty   adj.崇高的，高耸的   0   0
log   n.原木，航海日志   0   0
logic   n.逻辑，论理学   0   0
logical   adj.逻辑的   0   0
loneliness   n.孤独，寂寞   0   0
lonely   adj.孤独的，寂寞的   0   0
lonesome   adj.寂寞的   0   0
long   adj.长的 adv.长久   0   0
longevity   n.长寿   0   0
longing   n.渴望，思慕   0   0
longitude   n.经度，经线   0   0
long-term   adj.长期的   0   0
look   v.看，看上去 n.外表   0   0
loom   v.隐隐出现 n.织布机   0   0
loop   n.环，回路 v.环绕   0   0
loose   adj.松的，自由自在的   0   0
loosen   v.解开，放松   0   0
lord   n.君主，贵族，上帝   0   0
lorry   n.卡车，载重汽车   0   0
lose   v.失去，丢失，输   0   0
loss   n.丧失，失利，损失   0   0
lost   adj.失去的   0   0
lot   n.许多，地 adv.相当   0   0
lottery   n.抽彩，抓阄，彩票   0   0
loud   adj.响亮的，大声的   0   0
loudness   n.响亮   0   0
loudspeaker   n.扬声器，扩音器   0   0
lounge   n.休息室   0   0
lovable   adj.可爱的   0   0
love   v.爱，喜欢 n.爱情   0   0
lovely   adj.好看的，可爱的   0   0
lover   n.爱人，情人，爱好者   0   0
low   adj.低的，低廉的   0   0
lower   v.降低，减弱   0   0
loyal   adj.忠诚的，忠贞的   0   0
loyalty   n.忠诚，忠贞   0   0
lubricate   v.润滑   0   0
lubrication   n.润滑   0   0
luck   n.运气，幸运   0   0
lucky   adj.幸运的   0   0
luggage   n.行李   0   0
lumber   n.木材，木料   0   0
luminous   adj.发光的，明晰的   0   0
lump   n.块，肿块   0   0
lumpsum   n.总数   0   0
lunar   adj.月亮的，阴历的   0   0
lunch   n.午饭，便餐   0   0
luncheon   n.午餐，午宴   0   0
lung   n.肺   0   0
luxurious   adj.豪华的，奢侈的   0   0
luxury   n.奢侈(品)   0   0
