0
yacht   n.游船，快艇   0   0
yard   n.码，庭院，场   0   0
yawn   v.,n.打呵欠   0   0
year   n.年，年度   0   0
yearly   adj.,adv.每年的   0   0
yearn   v.向往   0   0
yeast   n.酵母   0   0
yell   v.,n.叫嚷   0   0
yellow   n.,adj.黄色(的)   0   0
yes   adv.是，好   0   0
yesterday   n.昨天 adv.在昨天   0   0
yet   adv.仍然，还，尚   0   0
yield   v.生产，屈服 n.产量   0   0
yoke   n.轭   0   0
yolk   n.蛋黄   0   0
you   pron.你，你们   0   0
young   adj.年轻的 n.青年人   0   0
youngster   n.少年   0   0
your   pron.你的，你们的   0   0
yourself   pron.你(们)自己   0   0
youth   n.青春，青年   0   0
youthful   adj.年轻的   0   0
