0
machine   n.机器   0   0
machinery   n.机械(总称)   0   0
mackintosh   n.雨衣   0   0
macroeconomics   n.宏观经济学   0   0
mad   adj.疯狂的，狂热的   0   0
madam   n.夫人，太太，女士   0   0
madman   nn.疯子   0   0
madness   n.疯狂，疯病   0   0
magazine   n.杂志，期刊   0   0
magic   n.魔法，魔术，魅力   0   0
magician   n.魔术师   0   0
magistrate   n.地方法官   0   0
magnet   n.磁性，磁铁   0   0
magnetic   adj.磁性的   0   0
magnetism   n.磁性，磁力，吸引力   0   0
magnificent   adj.壮丽的，宏伟的   0   0
magnify   v.放大，扩大   0   0
magnitude   n.宏大，重要(性)   0   0
maid   n.女仆，侍女   0   0
maiden   n.少女 adj.未婚的   0   0
mail   n.邮件 v.邮寄   0   0
mailbox   n.信箱   0   0
main   adj.主要的   0   0
mainland   n.大陆，本土   0   0
mainly   adv.主要地，大部分   0   0
mainstream   n.主流   0   0
maintain   v.维持，保养，坚持   0   0
maintenance   n.保养，维修   0   0
maize   n.玉米   0   0
majesty   n.陛下，雄伟，庄严   0   0
major   adj.主要的，多数的   0   0
majority   n.多数，过半数   0   0
make   v.做，制造 n.种类   0   0
maker   n.制造者，制造商   0   0
make-shift   adj.临时的n.权宜之计   0   0
make-up   n.气质，化妆品   0   0
malady   n.病   0   0
malaria   n.疟疾   0   0
malaise   n.马来西亚   0   0
malaysia   n.马来西亚   0   0
male   adj.男性的，雄的   0   0
malice   n.恶意，恶感   0   0
malicious   adj.恶意的   0   0
man   n.人，男人，人类   0   0
manage   v.管理，处理，设法   0   0
management   n.管理(人员)，经营   0   0
manager   n.经理   0   0
managerial   adj.管理的   0   0
manhood   n.男子气   0   0
manifest   v.表明 adj.明白的   0   0
manifestation   n.表明   0   0
manifesto   n.宣言   0   0
manipulate   v.操纵，操作，摆布   0   0
manipulation   n.操纵，操作   0   0
mankind   n.人类   0   0
manly   adj.大丈夫的   0   0
manner   n.方法，方式，礼貌   0   0
mansion   n.宅第，官邸，大厦   0   0
manual   adj.用手的 n.手册   0   0
manufacture   v.,n.制造   0   0
manufactured   adj.制成的   0   0
manufacturer   n.制造商   0   0
manuscript   n.手稿，原稿   0   0
many   adj.许多的 n.许多   0   0
map   n.地图 v.筹划   0   0
maple   n.枫树   0   0
marble   n.大理石，弹子   0   0
march   n.三月   0   0
march   n.,v.行进，行军   0   0
margin   n.余地，边缘   0   0
marginal   adj.边缘的，边际的   0   0
marine   adj.海的，海生的   0   0
mariner   n.海员，水手   0   0
mark   n.痕迹，符号，标记   0   0
marked   adj.有标记的，标明的   0   0
market   n.市场，销路   0   0
marketable   adj.有销路的   0   0
marketing   n.市场学，营销学   0   0
marketplace   n.市场，集市   0   0
marking   n.唛头，标记   0   0
marriage   n.婚姻，婚礼   0   0
married   adj.已婚的   0   0
marry   v.娶，嫁，为...主婚   0   0
mars   n.火星   0   0
marsh   n.沼泽   0   0
marshal   n.元帅   0   0
martyr   n.烈士，殉道者   0   0
marvel   n.奇迹 v.惊奇   0   0
marvellous   adj.奇异的，绝妙的   0   0
marxism   n.马克思主义   0   0
marxist   n.马克思主义者   0   0
masculine   adj.男性的，阳性的   0   0
mask   n.假面具 v.掩饰   0   0
mass   n.堆，大量，群众   0   0
massacre   n.,v.屠杀，残杀   0   0
massage   n.按摩，推拿   0   0
massive   adj.粗大的，厚重的   0   0
mass media   n.传媒工具，新闻界   0   0
mast   n.桅杆   0   0
master   n.主人，大师，硕士   0   0
masterpiece   n.杰作   0   0
mat   n.垫子，席子   0   0
match   n.火柴，对手，比赛   0   0
mate   n.伙伴 v.配对   0   0
material   n.材料，资料，原料   0   0
materialism   n.唯物主义   0   0
materialize   v.使具体化，物质化   0   0
mathematical   adj.数学的   0   0
mathematics   n.数学   0   0
mathematician   n.数字家   0   0
maths   n.(缩)数学   0   0
matinee   n.日场演出   0   0
matter   n.事情，物资，毛病   0   0
mattress   n.床垫   0   0
mature   adj.成熟的，到期的   0   0
maturity   n.成熟，到期   0   0
maximize   v.增加到最大程度   0   0
maximum   n.最大量，极限   0   0
may   n.五月   0   0
may   v.可以，也许，祝愿   0   0
maybe   adv.或许，大概   0   0
mayor   n.市长   0   0
me   pron.我(宾格)   0   0
meadow   n.牧场，草地   0   0
meal   n.膳食，一顿饭   0   0
mean   v.打算，意指   0   0
meaning   n.意义，意图   0   0
means   n.手段，财力   0   0
meantime   adv.同时，在这期间   0   0
meanwhile   adv.,n.在这期间   0   0
measure   n.尺寸，量具，措施   0   0
measurement   n.测量(结果)   0   0
meat   n.肉   0   0
mechanic   n.技工   0   0
mechanical   adj.机械的、机动的   0   0
mechanically   adv.机械地   0   0
mechanics   n.力学，机械学   0   0
mechanism   n.机制，机械装置   0   0
medal   n.奖章，勋章，纪念章   0   0
medical   adj.医学的，医务的   0   0
medicine   n.药，医学   0   0
medieval   adj.中世纪的   0   0
meditate   v.考虑，沉思   0   0
meditation   n.考虑，沉思冥想   0   0
mediterranean   n.地中海   0   0
medium   n.中间，媒介，中庸   0   0
meek   adj.温顺的   0   0
meet   v.遇到，会见，迎接   0   0
meeting   n.会议，集会   0   0
melancholy   n.,adj.忧郁(的)   0   0
melody   n.旋律，曲调   0   0
melon   n.瓜，甜瓜   0   0
melt   v.熔化，融解   0   0
member   n.成员，会员   0   0
membership   n.会员资格，全体成员   0   0
memo   n.备忘录   0   0
memoir   n.回忆录   0   0
memorial   adj.纪念的，追悼的   0   0
memorize   v.记住，记忆   0   0
memory   n.记忆(力)，回忆   0   0
menace   v.,n.威胁，恐吓   0   0
mend   v.修理，修补，好转   0   0
mental   adj.心理的，精神的   0   0
mentality   n.心理，意识   0   0
mention   v.,n.提及，讲到   0   0
menu   n.菜单   0   0
merchandise   n.商品，货物   0   0
merchant   n.商人 adj.商业的   0   0
mercantile   n.商品   0   0
merciful   adj.仁慈的，宽大的   0   0
mercury   n.水星   0   0
mercury   n.汞，水银   0   0
mercy   n.宽大，慈悲，怜悯   0   0
mere   adj.仅仅的，起码的   0   0
merely   adv.仅仅，只   0   0
merge   v.合并   0   0
merit   n.价值，功绩 v.应得   0   0
mermaid   n.美人鱼   0   0
merry   adj.欢乐的   0   0
mesh   n.网孔，筛眼   0   0
mess   n.肮脏，凌乱 v.弄脏   0   0
message   n.音讯，消息   0   0
messenger   n.通讯员，使者   0   0
metal   n.金属   0   0
metallic   adj.金属的   0   0
metallurgy   n.冶金学   0   0
meter   n.量器，仪表   0   0
method   n.方法   0   0
methodology   n.方法(论)   0   0
meticulous   adj.小心翼翼的   0   0
meticulously   adv.胆小地   0   0
metre   n.米，公尺   0   0
metric   adj.公制的，米的   0   0
metropolitan   n.大都市   0   0
mexican   n.,adj.墨西哥人(的)   0   0
mexico   n.墨西哥   0   0
microeconomics   n.微观经济学   0   0
microphone   n.扩音器，话筒   0   0
microprocessor   n.微处理机   0   0
microscope   n.显微镜   0   0
microwave   n.微波   0   0
midday   n.正午，晌午   0   0
middle   n.当中 adj.中部的   0   0
middleman   n.中人，中间人   0   0
middling   n.中等的，第二流的   0   0
midnight   n.午夜   0   0
midst   n.中间，中部   0   0
might   v.或许，可以 n.力   0   0
mighty   adj.强有力的   0   0
migrant   adj.迁移的，候鸟的   0   0
migrate   v.迁移(海外)，移栖   0   0
migration   n.迁移，移居海外   0   0
mild   adj.温和的，味淡的   0   0
mile   n.英里   0   0
mileage   n.里程   0   0
milestone   n.里程碑   0   0
military   adj.军事的，好斗的   0   0
militia   n.民兵(组织)   0   0
milk   n.奶，乳夜 v.挤奶   0   0
milkman   n.送奶人   0   0
milky   adj.加奶的，乳白色的   0   0
mill   n.磨坊，工厂 v.滚乱   0   0
miller   n.磨坊主   0   0
millimetre   n.毫米   0   0
million   n.百万   0   0
millionaire   n.百万富翁   0   0
mince   v.切碎，绞碎   0   0
mincer   n.粉碎机   0   0
mind   n.头脑，智力 v.介意   0   0
mine   pron.我的 n.矿山   0   0
miner   n.矿工   0   0
mineral   n.矿物 adj.矿物的   0   0
mingle   v.混合，混入   0   0
miniature   n.雏形，缩影，袖珍   0   0
minicomputer   n.微型计算机   0   0
minimize   v.使减到最小   0   0
minimum   n.最少量 adj.最小的   0   0
minister   n.教士，部长，大臣   0   0
ministry   n.(政府)部   0   0
minor   adj.较小的，次要的   0   0
minority   n.少数，少数民族   0   0
mint   n.造币厂，薄荷   0   0
minus   prep.减去 adj.减的   0   0
minute   n.分钟，片刻   0   0
miracle   n.奇迹，令人惊讶的事   0   0
miraculous   adj.奇迹(般)的   0   0
mirror   n.镜子 v.反映   0   0
miscarriage   n.未到目的地   0   0
miscarry   v.未运到(目的地)   0   0
mischief   n.伤害，恶作剧   0   0
miser   n.吝啬鬼，守财奴   0   0
miserable   adj.悲惨的，糟糕的   0   0
misery   n.痛苦，悲惨，苦难   0   0
misfortune   n.不幸   0   0
misgiving   n.疑虑，担心   0   0
mishandle   v.装卸不慎   0   0
mishap   n.事故   0   0
misinterpret   v.误解   0   0
mislead   v.引入岐途   0   0
miss   v.未击中,错过 n.小姐   0   0
missile   n.导弹，发射物   0   0
missing   adj.丢失的，缺少的   0   0
mission   n.使团，使命，天职   0   0
missionary   n.传教士   0   0
mist   n.薄雾 v.使迷糊   0   0
mistake   n.错误，误解 v.搞错   0   0
mistaken   adj.搞错了的，误解的   0   0
mister   n.先生(缩写为Mr.)   0   0
mistress   n.女主人，情妇   0   0
misty   adj.雾蒙蒙的，有雾的   0   0
misunderstand   v.误解，误会   0   0
misunderstanding   n.误会，曲解   0   0
mitten   n.连指手套，露指手套   0   0
mix   v.混合，配料，交往   0   0
mixer   n.混合器   0   0
mixture   n.混合物，混和   0   0
moan   v.,n.呻吟，悲叹   0   0
mob   n.暴民，乌合之众   0   0
mobile   adj.机动的，流动的   0   0
mobilize   v.动员   0   0
mock   v.嘲笑，愚弄   0   0
mode   n.方式，方法   0   0
model   n.模范，模型，模特儿   0   0
moderate   adj.适度的 v.缓和   0   0
moderately   adv.适度地，适中地   0   0
modern   adj.现代的，时髦的   0   0
modernization   n.现代化   0   0
modernize   v.使...现代化   0   0
modest   adj.谦虚的，质朴的   0   0
modesty   n.谦虚   0   0
modification   n.修改，缓和   0   0
modified   adj.改良的，改进的   0   0
modify   v.修改，减轻，修饰   0   0
modulate   v.调整，改变   0   0
module   n.模量，模件   0   0
moist   adj.潮湿的   0   0
moisture   n.潮气   0   0
molecular   adj.分子的   0   0
molecule   n.分子   0   0
moment   n.时刻，瞬间   0   0
momentary   adj.片刻的，瞬间的   0   0
momentous   adj.重要的，重大的   0   0
monarch   n.君主，王室   0   0
monastery   adj.修道院，寺院   0   0
monday   n.星期一   0   0
monetary   adj.货币的，金融的   0   0
money   n.金钱，货币，财富   0   0
monitor   n.班长,监视器 v.监视   0   0
monk   n.和尚，修道士   0   0
monkey   n.猴子   0   0
monopolize   v.垄断，独占   0   0
monopoly   n.垄断，独占   0   0
monotonous   adj.单调的，枯燥的   0   0
monotony   n.单调，枯燥   0   0
monster   n.怪兽，怪物，魔鬼   0   0
monstrous   adj.可怕的，极恶的   0   0
month   n.月份   0   0
monthly   adj.每月的 n.月刊   0   0
monument   n.纪念章，不朽之物   0   0
monumental   adj.纪念碑式的   0   0
mood   n.心情，心境，情绪   0   0
moon   n.月亮   0   0
moonlight   n.月光   0   0
moonlighting   n.业余干活   0   0
moor   v.系泊，把船栓定   0   0
mop   n.拖把，墩布   0   0
moral   adj.道德的 n.教训   0   0
morale   n.士气，斗志   0   0
morality   n.道德品质   0   0
more   adj.更多的,更 adv.更   0   0
moreover   adv.此外，而且   0   0
morning   n.早晨，上午   0   0
mortal   adj.致命的   0   0
moslem   n.,adj.穆斯林   0   0
mosque   n.清真寺   0   0
mosquito   n.蚊子   0   0
moss   n.苔藓，地衣   0   0
most   adj.最多的 adv.非常   0   0
mostly   adv.主要地，大多   0   0
motel   n.汽车旅馆   0   0
moth   n.蛾   0   0
mother   n.母亲 adj.出生地的   0   0
mother-in-law   n.岳母，婆婆   0   0
motion   n.运动，议案   0   0
motionless   adj.不动的   0   0
motivate   v.促进，激发   0   0
motivation   n.动机   0   0
motive   n.动机   0   0
motor   n.发动机   0   0
motorcar   n.汽车   0   0
motorcycle   n.摩托车   0   0
motorist   n.摩托车手   0   0
motorway   n.汽车道，高速公路   0   0
motto   n.座右铭   0   0
mould   n.模子，型，霉菌   0   0
mount   n.山，岳 v.登上   0   0
mountain   n.山   0   0
mountainous   adj.多山的，山一般的   0   0
mourn   v.悲悼，哀痛   0   0
mournful   adj.悲悼的，哀痛的   0   0
mourning   n.哀痛   0   0
mouse   n.老鼠   0   0
moustache   n.胡子，须   0   0
mouth   n.口，嘴巴，河口   0   0
mouthful   n.一口，满口   0   0
move   v.移动，推动，搬家   0   0
movement   n.活动，运动，动作   0   0
movie   n.电影(院)   0   0
mr.   n.(缩)先生   0   0
mrs.   n.(缩)夫人，太太   0   0
ms.   n.(缩)女士   0   0
much   adj.许多的 n.许多   0   0
mud   n.泥浆   0   0
muddy   adj.泥泞的   0   0
muffle   v.裹住，捂住   0   0
muffler   n.围巾，消音器   0   0
mug   n.(有柄)大杯   0   0
mule   n.骡子   0   0
multiple   adj.复合的，多次方的   0   0
multiplication   n.乘法，增加   0   0
multiply   v.乘，增加，繁殖   0   0
multifunction   n.多功能的   0   0
multitude   n.大批，大群   0   0
municipal   adj.市的，市政的   0   0
mumble   v.咕哝，嘟囔   0   0
mumps   n.腮腺炎   0   0
murder   v.,n.谋杀(案)   0   0
murderer   n.凶手，杀人犯   0   0
murmur   v.低声说   0   0
muscle   n.筋，肌肉   0   0
muscular   adj.肌肉发达的   0   0
muse   v.沉思，默想   0   0
museum   n.博物馆，陈列馆   0   0
mushroom   n.“蘑菇   0   0
music   n.音乐，乐曲   0   0
musical   adj.音乐的 n.歌舞片   0   0
musician   n.音乐家，作曲家   0   0
must   v.必须，准是 n.必须   0   0
mustard   n.芥末   0   0
mute   adj.缄默的 n.哑巴   0   0
mutter   v.咕哝，抱怨   0   0
mutton   n.羊肉   0   0
mutual   adj.相互的，共同的   0   0
my   pron.我的   0   0
myriad   n.,adj.无数(的)   0   0
myself   pron.我自己，我亲自   0   0
mysterious   adj.神秘的，玄妙的   0   0
mystery   n.神秘，奥妙，秘事   0   0
mystic   adj.神秘的   0   0
myth   n.神话   0   0
mythology   n.神话(学)   0   0
