0
ugly   adj.丑恶的，丑陋的   0   0
ulcer   n.溃疡   0   0
ultimate   adj.最终的，极限的   0   0
ultimately   adv.最后，终究   0   0
ultimo   adj.上月的   0   0
ultrasonic   adj.超声速的   0   0
ultraviolet   adj.紫外的   0   0
umbrella   n.伞，保护伞   0   0
unable   adj.不能的，不会的   0   0
unacceptable   adj.不能接受的   0   0
unaccommodating   adj.不青通融的   0   0
unaffordable   adj.买不起的   0   0
unanimous   adj.一致的   0   0
unavoidable   adj.不可避免的   0   0
unbearable   adj.不可忍受的   0   0
uncertain   adj.不确定的，易变的   0   0
uncertainty   n.不定，易变   0   0
uncle   n.伯、叔、舅、姑父   0   0
uncomfortable   adj.不舒服的   0   0
uncommon   adj.罕见的，不常见的   0   0
unconditionally   adv.无条件地   0   0
unconscious   adj.无知觉的   0   0
uncover   v.揭开   0   0
under   prep.在...下面   0   0
underestimate   v.低估   0   0
undergo   v.经受，经历   0   0
undergraduate   n.本科生   0   0
underground   adj.地下的，秘密的   0   0
underline   v.在...下划线，强调   0   0
underlying   adj.根本的，在下面的   0   0
undermentioned   adj.下述的   0   0
undermine   v.破坏   0   0
underneath   prep.,adv.在...下面   0   0
undersigned   adj.在...下面签名的   0   0
understand   n.了解，懂，熟悉   0   0
understanding   n.理解，谅解   0   0
undertake   v.从事，承担   0   0
undertaking   n.事业，许诺   0   0
underwear   n.内衣   0   0
underwriter   n.保险商，承购人   0   0
undo   v.解开，取消   0   0
undoubtedly   adv.无容置疑地   0   0
undue   adj.过分的，不适当的   0   0
unduly   adv.过分地，不适当地   0   0
uneasy   adj.不自在的，担心的   0   0
unemloyment   n.失业   0   0
unexpected   adj.意外的，未料到的   0   0
unfair   adj.不公平的   0   0
unfit   adj.不合适的   0   0
unfold   v.展示，摊开   0   0
unfortunate   adj.不幸的，遗憾的   0   0
unfortunately   adv.不幸地，不凑巧   0   0
unhappy   adj.不幸福的   0   0
uniform   adj.均匀的，统一的   0   0
uniformly   adv.单调地，一样地   0   0
uninterested   adj.不感兴趣的   0   0
union   n.联合，联盟，联合会   0   0
unique   adj.唯一的   0   0
unit   n.单位，个体   0   0
unite   v.统一，联合，团结   0   0
united   adj.联合的   0   0
united kingdom   n.英国，联合王国   0   0
united nations   n.联合国   0   0
united states   n.美国，合众国   0   0
unity   n.统一，团结   0   0
universal   adj.宇宙的，普遍的   0   0
universally   adv.普遍地   0   0
universe   n.宇宙   0   0
university   n.大学   0   0
unjust   adj.不公正的   0   0
unkind   adj.不仁慈的，冷酷的   0   0
unknown   adj.未知的 n.未知物   0   0
unlawful   adj.不合法的，违法的   0   0
unless   prep.除非   0   0
unlike   adj.不同的   0   0
unlikely   adj.未必的，不象的   0   0
unlimited   adj.无限的   0   0
unload   v.卸货，卸除   0   0
unlock   v.开启，揭开   0   0
unlucky   adj.不幸的，倒霉的   0   0
unmerchantable   adj.无销路的   0   0
unnecessary   adj.不必要的   0   0
unobtainable   adj.无法得到的   0   0
unpaid   adj.未付的   0   0
unpleasant   adj.令人不愉快的   0   0
unprecedented   adj.前所未有的   0   0
unprecedentedly   adv.空前地   0   0
unreasonable   adj.不合理的，贵的   0   0
unsalable   adj.不好销售的   0   0
unsatisfactory   adj.不令人满意的   0   0
unstable   adj.不稳定   0   0
unsuitable   adj.不适宜的   0   0
untie   v.解开   0   0
until   prep.,conj.到...为止   0   0
unusable   adj.无法使用的   0   0
unusual   adj.不寻常的   0   0
unwarranted   adj.无根据的   0   0
unwelcome   adj.不受欢迎的   0   0
unwilling   adj.不愿意的   0   0
unworkable   adj.行不通的   0   0
up   adv.向上，起床   0   0
upcreep   n.(价格)上涨   0   0
uphold   v.支持，维持   0   0
upon   prep.在...之上   0   0
upper   adj.上部的，较高的   0   0
upright   adj.直立的，正直的   0   0
uproar   n.喧闹，轰鸣   0   0
upset   v.倾覆，打乱，使心烦   0   0
upside   n.上面，上部   0   0
upside-down   adj.颠倒的，倒置的   0   0
upstairs   adv.在楼上，往楼上   0   0
up-to-date   adj.时新的，最近的   0   0
upward   adv.,adj.向上(的)   0   0
uranium   n.铀   0   0
urban   adj.都市的，城市的   0   0
urge   v.敦促，推动 n.冲动   0   0
urgent   adj.紧迫的，紧急的   0   0
urgently   adv.紧急地   0   0
us   pron.我们(宾格)   0   0
usage   n.使用，惯用法   0   0
use   v.使用 n.用途，利用   0   0
useful   adj.有用的，有益的   0   0
usefulness   n.用处，有效性   0   0
useless   adj.无用的   0   0
user   n.使用者，用户   0   0
usual   adj.通常的，习惯性的   0   0
usually   adv.通常，平常   0   0
utensil   n.用具，器皿   0   0
utility   n.效用，公用事业   0   0
utilization   n.利用   0   0
utilize   v.利用   0   0
utmost   adj.最大的，最高的   0   0
utter   v.说,发声 adj.完全的   0   0
utterance   n.说话   0   0
