0
kangaroo   n.带鼠   0   0
keen   adj.锋利的，敏捷的   0   0
keep   v.保持，保留，防止   0   0
keeper   n.保管人，管理员   0   0
keeping   n.一致，协调   0   0
kernel   n.核(仁)，核心   0   0
kerosene   n.煤油   0   0
kettle   n.水壶   0   0
key   n.钥匙，关键，答案   0   0
keyboard   n.键盘   0   0
keyhole   n.钥匙孔   0   0
kick   v.,n.踢   0   0
kid   n.小孩 v.哄骗   0   0
kidnap   v.绑架，诱拐   0   0
kidnaper   n.绑架者   0   0
kidney   n.肾，腰子   0   0
kill   v.杀死，杀害   0   0
killer   n.杀人者，杀手   0   0
kilo   n.(缩)公斤，公里   0   0
kilogram   n.公斤   0   0
kilometer   n.公里   0   0
kilowatt   n.千瓦   0   0
kind   n.种类 adj.仁慈的   0   0
kindergarten   n.幼儿园   0   0
kindle   v.点燃，激发   0   0
kindly   adv.仁慈地，好心地   0   0
kindness   n.仁慈，好意   0   0
king   n.国王   0   0
kingdom   n.王国   0   0
kiss   v.接吻，亲嘴   0   0
kit   n.全套工具、装备   0   0
kitchen   n.厨房   0   0
kite   n.风筝   0   0
knee   n.膝   0   0
kneel   v.跪下   0   0
knife   n.小刀   0   0
knight   n.骑士，爵士   0   0
knit   v.编织，皱(眉)   0   0
knob   n.球形把手   0   0
knock   v.敲，击倒 n.敲门声   0   0
knot   n.结，树节 v.打结   0   0
know   n.知道，认识，懂   0   0
know-how   n.专项技术，诀窍   0   0
knowledge   n.知识，学识   0   0
knowledgeable   adj.博学的   0   0
