0
jack   n.千斤顶，船首旗   0   0
jacket   n.短外套，茄克衫   0   0
jail   n.监狱 v.监禁   0   0
jam   n.果酱，阻塞   0   0
january   n.一月   0   0
japan   n.日本   0   0
japanese   n.,adj.日本人(的)   0   0
jar   n.罐子，坛子，刺耳声   0   0
jaw   n.下颚，下巴   0   0
jazz   n.爵士乐   0   0
jealousy   n.妒忌   0   0
jealous   adj.妒忌的   0   0
jeans   n.牛仔裤   0   0
jelly   n.果冻   0   0
jeep   n.吉普车   0   0
jeopardize   v.危及   0   0
jerk   n.颠簸，猛推   0   0
jesus   n.耶稣   0   0
jet   v.喷射 v.喷气发动机   0   0
jettison   n.投弃货物 v.抛弃   0   0
jew   n.犹太人   0   0
jewel   n.珠宝，宝石   0   0
jewelry   n.珠宝(总称)   0   0
jewish   adj.犹太人的   0   0
jingle   v.,n.(发)叮当声   0   0
job   n.工作，活儿，差使   0   0
jobless   adj.失业的   0   0
jog   v.慢跑   0   0
join   v.连接，加入，参加   0   0
joint   n.接着，关节   0   0
joke   n.笑话 v.开玩笑   0   0
jot   v.匆匆记下   0   0
journal   n.刊物，日志   0   0
journalism   n.新闻体   0   0
journalist   n.记者   0   0
journey   n.旅行，旅程   0   0
joy   n.高兴，乐事   0   0
joyful   adj.令人高兴的   0   0
judge   n.法官，裁判 v.审判   0   0
judgement   n.判决，意见，判断   0   0
jug   n.大壶，罐   0   0
juice   n.汁，液   0   0
juicy   adj.多汁的   0   0
july   n.七月   0   0
jumble   n.搞乱，混乱   0   0
jump   v.,n.跳跃，跳动   0   0
junction   n.连接，结合处，接头   0   0
june   n.六月   0   0
jungle   n.密林，热带丛林   0   0
junior   adj.年少的，低级的   0   0
jupiter   n.木屋   0   0
jury   n.陪审团，评奖团   0   0
just   adv.只，刚才   0   0
justice   n.公正，正直   0   0
justifiable   adj.有理由的   0   0
justification   n.辩护，正当理由   0   0
justify   v.认为...有理   0   0
juvenile   adj.青少年的   0   0
