0
habit   n.习惯   0   0
habitual   adj.习惯的，惯常的   0   0
haggard   adj.消瘦的，憔悴的   0   0
haggle   n.争论，讨价还价   0   0
hail   v.欢呼 n.冰雹   0   0
hair   n.头发，毛发   0   0
haircut   n.理发   0   0
hairdress   n.美发   0   0
hairpin   n.发卡   0   0
hairy   adj.毛发的，多毛的   0   0
half   n.一半 adv.一半   0   0
halfway   adv.半途   0   0
hall   n.大厅，会堂   0   0
hallmark   n.标志   0   0
halt   v.,n.停住   0   0
halve   v.对分，减半   0   0
ham   n.火腿   0   0
hamburger   n.汉堡包   0   0
hammer   n.锤子 v.锤击   0   0
hamper   v.妨碍   0   0
hand   n.手，人手，指针   0   0
handbag   n.手袋，手提包   0   0
handbook   n.手册   0   0
handful   adj.一把，少量   0   0
handicap   n.障碍 v.妨碍   0   0
handicapped   adj.有残疾的   0   0
handkerchief   n.手帕，手绢   0   0
handle   v.处理，对待 n.把   0   0
handling   n.处理，管理   0   0
handsome   adj.漂亮的，得体   0   0
handout   n.分发物(印刷品等)   0   0
handwriting   n.手写，书法，笔迹   0   0
handy   adj.方便的，近便的   0   0
hang   v.挂，垂，绞死   0   0
hanger   n.衣架   0   0
haphazard   adj.偶然的   0   0
happen   v.发生，碰巧，出事   0   0
happening   n.事件   0   0
happily   adv.幸运地   0   0
happiness   n.幸福   0   0
happy   adj.高兴的，幸运的   0   0
harbor   n.港口，停泊处   0   0
hard   adj.硬的 adv.努力   0   0
harden   v.硬化，变硬   0   0
hardly   adv.刚刚，几乎不   0   0
hardness   n.坚硬，硬度   0   0
hardship   n.困苦，艰难   0   0
hardware   n.硬件   0   0
hard-working   adj.勤劳的   0   0
hardy   adj.耐劳的，耐寒的   0   0
hare   n.野兔   0   0
harm   n.,v.损害，伤害   0   0
harmful   adj.有害的   0   0
harmless   adj.无害的，无恶意的   0   0
harmonious   adj.和睦的，和谐的   0   0
harmony   n.融洽，和谐   0   0
harness   v.支配，治理   0   0
harsh   adj.刺耳的，严厉的   0   0
harvest   v.,n.收获   0   0
haste   n.急忙，急速   0   0
hasten   v.赶紧，加快   0   0
hasty   adj.急促的，草率的   0   0
hat   n.帽子   0   0
hatch   v.孵化，策划   0   0
hate   v.恨，憎恶，不愿意   0   0
hateful   adj.可恨的，可憎的   0   0
hatred   n.憎恶，敌意   0   0
haughty   adj.傲慢的   0   0
haul   v.拉，拖 n.获得量   0   0
haunt   v.萦绕，作崇   0   0
have   v.有，不得不，拿   0   0
hawk   n.鹰隼   0   0
hay   n.干草   0   0
hazard   n.危险   0   0
he   pron.他   0   0
head   n.头，领导 v.率领   0   0
headache   n.头疼，头疼的事   0   0
heading   n.标题   0   0
headline   n.通栏标题   0   0
headlong   ad.头向前地，卤莽地   0   0
headmaster   n.(中、小学)校长   0   0
headquarters   n.司令部，总部   0   0
heal   v.治愈，医治   0   0
health   n.健康(状况)   0   0
healthy   adj.健康的   0   0
heap   n.一堆，许多 v.堆积   0   0
hear   v.听见，听取，听说   0   0
hearing   n.听力，审讯   0   0
heart   n.心，心肠，中心   0   0
heartfelt   adj.衷心的   0   0
hearth   n.壁炉，炉边   0   0
heartily   adv.精神饱满的   0   0
hearty   adj.衷心的，热诚的   0   0
heat   n.热，热烈 v.加热   0   0
heated   n.激烈的，热烈的   0   0
heating   n.取暖，供热   0   0
heave   v.起伏，举起，叹气   0   0
heaven   n.天空，天堂   0   0
heavily   adv.重，沉重的   0   0
heavy   adj.星的，繁重的   0   0
hedge   n.树篱，套期保值   0   0
hedgehog   n.刺猬   0   0
heed   v.,n.注意，留心   0   0
heel   n.后跟   0   0
height   n.高度，顶点   0   0
heighten   v.加高，增加   0   0
heir   n.继承人   0   0
heiress   n.女继承人   0   0
helicopter   n.直升飞机   0   0
hell   n.地狱，苦境   0   0
hello   int.喂，你好   0   0
helmet   n.头盔   0   0
help   v.,n.帮助，有助于   0   0
helpful   adj.有用的   0   0
helpless   adj.无用的，无效的   0   0
hemisphere   n.半球，领域   0   0
hen   n.母鸡   0   0
hence   adv.因此，由此   0   0
henceforth   adv.今后   0   0
her   pron.她的，她(宾格)   0   0
herald   n.先兆，先驱   0   0
herb   n.药草   0   0
herbal   adj.草药的   0   0
herd   v.放牧 n.(牲畜)群   0   0
here   adv.这里，在这里   0   0
hereafter   adv.此后   0   0
hereby   adv.以此   0   0
herein   adv.在此   0   0
hereinafter   adv.以下   0   0
hereof   adv.在本文件中   0   0
hereto   adv.对此   0   0
herewith   adv.与此一道   0   0
hero   n.英雄，男主角   0   0
heroic   adj.英雄的，英勇的   0   0
heroine   n.女英雄，女主角   0   0
herself   pron.她自己   0   0
hesitant   adj.犹豫的   0   0
hesitate   v.犹豫，不想   0   0
hesitation   n.犹豫，踌躇   0   0
hey   int.嗨   0   0
hi   int.嗨，你好   0   0
hide   v.躲藏，隐瞒，掩盖   0   0
hideous   adj.骇人听闻的   0   0
high   adj.高的，高度的   0   0
highland   n.高地   0   0
highly   adv.十分，赞许地   0   0
highway   n.公路   0   0
hijack   v.拦路抢劫   0   0
hijacker   n.栏路抢劫者   0   0
hike   n.,v.徒步郊游   0   0
hill   n.小山，丘陵   0   0
hillside   n.山坡，山腰   0   0
him   pron.他(宾格)   0   0
himself   pron.他自己   0   0
hind   adj.后面的，后部的   0   0
hinder   v.妨碍，阻止   0   0
hinterland   n.内地   0   0
hindrance   n.障碍(物)   0   0
hinge   n.合页，绞链   0   0
hint   n.暗示，迹象 v.暗示   0   0
hip   n.臀部   0   0
hire   v.租，雇佣   0   0
his   pron.他的   0   0
hiss   v.,n.(发)嘶嘶声   0   0
historian   n.历史学家   0   0
historic   adj.历史性的   0   0
historical   adj.历史的   0   0
history   n.历史   0   0
hit   v.打，碰，打击   0   0
hitchhike   v.搭车旅行   0   0
hitherto   adv.迄今，到那时   0   0
hoarse   adj.嘶哑的，沙哑的   0   0
hobby   n.嗜好，业余爱好   0   0
hoe   n.锄头 v.锄   0   0
hoist   v.升起，扯起   0   0
hold   v.握住，容纳 n.控制   0   0
holder   n.持有人，支架   0   0
holding   n.支持，控股   0   0
hold-up   n.停顿，耽误   0   0
hole   n.洞，孔穴   0   0
holiday   n.节日，假日   0   0
hollow   adj.空心的，凹陷的   0   0
holy   adj.神圣的，圣洁的   0   0
home   n.家，故乡 adv.回家   0   0
homeless   adj.无家可归的   0   0
homely   adj.家常的，简便的   0   0
homesick   n.思乡的   0   0
homework   n.家庭作业   0   0
homogenous   adj.同质的，同类的   0   0
honest   adj.诚实的，正直的   0   0
honesty   n.诚实，正直   0   0
honey   n.蜂蜜   0   0
honeymoon   n.蜜月   0   0
honor   n.荣誉，名誉 v.尊敬   0   0
honorable   adj.可尊敬的，体面的   0   0
hook   n.钩 v.钩住   0   0
hop   v.跳跃   0   0
hope   v.,n.希望，愿望   0   0
hopeful   adj.有希望的   0   0
hopefully   adv.可以指望   0   0
hopeless   adj.无望的，绝望的   0   0
horizon   n.地平线，视野   0   0
horizontal   adj.水平的，横的   0   0
horn   n.角，触须，号角   0   0
horrible   adj.可怕的，糟透的   0   0
horrify   v.使恐惧   0   0
horror   n.恐惧，恐怖   0   0
horse   n.马   0   0
horsepower   n.马力   0   0
hose   n.软水管，长统袜   0   0
hospital   n.医院   0   0
hospitable   adj.好客的   0   0
hospitality   n.好客，款待   0   0
host   n.一大群，男主人   0   0
hostage   n.人质   0   0
hostel   n.廉价旅馆   0   0
hostess   n.女主人，女主持人   0   0
hostile   adj.怀敌意的   0   0
hot   adj.热的，辣的   0   0
hotdog   n.热狗(面包)   0   0
hotel   n.旅馆   0   0
hotelling   n.旅馆业   0   0
hour   n.小时，点钟   0   0
hound   n.猎狗 v.追逐   0   0
house   n.房子，剧场，家   0   0
household   n.户 adj.家庭的   0   0
housekeeper   n.看门人，保姆   0   0
housewife   n.家庭主妇   0   0
housework   n.家务   0   0
hover   v.翱翔，盘旋，徘徊   0   0
how   adv.如何，多么，怎样   0   0
however   adv.可是，然而   0   0
howl   v.,n.嚎叫，嚎哭   0   0
hug   v.,n.紧抱   0   0
huge   adj.庞大的，巨大的   0   0
hull   n.豆荚，外壳，船壳   0   0
hum   v.哼，嗡嗡叫   0   0
human   adj.人的，人类的   0   0
humane   adj.人慈的   0   0
humanism   n.人道主义   0   0
humanitarian   n.慈善家   0   0
humanity   n.人类，人性   0   0
humble   adj.谦卑的，卑贱的   0   0
humid   adj.湿的，潮湿的   0   0
humidity   n.湿度，湿气   0   0
humiliate   v.使受辱   0   0
humiliation   n.羞辱，耻辱   0   0
humor   n.幽默(感)，心情   0   0
humorous   adj.幽默的，诙谐的   0   0
hundred   num.一百   0   0
hundredth   num.第一面，百分之一   0   0
hunger   n.饥饿，渴望   0   0
hungry   adj.饥饿的，渴望的   0   0
hunt   v.打猎，搜索，寻找   0   0
hunter   n.猎人，搜索者   0   0
hurl   v.猛掷，猛投   0   0
hurrah   int.好哇 n.喝彩声   0   0
hurry   v.赶紧，急忙，急运   0   0
hurt   v.使受伤，使痛，伤害   0   0
husband   n.丈夫   0   0
hush   int.嘘 n.沉默   0   0
hustle   v.奔忙   0   0
hut   n.小屋   0   0
hydraulic   adj.水力的，液压的   0   0
hydroelectric   adj.水电的   0   0
hydrogen   n.氢，氢气   0   0
hygiene   n.卫生   0   0
hymn   n.赞美诗，赞歌   0   0
hypocrisy   n.伪善   0   0
hypothesis   n.假设，前提   0   0
hypothetical   adj.假设的   0   0
hysteria   n.歇斯底里，癔病   0   0
hysteric   adj.亢奋的   0   0
