0
rabbit   n.兔子   0   0
race   n.种族，竞赛 v.赛跑   0   0
racial   adj.种族的，人种的   0   0
rack   n.搁班，行李架   0   0
racket   n.喧闹，球拍   0   0
radar   n.雷达   0   0
radial   adj.放射的，辐射的   0   0
radiant   adj.发光的   0   0
radiate   v.辐射，放射，发光   0   0
radiation   n.辐射，发射   0   0
radical   adj.基本的，激进的   0   0
radio   n.无线电，收音机   0   0
radioactive   adj.放射性的   0   0
radioactivity   n.放射性   0   0
radish   n.萝卜   0   0
radium   n.镭   0   0
radius   n.半径，活动范围   0   0
rag   n.抹布，破衣服   0   0
rage   n.盛怒，流行 v.大怒   0   0
raid   v.袭击，搜查   0   0
rail   n.栏杆，钢轨   0   0
railroad   n.铁路   0   0
railway   n.铁路，铁路公司   0   0
rain   n.雨 v.下雨   0   0
rainbow   n.虹   0   0
raincoat   n.雨衣   0   0
rainfall   n.下雨，降雨量   0   0
rainy   adj.有雨的   0   0
raise   v.举起，提高，唤起   0   0
rake   n.,v.耙   0   0
rally   n.,v.集会   0   0
ramble   n.漫步   0   0
ranch   n.牧场   0   0
random   adj.胡乱的，随便的   0   0
range   n.射程，范围，一系列   0   0
rank   n.军衔，等级 v.排列   0   0
rapid   adj.快的，急速的   0   0
rapidly   adv.迅速地，急速地   0   0
rapture   n.狂喜   0   0
rare   adj.稀有的，罕见的   0   0
rarely   adv.难得，少有   0   0
rascal   n.无赖，恶棍   0   0
rash   adj.轻率的，鲁莽的   0   0
rat   n.老鼠，耗子   0   0
rate   n.比率，速度，费率   0   0
rather   adv.相当，颇，宁愿   0   0
ratification   n.批准，认可   0   0
ratify   v.批准，认可，追认   0   0
ratio   n.比，比率   0   0
ration   n.理性   0   0
rational   adj.合理的，有理性的   0   0
rattle   v.,n.嘎吱响   0   0
ravage   n.破坏，暴力   0   0
raw   adj.生的，未加工的   0   0
ray   n.光线，射线，辐射   0   0
razor   n.剃须刀   0   0
re   prep.关于   0   0
reach   v.到达，伸手，够到   0   0
react   v.反应，起反应，反抗   0   0
reaction   n.反应，反动   0   0
reactionary   adj.反动的   0   0
reactor   n.反应堆   0   0
read   v.读，阅读，朗诵   0   0
reader   n.读者，读本   0   0
readily   adv.容易地，乐意地   0   0
reading   n.读书，读数，读本   0   0
ready   adj.准备好的，乐意的   0   0
real   adj.真的，纯粹的   0   0
realism   n.现实主义，写实主义   0   0
realist   n.adj.现实主义者(的)   0   0
realistic   adj.现实的，实在的   0   0
reality   n.现实，真实性   0   0
realization   n.实现   0   0
realize   v.认识到，实现，执行   0   0
really   adv.真正地，果然   0   0
realm   n.王国，领域   0   0
reap   v.收割，收获   0   0
rear   n.后部 adj.后面的   0   0
reason   n.原因，理由 v.推论   0   0
reasonable   adj.有理的，讲理的   0   0
reasonably   adv.合理地，适当地   0   0
reassure   v.使...放心   0   0
rebate   n.回扣，折扣   0   0
rebel   v.起义，反叛   0   0
rebellion   n.叛乱，起义   0   0
rebuke   v.斥责   0   0
recall   v.想到，召回，取消   0   0
recede   v.归还，撤回   0   0
receipt   n.收到，收据   0   0
receive   v.收到，接待， 接见   0   0
receiver   n.受领人，听筒   0   0
recent   adj.近来的，新近的   0   0
recently   adv.近来，最近   0   0
reception   n.招待会，欢迎会   0   0
receptionist   n.接待员   0   0
recession   n.衰退   0   0
recipe   n.菜谱，配方   0   0
recipient   n.接受者   0   0
reciprocal   adj.相互的，互易的   0   0
recitation   n.朗诵   0   0
recite   v.背诵，朗诵，讲述   0   0
reckless   adj.鲁莽的   0   0
reckon   v.数，计算，认为   0   0
reclaim   v.收回，开垦   0   0
recognition   n.认出，承认   0   0
recognize   v.认出，识别，承认   0   0
recollect   v.回忆，追想   0   0
recollection   n.回忆   0   0
recommend   v.推荐，介绍，劝告   0   0
recommendation   n.推荐(书)   0   0
recompense   v.,n.回报，赔偿   0   0
reconcile   v.使和好，调停   0   0
reconnaissance   n.探索，勘查   0   0
record   v.记录，录音 n.记录   0   0
recorder   n.记录员，录音机   0   0
recourse   n.求助   0   0
recover   v.寻回，恢复，复原   0   0
recovery   n.寻回，恢复   0   0
recreation   n.消遣，文娱活动   0   0
recruit   v.招募，征兵   0   0
recruitment   n.招募   0   0
rectangle   n.长方形，矩形   0   0
rectification   n.纠正   0   0
rectify   v.纠正，订正   0   0
recur   v.再发生，复发   0   0
recurrence   n.再发生   0   0
red   adj.红的 n.红色   0   0
redeem   v.买回，赎回   0   0
redound   v.增加，促进   0   0
reduce   v.减少，贬为   0   0
reduction   n.减少，缩减   0   0
reed   n.芦苇，芦笛   0   0
reef   n.礁石   0   0
reel   n.卷，线轴 v.卷绕   0   0
reexport   v.再出口   0   0
refer   v.查阅，提及   0   0
referee   n.裁判员   0   0
reference   n.参考(书)，推荐书   0   0
referent   n.被谈到的事   0   0
refine   v.精炼，精制   0   0
refined   adj.精炼的，精的   0   0
refinement   n.精炼   0   0
refinery   n.精炼厂   0   0
reflect   v.反射，反映，反省   0   0
reflection   n.反射，映象，反思   0   0
reform   v.,n.改革，改造   0   0
refrain   v.抑制   0   0
refresh   v.使清醒，使振作   0   0
refreshment   n.茶点，饮料   0   0
refrigerator   n.冰箱   0   0
refuge   n.藏身处，避难所   0   0
refugee   n.难民   0   0
refund   v.再投资,归还 n.退款   0   0
refusal   n.拒绝，谢绝   0   0
refuse   v.拒绝 n.渣，废物   0   0
refute   v.驳斥，反驳   0   0
regard   v.认为，尊重，关于   0   0
regarding   prep.关于   0   0
regardless   adj.,adv.不顾的(地)   0   0
regime   n.政体，制度   0   0
regiment   n.团，大量   0   0
region   n.地区，地域，地带   0   0
regional   adj.地区的，区域的   0   0
regionalization   n.区域化   0   0
regionalize   v.使区域化   0   0
register   v.登记，注册，挂号   0   0
registered   adj.登记的，注册的   0   0
registration   n.登记   0   0
regret   v.懊悔 n.遗憾   0   0
regretful   adj.遗憾的   0   0
regretfully   adv.遗憾地   0   0
regrettable   adj.可遗憾的   0   0
regular   adj.正常的，有规律的   0   0
regularity   n.整齐，规律   0   0
regularly   adv.整齐地，有规律地   0   0
regulate   v.管理，调整   0   0
regulation   n.管理，规则，法令   0   0
rehearsal   n.排练，彩排   0   0
rehearse   v.排练   0   0
reign   n.统治 v.统治，盛行   0   0
reimburse   v.偿还   0   0
reimbursement   n.偿还，还款   0   0
rein   n.缰绳 v.驾驭，约束   0   0
reinforce   v.增援，加强   0   0
reinforcement   n.加强，援兵   0   0
reiterate   v.重申   0   0
reject   v.拒绝   0   0
rejection   n.拒绝   0   0
rejoice   v.欢欣，使喜悦   0   0
relate   v.叙述，关联，涉及   0   0
related   adj.与...有关的   0   0
relation   n.关系，得害关系   0   0
relationship   n.关系，联系   0   0
relative   n.亲戚 adj.有关系的   0   0
relatively   adv.比较地，相对地   0   0
relativity   n.相关性，相对论   0   0
relax   v.松弛，舒张，休息   0   0
relaxation   n.放松，松弛   0   0
relay   v.转播，中继   0   0
release   v.释放，透露，发行   0   0
relevant   adj.相关的   0   0
reliability   n.可靠性   0   0
reliable   adj.可靠的，可依赖的   0   0
reliance   n.依靠，信赖   0   0
relief   n.解除，减轻，安慰   0   0
relieve   v.解除，减轻，换班   0   0
religion   n.宗教(信仰)   0   0
religious   adj.宗教的，信教的   0   0
relinquish   v.放弃   0   0
relish   n.味道，风味   0   0
reluctance   n.不愿，勉强   0   0
reluctant   adj.不愿的，勉强的   0   0
rely   v.依靠，依赖   0   0
remain   n.依旧的，剩余，逗留   0   0
remainder   n.剩余部分   0   0
remains   n.剩余，遗迹，遗体   0   0
remark   v.说起，留意，评论   0   0
remarkable   adj.显著的，异常的   0   0
remedy   n.药品，治疗(方法)   0   0
remember   v.记得，想起，记住   0   0
remembrance   n.记得，记忆   0   0
remind   v.提醒，使想起   0   0
reminiscence   n.回想，回忆，怀念   0   0
reminiscent   adj.使想起...的   0   0
remit   v.汇款，汇出   0   0
remittance   n.汇款   0   0
remnant   n.残余，残迹   0   0
remote   adj.遥远的，疏远的   0   0
remoteness   n.遥远，疏远   0   0
removal   n.移开，除去，移居   0   0
remove   v.移开，除去，罢免   0   0
remuneration   n.列举   0   0
renaissance   n.(文艺)复兴   0   0
render   v.使得，给予，翻译   0   0
renew   v.更新，续期   0   0
renewable   adj.可续期的   0   0
renewal   n.更新，续订   0   0
rent   n.租金 v.租   0   0
rental   adj.租借的，租金的   0   0
repair   v.修理，纠正   0   0
repairmen   n.修理，修补，纠正   0   0
repay   v.偿付，报答   0   0
repeal   v.,n.撤消，废除   0   0
repeat   v.重复，背诵   0   0
repeatedly   adj.重复地，一再地   0   0
repel   v.驱逐，推开   0   0
repent   v.后悔，悔悟   0   0
repetition   n.重复，反复，复制   0   0
repetitive   adj.重复的，反复的   0   0
replace   v.归还原处，代替   0   0
replacement   n.归回，代替(物)   0   0
replenish   v.补充   0   0
replenishment   n.补充(货物)   0   0
reply   v.,n.回答，答复   0   0
report   v.报告，报导，报道   0   0
reportage   n.报告文学   0   0
reporter   n.报告人，记者   0   0
represent   v.表示，表现，代表   0   0
representation   n.表示，代表   0   0
representative   adj.代表   0   0
reproach   v.,n.责备，指责   0   0
reproduce   v.复制，再造，繁殖   0   0
reproduction   n.复制(器)   0   0
reptile   n.爬行动物   0   0
republic   n.共和国   0   0
republican   n.,adj.共和(派)的   0   0
repudiate   n.拒绝接收，拒付   0   0
reputable   adj.声誉好的   0   0
reputation   n.名声，声誉   0   0
repute   n.声誉 v.看作，评价   0   0
request   n.请求   0   0
require   v.需要，请求   0   0
requirement   n.要求，需要   0   0
requisite   adj.必要的，需要的   0   0
rescind   adj.退还，取消   0   0
rescue   v.,n.救援，救出   0   0
research   v.,n.调查，研究   0   0
researcher   n.调查者，研究人员   0   0
resemblance   n.相仿，类似   0   0
resemble   v.象，类似   0   0
resent   v.不满于，愤恨   0   0
resentful   adj.不满的，怨恨的   0   0
resentment   n.不满，愤恨   0   0
reservation   n.贮存物，预定   0   0
reserve   v.贮备，保存，预定   0   0
reservoir   n.水库   0   0
reside   v.居住，存在   0   0
residence   n.住宅，住处   0   0
resident   n.居民   0   0
residual   adj.剩余的   0   0
resign   v.辞职   0   0
resignation   n.辞职   0   0
resist   v.抵抗，忍住   0   0
resistance   n.抵抗，阻力，反感   0   0
resistant   n.抵抗的，反对的   0   0
resolute   adj.坚决的，果断的   0   0
resolution   n.决议，决定，决心   0   0
resolutely   adj.坚决地，果断地   0   0
resolve   v.决定，解决，分解   0   0
resort   v.诉诸，求助 n.胜地   0   0
resource   n.资源，机智，策略   0   0
respect   v.尊重，重视，尊敬   0   0
respectable   adj.可敬的   0   0
respectful   adj.恭敬的，尊重的   0   0
respectfully   adv.恭敬地   0   0
respective   adj.各自的，各个的   0   0
respectively   adv.各自，分别地   0   0
respond   v.答复，反应，响应   0   0
response   v.答复，反应，响应   0   0
responsibility   n.责任，职责   0   0
responsible   adj.负责的，尽责的   0   0
rest   v.休息 n.休息，休止   0   0
restaurant   n.饭馆，餐厅   0   0
restless   adj.没休息的，不安的   0   0
restock   v.重新进货   0   0
restore   v.恢复，复原，归还   0   0
restrain   v.抑制，制止   0   0
restraint   n.抑制，自制   0   0
restrict   v.限制，约束   0   0
restriction   n.限制，约束   0   0
restrictive   n.限制的   0   0
result   n.结果，效果，后果   0   0
resultant   adj.结果的，合成的   0   0
resume   v.继续，再度   0   0
resume   n.个人简历，摘要   0   0
retail   v.,n.零售   0   0
retailer   n.零售商   0   0
retain   v.保留，记忆，雇   0   0
retell   v.复述   0   0
retire   v.退休，退隐，就寝   0   0
retirement   n.退休，隐居   0   0
retort   v.反驳，回嘴   0   0
retreat   v.,n.退却，撤退   0   0
retroactive   adj.可追溯的   0   0
return   v.回归，归还 n.归来   0   0
reveal   v.揭露，透露，显示   0   0
revenge   n.,v.报仇，报复   0   0
revenue   n.岁入，收入   0   0
reverence   n.尊敬，崇敬   0   0
reverse   adj.颠倒的，相反的   0   0
revert   v.回复到，重议   0   0
review   v.,n.检查，复习   0   0
revise   v.修改，校订，复习   0   0
revision   n.修改，修订   0   0
revival   n.复苏，再生   0   0
revive   v.苏醒，复苏   0   0
revoke   v.废除，取消，撤回   0   0
revolt   n.,v.起义，反抗   0   0
revolution   n.革命，变革   0   0
revolutionary   adj.革命的   0   0
revolve   v.旋转，绕行   0   0
reward   n.报酬，酬金，报答   0   0
rewarding   adj.有收获的   0   0
rheumatism   n.风湿病   0   0
rhyme   n.韵，脚韵   0   0
rhythm   n.韵律，节奏   0   0
rib   n.肋，肋骨   0   0
ribbon   n.带子，缎带   0   0
rice   n.稻子，大米，米饭   0   0
rich   adj.富的，富饶的   0   0
richness   n.富饶，富有   0   0
rid   v.使摆脱，使除去   0   0
riddle   n.谜语，谜   0   0
ride   v.乘坐，骑 n.乘车   0   0
ridge   n.山脉，岭，屋脊   0   0
ridicule   n.,v.嘲笑，挖苦   0   0
rediculous   adj.可笑的，荒谬的   0   0
rifle   n.步枪，来福枪   0   0
right   adj.正确的，右的   0   0
righteous   adj.正直的，公正的   0   0
rigid   adj.僵硬的，严厉的   0   0
rigidity   adj.僵硬，严厉，死板   0   0
rigor   n.严格，严肃   0   0
rigorous   adj.严厉的，酷热的   0   0
rim   n.边缘，眼镜架   0   0
ring   v.鸣，打铃，打电话   0   0
rinse   v.漂洗，润丝   0   0
riot   n.,v.骚乱，闹事   0   0
riotous   adj.骚乱的，喧扰的   0   0
rip   v.撕破，扯碎   0   0
ripe   adj.熟的，成熟的   0   0
ripen   v.成熟，变热   0   0
ripple   n.波纹，涟漪   0   0
rise   v.起立，晋级，增长   0   0
risk   n.,v.冒险，风险   0   0
risky   adj.有风险的，冒险的   0   0
rival   n.对手 adj.竞争的   0   0
rivalry   n.竞争，对抗   0   0
river   n.河，江   0   0
road   n.道路，路   0   0
roam   v.漫步，漫游   0   0
roar   v.,n.吼，怒号，轰鸣   0   0
roast   v.烤，炙 adj.烘烤的   0   0
rob   v.抢劫，偷   0   0
robber   n.强盗   0   0
robbery   n.抢劫(案)   0   0
robe   n.长袍   0   0
robot   n.机器人   0   0
robust   adj.强壮的，粗壮的   0   0
rock   n.岩石 v.摇摆，摇晃   0   0
rock-bottom   n.adj.(价格)最低(的)   0   0
rocket   n.火箭   0   0
rod   n.小棒，竿   0   0
role   n.角色，作用   0   0
roll   v.滚，卷，转动，压平   0   0
roller   n.滚筒，压路机   0   0
roman   adj.古罗马的n.罗马人   0   0
romance   n.浪漫文学，浪漫故事   0   0
romantic   adj.浪漫的，好幻想的   0   0
romanticism   n.浪漫主义   0   0
rome   n.罗马   0   0
roof   n.屋顶   0   0
room   n.房间，室，空间   0   0
rooster   n.公鸡   0   0
root   n.根，根源   0   0
rope   n.绳，索   0   0
rose   n.玫瑰，蔷薇   0   0
rosy   adj.玫瑰红的，幻想的   0   0
rot   v.腐烂，枯朽   0   0
rotary   adj.旋转的   0   0
rotate   v.旋转，循环，转流   0   0
rotation   n.旋转，更替   0   0
rotten   adj.腐烂的，发臭的   0   0
rough   adj.粗糙的，粗野的   0   0
roughly   adv.大约地，粗略地   0   0
round   adj.圆形的adv.在周围   0   0
roundabout   adj.迂回的，转弯抹角   0   0
rouse   v.唤醒，惊起   0   0
route   n.路线，航线   0   0
routine   n.日常事务   0   0
row   v.划船 n.排，列   0   0
royal   adj.王室的，皇家的   0   0
royalty   n.皇家，皇族   0   0
rub   v.擦，摩擦，涂抹   0   0
rubber   n.橡胶，橡皮   0   0
rubbish   n.垃圾，废物，废话   0   0
rude   adj.粗鲁的，下流的   0   0
rug   n.小块地毯   0   0
ruin   n.废墟 v.毁坏，破坏   0   0
ruinous   adj.毁灭性的   0   0
rule   n.法规，常规，统治   0   0
ruler   n.统治者，直尺   0   0
ruling   adj.统治的   0   0
rumor   n.,v.传闻，谣言   0   0
run   v.跑，竞选，行驶   0   0
runner   n.奔跑者，赛跑运动员   0   0
running   adj.连续的 n.经营   0   0
rural   adj.农村的   0   0
rush   v.,n.冲，冲进   0   0
russia   n.俄罗斯，俄语   0   0
russian   n.,adj.俄国(人)的   0   0
rust   n.锈 v.生锈，衰退   0   0
rusty   adj.生锈的   0   0
ruthless   adj.无情的，冷酷的   0   0
